INFO - SimCLR - Running command 'main'
INFO - SimCLR - Started run with ID "651"
Successfully loaded labels from /home/yonis/histogenomics-msc-2019/yoni-code/MsiPrediction/metadata/tcga/brca_dx/data_tcga_brca_dxwith_ddr_labels_and_splits.csv, it has 4026308 files.
We use a train split of fold 1 of 2200481 files.
Successfully loaded labels from /home/yonis/histogenomics-msc-2019/yoni-code/MsiPrediction/metadata/tcga/brca_dx/data_tcga_brca_dxwith_ddr_labels_and_splits.csv, it has 4026308 files.
We use a test split of fold 1 of 947582 files.
Successfully loaded labels from /home/yonis/histogenomics-msc-2019/yoni-code/MsiPrediction/metadata/tcga/brca_dx/data_tcga_brca_dxwith_ddr_labels_and_splits.csv, it has 4026308 files.
We use a val split of fold 1 of 490680 files.
### Loading model from: ./logs/pretrain/585/checkpoint_68040.tar ###
[ Step 0 / 2149 ]
Step [0/2149]	 Computing features...
[ Step 1 / 2149 ]
[ Step 2 / 2149 ]
[ Step 3 / 2149 ]
[ Step 4 / 2149 ]
[ Step 5 / 2149 ]
[ Step 6 / 2149 ]
[ Step 7 / 2149 ]
[ Step 8 / 2149 ]
[ Step 9 / 2149 ]
[ Step 10 / 2149 ]
[ Step 11 / 2149 ]
[ Step 12 / 2149 ]
[ Step 13 / 2149 ]
[ Step 14 / 2149 ]
[ Step 15 / 2149 ]
[ Step 16 / 2149 ]
[ Step 17 / 2149 ]
[ Step 18 / 2149 ]
[ Step 19 / 2149 ]
[ Step 20 / 2149 ]
Step [20/2149]	 Computing features...
[ Step 21 / 2149 ]
[ Step 22 / 2149 ]
[ Step 23 / 2149 ]
[ Step 24 / 2149 ]
[ Step 25 / 2149 ]
[ Step 26 / 2149 ]
[ Step 27 / 2149 ]
[ Step 28 / 2149 ]
[ Step 29 / 2149 ]
[ Step 30 / 2149 ]
[ Step 31 / 2149 ]
[ Step 32 / 2149 ]
[ Step 33 / 2149 ]
[ Step 34 / 2149 ]
[ Step 35 / 2149 ]
[ Step 36 / 2149 ]
[ Step 37 / 2149 ]
[ Step 38 / 2149 ]
[ Step 39 / 2149 ]
[ Step 40 / 2149 ]
Step [40/2149]	 Computing features...
[ Step 41 / 2149 ]
[ Step 42 / 2149 ]
[ Step 43 / 2149 ]
[ Step 44 / 2149 ]
[ Step 45 / 2149 ]
[ Step 46 / 2149 ]
[ Step 47 / 2149 ]
[ Step 48 / 2149 ]
[ Step 49 / 2149 ]
[ Step 50 / 2149 ]
[ Step 51 / 2149 ]
[ Step 52 / 2149 ]
[ Step 53 / 2149 ]
[ Step 54 / 2149 ]
[ Step 55 / 2149 ]
[ Step 56 / 2149 ]
[ Step 57 / 2149 ]
[ Step 58 / 2149 ]
[ Step 59 / 2149 ]
[ Step 60 / 2149 ]
Step [60/2149]	 Computing features...
[ Step 61 / 2149 ]
[ Step 62 / 2149 ]
[ Step 63 / 2149 ]
[ Step 64 / 2149 ]
[ Step 65 / 2149 ]
[ Step 66 / 2149 ]
[ Step 67 / 2149 ]
[ Step 68 / 2149 ]
[ Step 69 / 2149 ]
[ Step 70 / 2149 ]
[ Step 71 / 2149 ]
[ Step 72 / 2149 ]
[ Step 73 / 2149 ]
[ Step 74 / 2149 ]
[ Step 75 / 2149 ]
[ Step 76 / 2149 ]
[ Step 77 / 2149 ]
[ Step 78 / 2149 ]
[ Step 79 / 2149 ]
[ Step 80 / 2149 ]
Step [80/2149]	 Computing features...
[ Step 81 / 2149 ]
[ Step 82 / 2149 ]
[ Step 83 / 2149 ]
[ Step 84 / 2149 ]
[ Step 85 / 2149 ]
[ Step 86 / 2149 ]
[ Step 87 / 2149 ]
[ Step 88 / 2149 ]
[ Step 89 / 2149 ]
[ Step 90 / 2149 ]
[ Step 91 / 2149 ]
[ Step 92 / 2149 ]
[ Step 93 / 2149 ]
[ Step 94 / 2149 ]
[ Step 95 / 2149 ]
[ Step 96 / 2149 ]
[ Step 97 / 2149 ]
[ Step 98 / 2149 ]
[ Step 99 / 2149 ]
[ Step 100 / 2149 ]
Step [100/2149]	 Computing features...
[ Step 101 / 2149 ]
[ Step 102 / 2149 ]
[ Step 103 / 2149 ]
[ Step 104 / 2149 ]
[ Step 105 / 2149 ]
[ Step 106 / 2149 ]
[ Step 107 / 2149 ]
[ Step 108 / 2149 ]
[ Step 109 / 2149 ]
[ Step 110 / 2149 ]
[ Step 111 / 2149 ]
[ Step 112 / 2149 ]
[ Step 113 / 2149 ]
[ Step 114 / 2149 ]
[ Step 115 / 2149 ]
[ Step 116 / 2149 ]
[ Step 117 / 2149 ]
[ Step 118 / 2149 ]
[ Step 119 / 2149 ]
[ Step 120 / 2149 ]
Step [120/2149]	 Computing features...
[ Step 121 / 2149 ]
[ Step 122 / 2149 ]
[ Step 123 / 2149 ]
[ Step 124 / 2149 ]
[ Step 125 / 2149 ]
[ Step 126 / 2149 ]
[ Step 127 / 2149 ]
[ Step 128 / 2149 ]
[ Step 129 / 2149 ]
[ Step 130 / 2149 ]
[ Step 131 / 2149 ]
[ Step 132 / 2149 ]
[ Step 133 / 2149 ]
[ Step 134 / 2149 ]
[ Step 135 / 2149 ]
[ Step 136 / 2149 ]
[ Step 137 / 2149 ]
[ Step 138 / 2149 ]
[ Step 139 / 2149 ]
[ Step 140 / 2149 ]
Step [140/2149]	 Computing features...
[ Step 141 / 2149 ]
[ Step 142 / 2149 ]
[ Step 143 / 2149 ]
[ Step 144 / 2149 ]
[ Step 145 / 2149 ]
[ Step 146 / 2149 ]
[ Step 147 / 2149 ]
[ Step 148 / 2149 ]
[ Step 149 / 2149 ]
[ Step 150 / 2149 ]
[ Step 151 / 2149 ]
[ Step 152 / 2149 ]
[ Step 153 / 2149 ]
[ Step 154 / 2149 ]
[ Step 155 / 2149 ]
[ Step 156 / 2149 ]
[ Step 157 / 2149 ]
[ Step 158 / 2149 ]
[ Step 159 / 2149 ]
[ Step 160 / 2149 ]
Step [160/2149]	 Computing features...
[ Step 161 / 2149 ]
[ Step 162 / 2149 ]
[ Step 163 / 2149 ]
[ Step 164 / 2149 ]
[ Step 165 / 2149 ]
[ Step 166 / 2149 ]
[ Step 167 / 2149 ]
[ Step 168 / 2149 ]
[ Step 169 / 2149 ]
[ Step 170 / 2149 ]
[ Step 171 / 2149 ]
[ Step 172 / 2149 ]
[ Step 173 / 2149 ]
[ Step 174 / 2149 ]
[ Step 175 / 2149 ]
[ Step 176 / 2149 ]
[ Step 177 / 2149 ]
[ Step 178 / 2149 ]
[ Step 179 / 2149 ]
[ Step 180 / 2149 ]
Step [180/2149]	 Computing features...
[ Step 181 / 2149 ]
[ Step 182 / 2149 ]
[ Step 183 / 2149 ]
[ Step 184 / 2149 ]
[ Step 185 / 2149 ]
[ Step 186 / 2149 ]
[ Step 187 / 2149 ]
[ Step 188 / 2149 ]
[ Step 189 / 2149 ]
[ Step 190 / 2149 ]
[ Step 191 / 2149 ]
[ Step 192 / 2149 ]
[ Step 193 / 2149 ]
[ Step 194 / 2149 ]
[ Step 195 / 2149 ]
[ Step 196 / 2149 ]
[ Step 197 / 2149 ]
[ Step 198 / 2149 ]
[ Step 199 / 2149 ]
[ Step 200 / 2149 ]
Step [200/2149]	 Computing features...
[ Step 201 / 2149 ]
[ Step 202 / 2149 ]
[ Step 203 / 2149 ]
[ Step 204 / 2149 ]
[ Step 205 / 2149 ]
[ Step 206 / 2149 ]
[ Step 207 / 2149 ]
[ Step 208 / 2149 ]
[ Step 209 / 2149 ]
[ Step 210 / 2149 ]
[ Step 211 / 2149 ]
[ Step 212 / 2149 ]
[ Step 213 / 2149 ]
[ Step 214 / 2149 ]
[ Step 215 / 2149 ]
[ Step 216 / 2149 ]
[ Step 217 / 2149 ]
[ Step 218 / 2149 ]
[ Step 219 / 2149 ]
[ Step 220 / 2149 ]
Step [220/2149]	 Computing features...
[ Step 221 / 2149 ]
[ Step 222 / 2149 ]
[ Step 223 / 2149 ]
[ Step 224 / 2149 ]
[ Step 225 / 2149 ]
[ Step 226 / 2149 ]
[ Step 227 / 2149 ]
[ Step 228 / 2149 ]
[ Step 229 / 2149 ]
[ Step 230 / 2149 ]
[ Step 231 / 2149 ]
[ Step 232 / 2149 ]
[ Step 233 / 2149 ]
[ Step 234 / 2149 ]
[ Step 235 / 2149 ]
[ Step 236 / 2149 ]
[ Step 237 / 2149 ]
[ Step 238 / 2149 ]
[ Step 239 / 2149 ]
[ Step 240 / 2149 ]
Step [240/2149]	 Computing features...
[ Step 241 / 2149 ]
[ Step 242 / 2149 ]
[ Step 243 / 2149 ]
[ Step 244 / 2149 ]
[ Step 245 / 2149 ]
[ Step 246 / 2149 ]
[ Step 247 / 2149 ]
[ Step 248 / 2149 ]
[ Step 249 / 2149 ]
[ Step 250 / 2149 ]
[ Step 251 / 2149 ]
[ Step 252 / 2149 ]
[ Step 253 / 2149 ]
[ Step 254 / 2149 ]
[ Step 255 / 2149 ]
[ Step 256 / 2149 ]
[ Step 257 / 2149 ]
[ Step 258 / 2149 ]
[ Step 259 / 2149 ]
[ Step 260 / 2149 ]
Step [260/2149]	 Computing features...
[ Step 261 / 2149 ]
[ Step 262 / 2149 ]
[ Step 263 / 2149 ]
[ Step 264 / 2149 ]
[ Step 265 / 2149 ]
[ Step 266 / 2149 ]
[ Step 267 / 2149 ]
[ Step 268 / 2149 ]
[ Step 269 / 2149 ]
[ Step 270 / 2149 ]
[ Step 271 / 2149 ]
[ Step 272 / 2149 ]
[ Step 273 / 2149 ]
[ Step 274 / 2149 ]
[ Step 275 / 2149 ]
[ Step 276 / 2149 ]
[ Step 277 / 2149 ]
[ Step 278 / 2149 ]
[ Step 279 / 2149 ]
[ Step 280 / 2149 ]
Step [280/2149]	 Computing features...
[ Step 281 / 2149 ]
[ Step 282 / 2149 ]
[ Step 283 / 2149 ]
[ Step 284 / 2149 ]
[ Step 285 / 2149 ]
[ Step 286 / 2149 ]
[ Step 287 / 2149 ]
[ Step 288 / 2149 ]
[ Step 289 / 2149 ]
[ Step 290 / 2149 ]
[ Step 291 / 2149 ]
[ Step 292 / 2149 ]
[ Step 293 / 2149 ]
[ Step 294 / 2149 ]
[ Step 295 / 2149 ]
[ Step 296 / 2149 ]
[ Step 297 / 2149 ]
[ Step 298 / 2149 ]
[ Step 299 / 2149 ]
[ Step 300 / 2149 ]
Step [300/2149]	 Computing features...
[ Step 301 / 2149 ]
[ Step 302 / 2149 ]
[ Step 303 / 2149 ]
[ Step 304 / 2149 ]
[ Step 305 / 2149 ]
[ Step 306 / 2149 ]
[ Step 307 / 2149 ]
[ Step 308 / 2149 ]
[ Step 309 / 2149 ]
[ Step 310 / 2149 ]
[ Step 311 / 2149 ]
[ Step 312 / 2149 ]
[ Step 313 / 2149 ]
[ Step 314 / 2149 ]
[ Step 315 / 2149 ]
[ Step 316 / 2149 ]
[ Step 317 / 2149 ]
[ Step 318 / 2149 ]
[ Step 319 / 2149 ]
[ Step 320 / 2149 ]
Step [320/2149]	 Computing features...
[ Step 321 / 2149 ]
[ Step 322 / 2149 ]
[ Step 323 / 2149 ]
[ Step 324 / 2149 ]
[ Step 325 / 2149 ]
[ Step 326 / 2149 ]
[ Step 327 / 2149 ]
[ Step 328 / 2149 ]
[ Step 329 / 2149 ]
[ Step 330 / 2149 ]
[ Step 331 / 2149 ]
[ Step 332 / 2149 ]
[ Step 333 / 2149 ]
[ Step 334 / 2149 ]
[ Step 335 / 2149 ]
[ Step 336 / 2149 ]
[ Step 337 / 2149 ]
[ Step 338 / 2149 ]
[ Step 339 / 2149 ]
[ Step 340 / 2149 ]
Step [340/2149]	 Computing features...
[ Step 341 / 2149 ]
[ Step 342 / 2149 ]
[ Step 343 / 2149 ]
[ Step 344 / 2149 ]
[ Step 345 / 2149 ]
[ Step 346 / 2149 ]
[ Step 347 / 2149 ]
[ Step 348 / 2149 ]
[ Step 349 / 2149 ]
[ Step 350 / 2149 ]
[ Step 351 / 2149 ]
[ Step 352 / 2149 ]
[ Step 353 / 2149 ]
[ Step 354 / 2149 ]
[ Step 355 / 2149 ]
[ Step 356 / 2149 ]
[ Step 357 / 2149 ]
[ Step 358 / 2149 ]
[ Step 359 / 2149 ]
[ Step 360 / 2149 ]
Step [360/2149]	 Computing features...
[ Step 361 / 2149 ]
[ Step 362 / 2149 ]
[ Step 363 / 2149 ]
[ Step 364 / 2149 ]
[ Step 365 / 2149 ]
[ Step 366 / 2149 ]
[ Step 367 / 2149 ]
[ Step 368 / 2149 ]
[ Step 369 / 2149 ]
[ Step 370 / 2149 ]
[ Step 371 / 2149 ]
[ Step 372 / 2149 ]
[ Step 373 / 2149 ]
[ Step 374 / 2149 ]
[ Step 375 / 2149 ]
[ Step 376 / 2149 ]
[ Step 377 / 2149 ]
[ Step 378 / 2149 ]
[ Step 379 / 2149 ]
[ Step 380 / 2149 ]
Step [380/2149]	 Computing features...
[ Step 381 / 2149 ]
[ Step 382 / 2149 ]
[ Step 383 / 2149 ]
[ Step 384 / 2149 ]
[ Step 385 / 2149 ]
[ Step 386 / 2149 ]
[ Step 387 / 2149 ]
[ Step 388 / 2149 ]
[ Step 389 / 2149 ]
[ Step 390 / 2149 ]
[ Step 391 / 2149 ]
[ Step 392 / 2149 ]
[ Step 393 / 2149 ]
[ Step 394 / 2149 ]
[ Step 395 / 2149 ]
[ Step 396 / 2149 ]
[ Step 397 / 2149 ]
[ Step 398 / 2149 ]
[ Step 399 / 2149 ]
[ Step 400 / 2149 ]
Step [400/2149]	 Computing features...
[ Step 401 / 2149 ]
[ Step 402 / 2149 ]
[ Step 403 / 2149 ]
[ Step 404 / 2149 ]
[ Step 405 / 2149 ]
[ Step 406 / 2149 ]
[ Step 407 / 2149 ]
[ Step 408 / 2149 ]
[ Step 409 / 2149 ]
[ Step 410 / 2149 ]
[ Step 411 / 2149 ]
[ Step 412 / 2149 ]
[ Step 413 / 2149 ]
[ Step 414 / 2149 ]
[ Step 415 / 2149 ]
[ Step 416 / 2149 ]
[ Step 417 / 2149 ]
[ Step 418 / 2149 ]
[ Step 419 / 2149 ]
[ Step 420 / 2149 ]
Step [420/2149]	 Computing features...
[ Step 421 / 2149 ]
[ Step 422 / 2149 ]
[ Step 423 / 2149 ]
[ Step 424 / 2149 ]
[ Step 425 / 2149 ]
[ Step 426 / 2149 ]
[ Step 427 / 2149 ]
[ Step 428 / 2149 ]
[ Step 429 / 2149 ]
[ Step 430 / 2149 ]
[ Step 431 / 2149 ]
[ Step 432 / 2149 ]
[ Step 433 / 2149 ]
[ Step 434 / 2149 ]
[ Step 435 / 2149 ]
[ Step 436 / 2149 ]
[ Step 437 / 2149 ]
[ Step 438 / 2149 ]
[ Step 439 / 2149 ]
[ Step 440 / 2149 ]
Step [440/2149]	 Computing features...
[ Step 441 / 2149 ]
[ Step 442 / 2149 ]
[ Step 443 / 2149 ]
[ Step 444 / 2149 ]
[ Step 445 / 2149 ]
[ Step 446 / 2149 ]
[ Step 447 / 2149 ]
[ Step 448 / 2149 ]
[ Step 449 / 2149 ]
[ Step 450 / 2149 ]
[ Step 451 / 2149 ]
[ Step 452 / 2149 ]
[ Step 453 / 2149 ]
[ Step 454 / 2149 ]
[ Step 455 / 2149 ]
[ Step 456 / 2149 ]
[ Step 457 / 2149 ]
[ Step 458 / 2149 ]
[ Step 459 / 2149 ]
[ Step 460 / 2149 ]
Step [460/2149]	 Computing features...
[ Step 461 / 2149 ]
[ Step 462 / 2149 ]
[ Step 463 / 2149 ]
[ Step 464 / 2149 ]
[ Step 465 / 2149 ]
[ Step 466 / 2149 ]
[ Step 467 / 2149 ]
[ Step 468 / 2149 ]
[ Step 469 / 2149 ]
[ Step 470 / 2149 ]
[ Step 471 / 2149 ]
[ Step 472 / 2149 ]
[ Step 473 / 2149 ]
[ Step 474 / 2149 ]
[ Step 475 / 2149 ]
[ Step 476 / 2149 ]
[ Step 477 / 2149 ]
[ Step 478 / 2149 ]
[ Step 479 / 2149 ]
[ Step 480 / 2149 ]
Step [480/2149]	 Computing features...
[ Step 481 / 2149 ]
[ Step 482 / 2149 ]
[ Step 483 / 2149 ]
[ Step 484 / 2149 ]
[ Step 485 / 2149 ]
[ Step 486 / 2149 ]
[ Step 487 / 2149 ]
[ Step 488 / 2149 ]
[ Step 489 / 2149 ]
[ Step 490 / 2149 ]
[ Step 491 / 2149 ]
[ Step 492 / 2149 ]
[ Step 493 / 2149 ]
[ Step 494 / 2149 ]
[ Step 495 / 2149 ]
[ Step 496 / 2149 ]
[ Step 497 / 2149 ]
[ Step 498 / 2149 ]
[ Step 499 / 2149 ]
[ Step 500 / 2149 ]
Step [500/2149]	 Computing features...
[ Step 501 / 2149 ]
[ Step 502 / 2149 ]
[ Step 503 / 2149 ]
[ Step 504 / 2149 ]
[ Step 505 / 2149 ]
[ Step 506 / 2149 ]
[ Step 507 / 2149 ]
[ Step 508 / 2149 ]
[ Step 509 / 2149 ]
[ Step 510 / 2149 ]
[ Step 511 / 2149 ]
[ Step 512 / 2149 ]
[ Step 513 / 2149 ]
[ Step 514 / 2149 ]
[ Step 515 / 2149 ]
[ Step 516 / 2149 ]
[ Step 517 / 2149 ]
[ Step 518 / 2149 ]
[ Step 519 / 2149 ]
[ Step 520 / 2149 ]
Step [520/2149]	 Computing features...
[ Step 521 / 2149 ]
[ Step 522 / 2149 ]
[ Step 523 / 2149 ]
[ Step 524 / 2149 ]
[ Step 525 / 2149 ]
[ Step 526 / 2149 ]
[ Step 527 / 2149 ]
[ Step 528 / 2149 ]
[ Step 529 / 2149 ]
[ Step 530 / 2149 ]
[ Step 531 / 2149 ]
[ Step 532 / 2149 ]
[ Step 533 / 2149 ]
[ Step 534 / 2149 ]
[ Step 535 / 2149 ]
[ Step 536 / 2149 ]
[ Step 537 / 2149 ]
[ Step 538 / 2149 ]
[ Step 539 / 2149 ]
[ Step 540 / 2149 ]
Step [540/2149]	 Computing features...
[ Step 541 / 2149 ]
[ Step 542 / 2149 ]
[ Step 543 / 2149 ]
[ Step 544 / 2149 ]
[ Step 545 / 2149 ]
[ Step 546 / 2149 ]
[ Step 547 / 2149 ]
[ Step 548 / 2149 ]
[ Step 549 / 2149 ]
[ Step 550 / 2149 ]
[ Step 551 / 2149 ]
[ Step 552 / 2149 ]
[ Step 553 / 2149 ]
[ Step 554 / 2149 ]
[ Step 555 / 2149 ]
[ Step 556 / 2149 ]
[ Step 557 / 2149 ]
[ Step 558 / 2149 ]
[ Step 559 / 2149 ]
[ Step 560 / 2149 ]
Step [560/2149]	 Computing features...
[ Step 561 / 2149 ]
[ Step 562 / 2149 ]
[ Step 563 / 2149 ]
[ Step 564 / 2149 ]
[ Step 565 / 2149 ]
[ Step 566 / 2149 ]
[ Step 567 / 2149 ]
[ Step 568 / 2149 ]
[ Step 569 / 2149 ]
[ Step 570 / 2149 ]
[ Step 571 / 2149 ]
[ Step 572 / 2149 ]
[ Step 573 / 2149 ]
[ Step 574 / 2149 ]
[ Step 575 / 2149 ]
[ Step 576 / 2149 ]
[ Step 577 / 2149 ]
[ Step 578 / 2149 ]
[ Step 579 / 2149 ]
[ Step 580 / 2149 ]
Step [580/2149]	 Computing features...
[ Step 581 / 2149 ]
[ Step 582 / 2149 ]
[ Step 583 / 2149 ]
[ Step 584 / 2149 ]
[ Step 585 / 2149 ]
[ Step 586 / 2149 ]
[ Step 587 / 2149 ]
[ Step 588 / 2149 ]
[ Step 589 / 2149 ]
[ Step 590 / 2149 ]
[ Step 591 / 2149 ]
[ Step 592 / 2149 ]
[ Step 593 / 2149 ]
[ Step 594 / 2149 ]
[ Step 595 / 2149 ]
[ Step 596 / 2149 ]
[ Step 597 / 2149 ]
[ Step 598 / 2149 ]
[ Step 599 / 2149 ]
[ Step 600 / 2149 ]
Step [600/2149]	 Computing features...
[ Step 601 / 2149 ]
[ Step 602 / 2149 ]
[ Step 603 / 2149 ]
[ Step 604 / 2149 ]
[ Step 605 / 2149 ]
[ Step 606 / 2149 ]
[ Step 607 / 2149 ]
[ Step 608 / 2149 ]
[ Step 609 / 2149 ]
[ Step 610 / 2149 ]
[ Step 611 / 2149 ]
[ Step 612 / 2149 ]
[ Step 613 / 2149 ]
[ Step 614 / 2149 ]
[ Step 615 / 2149 ]
[ Step 616 / 2149 ]
[ Step 617 / 2149 ]
[ Step 618 / 2149 ]
[ Step 619 / 2149 ]
[ Step 620 / 2149 ]
Step [620/2149]	 Computing features...
[ Step 621 / 2149 ]
[ Step 622 / 2149 ]
[ Step 623 / 2149 ]
[ Step 624 / 2149 ]
[ Step 625 / 2149 ]
[ Step 626 / 2149 ]
[ Step 627 / 2149 ]
[ Step 628 / 2149 ]
[ Step 629 / 2149 ]
[ Step 630 / 2149 ]
[ Step 631 / 2149 ]
[ Step 632 / 2149 ]
[ Step 633 / 2149 ]
[ Step 634 / 2149 ]
[ Step 635 / 2149 ]
[ Step 636 / 2149 ]
[ Step 637 / 2149 ]
[ Step 638 / 2149 ]
[ Step 639 / 2149 ]
[ Step 640 / 2149 ]
Step [640/2149]	 Computing features...
[ Step 641 / 2149 ]
[ Step 642 / 2149 ]
[ Step 643 / 2149 ]
[ Step 644 / 2149 ]
[ Step 645 / 2149 ]
[ Step 646 / 2149 ]
[ Step 647 / 2149 ]
[ Step 648 / 2149 ]
[ Step 649 / 2149 ]
[ Step 650 / 2149 ]
[ Step 651 / 2149 ]
[ Step 652 / 2149 ]
[ Step 653 / 2149 ]
[ Step 654 / 2149 ]
[ Step 655 / 2149 ]
[ Step 656 / 2149 ]
[ Step 657 / 2149 ]
[ Step 658 / 2149 ]
[ Step 659 / 2149 ]
[ Step 660 / 2149 ]
Step [660/2149]	 Computing features...
[ Step 661 / 2149 ]
[ Step 662 / 2149 ]
[ Step 663 / 2149 ]
[ Step 664 / 2149 ]
[ Step 665 / 2149 ]
[ Step 666 / 2149 ]
[ Step 667 / 2149 ]
[ Step 668 / 2149 ]
[ Step 669 / 2149 ]
[ Step 670 / 2149 ]
[ Step 671 / 2149 ]
[ Step 672 / 2149 ]
[ Step 673 / 2149 ]
[ Step 674 / 2149 ]
[ Step 675 / 2149 ]
[ Step 676 / 2149 ]
[ Step 677 / 2149 ]
[ Step 678 / 2149 ]
[ Step 679 / 2149 ]
[ Step 680 / 2149 ]
Step [680/2149]	 Computing features...
[ Step 681 / 2149 ]
[ Step 682 / 2149 ]
[ Step 683 / 2149 ]
[ Step 684 / 2149 ]
[ Step 685 / 2149 ]
[ Step 686 / 2149 ]
[ Step 687 / 2149 ]
[ Step 688 / 2149 ]
[ Step 689 / 2149 ]
[ Step 690 / 2149 ]
[ Step 691 / 2149 ]
[ Step 692 / 2149 ]
[ Step 693 / 2149 ]
[ Step 694 / 2149 ]
[ Step 695 / 2149 ]
[ Step 696 / 2149 ]
[ Step 697 / 2149 ]
[ Step 698 / 2149 ]
[ Step 699 / 2149 ]
[ Step 700 / 2149 ]
Step [700/2149]	 Computing features...
[ Step 701 / 2149 ]
[ Step 702 / 2149 ]
[ Step 703 / 2149 ]
[ Step 704 / 2149 ]
[ Step 705 / 2149 ]
[ Step 706 / 2149 ]
[ Step 707 / 2149 ]
[ Step 708 / 2149 ]
[ Step 709 / 2149 ]
[ Step 710 / 2149 ]
[ Step 711 / 2149 ]
[ Step 712 / 2149 ]
[ Step 713 / 2149 ]
[ Step 714 / 2149 ]
[ Step 715 / 2149 ]
[ Step 716 / 2149 ]
[ Step 717 / 2149 ]
[ Step 718 / 2149 ]
[ Step 719 / 2149 ]
[ Step 720 / 2149 ]
Step [720/2149]	 Computing features...
[ Step 721 / 2149 ]
[ Step 722 / 2149 ]
[ Step 723 / 2149 ]
[ Step 724 / 2149 ]
[ Step 725 / 2149 ]
[ Step 726 / 2149 ]
[ Step 727 / 2149 ]
[ Step 728 / 2149 ]
[ Step 729 / 2149 ]
[ Step 730 / 2149 ]
[ Step 731 / 2149 ]
[ Step 732 / 2149 ]
[ Step 733 / 2149 ]
[ Step 734 / 2149 ]
[ Step 735 / 2149 ]
[ Step 736 / 2149 ]
[ Step 737 / 2149 ]
[ Step 738 / 2149 ]
[ Step 739 / 2149 ]
[ Step 740 / 2149 ]
Step [740/2149]	 Computing features...
[ Step 741 / 2149 ]
[ Step 742 / 2149 ]
[ Step 743 / 2149 ]
[ Step 744 / 2149 ]
[ Step 745 / 2149 ]
[ Step 746 / 2149 ]
[ Step 747 / 2149 ]
[ Step 748 / 2149 ]
[ Step 749 / 2149 ]
[ Step 750 / 2149 ]
[ Step 751 / 2149 ]
[ Step 752 / 2149 ]
[ Step 753 / 2149 ]
[ Step 754 / 2149 ]
[ Step 755 / 2149 ]
[ Step 756 / 2149 ]
[ Step 757 / 2149 ]
[ Step 758 / 2149 ]
[ Step 759 / 2149 ]
[ Step 760 / 2149 ]
Step [760/2149]	 Computing features...
[ Step 761 / 2149 ]
[ Step 762 / 2149 ]
[ Step 763 / 2149 ]
[ Step 764 / 2149 ]
[ Step 765 / 2149 ]
[ Step 766 / 2149 ]
[ Step 767 / 2149 ]
[ Step 768 / 2149 ]
[ Step 769 / 2149 ]
[ Step 770 / 2149 ]
[ Step 771 / 2149 ]
[ Step 772 / 2149 ]
[ Step 773 / 2149 ]
[ Step 774 / 2149 ]
[ Step 775 / 2149 ]
[ Step 776 / 2149 ]
[ Step 777 / 2149 ]
[ Step 778 / 2149 ]
[ Step 779 / 2149 ]
[ Step 780 / 2149 ]
Step [780/2149]	 Computing features...
[ Step 781 / 2149 ]
[ Step 782 / 2149 ]
[ Step 783 / 2149 ]
[ Step 784 / 2149 ]
[ Step 785 / 2149 ]
[ Step 786 / 2149 ]
[ Step 787 / 2149 ]
[ Step 788 / 2149 ]
[ Step 789 / 2149 ]
[ Step 790 / 2149 ]
[ Step 791 / 2149 ]
[ Step 792 / 2149 ]
[ Step 793 / 2149 ]
[ Step 794 / 2149 ]
[ Step 795 / 2149 ]
[ Step 796 / 2149 ]
[ Step 797 / 2149 ]
[ Step 798 / 2149 ]
[ Step 799 / 2149 ]
[ Step 800 / 2149 ]
Step [800/2149]	 Computing features...
[ Step 801 / 2149 ]
[ Step 802 / 2149 ]
[ Step 803 / 2149 ]
[ Step 804 / 2149 ]
[ Step 805 / 2149 ]
[ Step 806 / 2149 ]
[ Step 807 / 2149 ]
[ Step 808 / 2149 ]
[ Step 809 / 2149 ]
[ Step 810 / 2149 ]
[ Step 811 / 2149 ]
[ Step 812 / 2149 ]
[ Step 813 / 2149 ]
[ Step 814 / 2149 ]
[ Step 815 / 2149 ]
[ Step 816 / 2149 ]
[ Step 817 / 2149 ]
[ Step 818 / 2149 ]
[ Step 819 / 2149 ]
[ Step 820 / 2149 ]
Step [820/2149]	 Computing features...
[ Step 821 / 2149 ]
[ Step 822 / 2149 ]
[ Step 823 / 2149 ]
[ Step 824 / 2149 ]
[ Step 825 / 2149 ]
[ Step 826 / 2149 ]
[ Step 827 / 2149 ]
[ Step 828 / 2149 ]
[ Step 829 / 2149 ]
[ Step 830 / 2149 ]
[ Step 831 / 2149 ]
[ Step 832 / 2149 ]
[ Step 833 / 2149 ]
[ Step 834 / 2149 ]
[ Step 835 / 2149 ]
[ Step 836 / 2149 ]
[ Step 837 / 2149 ]
[ Step 838 / 2149 ]
[ Step 839 / 2149 ]
[ Step 840 / 2149 ]
Step [840/2149]	 Computing features...
[ Step 841 / 2149 ]
[ Step 842 / 2149 ]
[ Step 843 / 2149 ]
[ Step 844 / 2149 ]
[ Step 845 / 2149 ]
[ Step 846 / 2149 ]
[ Step 847 / 2149 ]
[ Step 848 / 2149 ]
[ Step 849 / 2149 ]
[ Step 850 / 2149 ]
[ Step 851 / 2149 ]
[ Step 852 / 2149 ]
[ Step 853 / 2149 ]
[ Step 854 / 2149 ]
[ Step 855 / 2149 ]
[ Step 856 / 2149 ]
[ Step 857 / 2149 ]
[ Step 858 / 2149 ]
[ Step 859 / 2149 ]
[ Step 860 / 2149 ]
Step [860/2149]	 Computing features...
[ Step 861 / 2149 ]
[ Step 862 / 2149 ]
[ Step 863 / 2149 ]
[ Step 864 / 2149 ]
[ Step 865 / 2149 ]
[ Step 866 / 2149 ]
[ Step 867 / 2149 ]
[ Step 868 / 2149 ]
[ Step 869 / 2149 ]
[ Step 870 / 2149 ]
[ Step 871 / 2149 ]
[ Step 872 / 2149 ]
[ Step 873 / 2149 ]
[ Step 874 / 2149 ]
[ Step 875 / 2149 ]
[ Step 876 / 2149 ]
[ Step 877 / 2149 ]
[ Step 878 / 2149 ]
[ Step 879 / 2149 ]
[ Step 880 / 2149 ]
Step [880/2149]	 Computing features...
[ Step 881 / 2149 ]
[ Step 882 / 2149 ]
[ Step 883 / 2149 ]
[ Step 884 / 2149 ]
[ Step 885 / 2149 ]
[ Step 886 / 2149 ]
[ Step 887 / 2149 ]
[ Step 888 / 2149 ]
[ Step 889 / 2149 ]
[ Step 890 / 2149 ]
[ Step 891 / 2149 ]
[ Step 892 / 2149 ]
[ Step 893 / 2149 ]
[ Step 894 / 2149 ]
[ Step 895 / 2149 ]
[ Step 896 / 2149 ]
[ Step 897 / 2149 ]
[ Step 898 / 2149 ]
[ Step 899 / 2149 ]
[ Step 900 / 2149 ]
Step [900/2149]	 Computing features...
[ Step 901 / 2149 ]
[ Step 902 / 2149 ]
[ Step 903 / 2149 ]
[ Step 904 / 2149 ]
[ Step 905 / 2149 ]
[ Step 906 / 2149 ]
[ Step 907 / 2149 ]
[ Step 908 / 2149 ]
[ Step 909 / 2149 ]
[ Step 910 / 2149 ]
[ Step 911 / 2149 ]
[ Step 912 / 2149 ]
[ Step 913 / 2149 ]
[ Step 914 / 2149 ]
[ Step 915 / 2149 ]
[ Step 916 / 2149 ]
[ Step 917 / 2149 ]
[ Step 918 / 2149 ]
[ Step 919 / 2149 ]
[ Step 920 / 2149 ]
Step [920/2149]	 Computing features...
[ Step 921 / 2149 ]
[ Step 922 / 2149 ]
[ Step 923 / 2149 ]
[ Step 924 / 2149 ]
[ Step 925 / 2149 ]
[ Step 926 / 2149 ]
[ Step 927 / 2149 ]
[ Step 928 / 2149 ]
[ Step 929 / 2149 ]
[ Step 930 / 2149 ]
[ Step 931 / 2149 ]
[ Step 932 / 2149 ]
[ Step 933 / 2149 ]
[ Step 934 / 2149 ]
[ Step 935 / 2149 ]
[ Step 936 / 2149 ]
[ Step 937 / 2149 ]
[ Step 938 / 2149 ]
[ Step 939 / 2149 ]
[ Step 940 / 2149 ]
Step [940/2149]	 Computing features...
[ Step 941 / 2149 ]
[ Step 942 / 2149 ]
[ Step 943 / 2149 ]
[ Step 944 / 2149 ]
[ Step 945 / 2149 ]
[ Step 946 / 2149 ]
[ Step 947 / 2149 ]
[ Step 948 / 2149 ]
[ Step 949 / 2149 ]
[ Step 950 / 2149 ]
[ Step 951 / 2149 ]
[ Step 952 / 2149 ]
[ Step 953 / 2149 ]
[ Step 954 / 2149 ]
[ Step 955 / 2149 ]
[ Step 956 / 2149 ]
[ Step 957 / 2149 ]
[ Step 958 / 2149 ]
[ Step 959 / 2149 ]
[ Step 960 / 2149 ]
Step [960/2149]	 Computing features...
[ Step 961 / 2149 ]
[ Step 962 / 2149 ]
[ Step 963 / 2149 ]
[ Step 964 / 2149 ]
[ Step 965 / 2149 ]
[ Step 966 / 2149 ]
[ Step 967 / 2149 ]
[ Step 968 / 2149 ]
[ Step 969 / 2149 ]
[ Step 970 / 2149 ]
[ Step 971 / 2149 ]
[ Step 972 / 2149 ]
[ Step 973 / 2149 ]
[ Step 974 / 2149 ]
[ Step 975 / 2149 ]
[ Step 976 / 2149 ]
[ Step 977 / 2149 ]
[ Step 978 / 2149 ]
[ Step 979 / 2149 ]
[ Step 980 / 2149 ]
Step [980/2149]	 Computing features...
[ Step 981 / 2149 ]
[ Step 982 / 2149 ]
[ Step 983 / 2149 ]
[ Step 984 / 2149 ]
[ Step 985 / 2149 ]
[ Step 986 / 2149 ]
[ Step 987 / 2149 ]
[ Step 988 / 2149 ]
[ Step 989 / 2149 ]
[ Step 990 / 2149 ]
[ Step 991 / 2149 ]
[ Step 992 / 2149 ]
[ Step 993 / 2149 ]
[ Step 994 / 2149 ]
[ Step 995 / 2149 ]
[ Step 996 / 2149 ]
[ Step 997 / 2149 ]
[ Step 998 / 2149 ]
[ Step 999 / 2149 ]
[ Step 1000 / 2149 ]
Step [1000/2149]	 Computing features...
[ Step 1001 / 2149 ]
[ Step 1002 / 2149 ]
[ Step 1003 / 2149 ]
[ Step 1004 / 2149 ]
[ Step 1005 / 2149 ]
[ Step 1006 / 2149 ]
[ Step 1007 / 2149 ]
[ Step 1008 / 2149 ]
[ Step 1009 / 2149 ]
[ Step 1010 / 2149 ]
[ Step 1011 / 2149 ]
[ Step 1012 / 2149 ]
[ Step 1013 / 2149 ]
[ Step 1014 / 2149 ]
[ Step 1015 / 2149 ]
[ Step 1016 / 2149 ]
[ Step 1017 / 2149 ]
[ Step 1018 / 2149 ]
[ Step 1019 / 2149 ]
[ Step 1020 / 2149 ]
Step [1020/2149]	 Computing features...
[ Step 1021 / 2149 ]
[ Step 1022 / 2149 ]
[ Step 1023 / 2149 ]
[ Step 1024 / 2149 ]
[ Step 1025 / 2149 ]
[ Step 1026 / 2149 ]
[ Step 1027 / 2149 ]
[ Step 1028 / 2149 ]
[ Step 1029 / 2149 ]
[ Step 1030 / 2149 ]
[ Step 1031 / 2149 ]
[ Step 1032 / 2149 ]
[ Step 1033 / 2149 ]
[ Step 1034 / 2149 ]
[ Step 1035 / 2149 ]
[ Step 1036 / 2149 ]
[ Step 1037 / 2149 ]
[ Step 1038 / 2149 ]
[ Step 1039 / 2149 ]
[ Step 1040 / 2149 ]
Step [1040/2149]	 Computing features...
[ Step 1041 / 2149 ]
[ Step 1042 / 2149 ]
[ Step 1043 / 2149 ]
[ Step 1044 / 2149 ]
[ Step 1045 / 2149 ]
[ Step 1046 / 2149 ]
[ Step 1047 / 2149 ]
[ Step 1048 / 2149 ]
[ Step 1049 / 2149 ]
[ Step 1050 / 2149 ]
[ Step 1051 / 2149 ]
[ Step 1052 / 2149 ]
[ Step 1053 / 2149 ]
[ Step 1054 / 2149 ]
[ Step 1055 / 2149 ]
[ Step 1056 / 2149 ]
[ Step 1057 / 2149 ]
[ Step 1058 / 2149 ]
[ Step 1059 / 2149 ]
[ Step 1060 / 2149 ]
Step [1060/2149]	 Computing features...
[ Step 1061 / 2149 ]
[ Step 1062 / 2149 ]
[ Step 1063 / 2149 ]
[ Step 1064 / 2149 ]
[ Step 1065 / 2149 ]
[ Step 1066 / 2149 ]
[ Step 1067 / 2149 ]
[ Step 1068 / 2149 ]
[ Step 1069 / 2149 ]
[ Step 1070 / 2149 ]
[ Step 1071 / 2149 ]
[ Step 1072 / 2149 ]
[ Step 1073 / 2149 ]
[ Step 1074 / 2149 ]
[ Step 1075 / 2149 ]
[ Step 1076 / 2149 ]
[ Step 1077 / 2149 ]
[ Step 1078 / 2149 ]
[ Step 1079 / 2149 ]
[ Step 1080 / 2149 ]
Step [1080/2149]	 Computing features...
[ Step 1081 / 2149 ]
[ Step 1082 / 2149 ]
[ Step 1083 / 2149 ]
[ Step 1084 / 2149 ]
[ Step 1085 / 2149 ]
[ Step 1086 / 2149 ]
[ Step 1087 / 2149 ]
[ Step 1088 / 2149 ]
[ Step 1089 / 2149 ]
[ Step 1090 / 2149 ]
[ Step 1091 / 2149 ]
[ Step 1092 / 2149 ]
[ Step 1093 / 2149 ]
[ Step 1094 / 2149 ]
[ Step 1095 / 2149 ]
[ Step 1096 / 2149 ]
[ Step 1097 / 2149 ]
[ Step 1098 / 2149 ]
[ Step 1099 / 2149 ]
[ Step 1100 / 2149 ]
Step [1100/2149]	 Computing features...
[ Step 1101 / 2149 ]
[ Step 1102 / 2149 ]
[ Step 1103 / 2149 ]
[ Step 1104 / 2149 ]
[ Step 1105 / 2149 ]
[ Step 1106 / 2149 ]
[ Step 1107 / 2149 ]
[ Step 1108 / 2149 ]
[ Step 1109 / 2149 ]
[ Step 1110 / 2149 ]
[ Step 1111 / 2149 ]
[ Step 1112 / 2149 ]
[ Step 1113 / 2149 ]
[ Step 1114 / 2149 ]
[ Step 1115 / 2149 ]
[ Step 1116 / 2149 ]
[ Step 1117 / 2149 ]
[ Step 1118 / 2149 ]
[ Step 1119 / 2149 ]
[ Step 1120 / 2149 ]
Step [1120/2149]	 Computing features...
[ Step 1121 / 2149 ]
[ Step 1122 / 2149 ]
[ Step 1123 / 2149 ]
[ Step 1124 / 2149 ]
[ Step 1125 / 2149 ]
[ Step 1126 / 2149 ]
[ Step 1127 / 2149 ]
[ Step 1128 / 2149 ]
[ Step 1129 / 2149 ]
[ Step 1130 / 2149 ]
[ Step 1131 / 2149 ]
[ Step 1132 / 2149 ]
[ Step 1133 / 2149 ]
[ Step 1134 / 2149 ]
[ Step 1135 / 2149 ]
[ Step 1136 / 2149 ]
[ Step 1137 / 2149 ]
[ Step 1138 / 2149 ]
[ Step 1139 / 2149 ]
[ Step 1140 / 2149 ]
Step [1140/2149]	 Computing features...
[ Step 1141 / 2149 ]
[ Step 1142 / 2149 ]
[ Step 1143 / 2149 ]
[ Step 1144 / 2149 ]
[ Step 1145 / 2149 ]
[ Step 1146 / 2149 ]
[ Step 1147 / 2149 ]
[ Step 1148 / 2149 ]
[ Step 1149 / 2149 ]
[ Step 1150 / 2149 ]
[ Step 1151 / 2149 ]
[ Step 1152 / 2149 ]
[ Step 1153 / 2149 ]
[ Step 1154 / 2149 ]
[ Step 1155 / 2149 ]
[ Step 1156 / 2149 ]
[ Step 1157 / 2149 ]
[ Step 1158 / 2149 ]
[ Step 1159 / 2149 ]
[ Step 1160 / 2149 ]
Step [1160/2149]	 Computing features...
[ Step 1161 / 2149 ]
[ Step 1162 / 2149 ]
[ Step 1163 / 2149 ]
[ Step 1164 / 2149 ]
[ Step 1165 / 2149 ]
[ Step 1166 / 2149 ]
[ Step 1167 / 2149 ]
[ Step 1168 / 2149 ]
[ Step 1169 / 2149 ]
[ Step 1170 / 2149 ]
[ Step 1171 / 2149 ]
[ Step 1172 / 2149 ]
[ Step 1173 / 2149 ]
[ Step 1174 / 2149 ]
[ Step 1175 / 2149 ]
[ Step 1176 / 2149 ]
[ Step 1177 / 2149 ]
[ Step 1178 / 2149 ]
[ Step 1179 / 2149 ]
[ Step 1180 / 2149 ]
Step [1180/2149]	 Computing features...
[ Step 1181 / 2149 ]
[ Step 1182 / 2149 ]
[ Step 1183 / 2149 ]
[ Step 1184 / 2149 ]
[ Step 1185 / 2149 ]
[ Step 1186 / 2149 ]
[ Step 1187 / 2149 ]
[ Step 1188 / 2149 ]
[ Step 1189 / 2149 ]
[ Step 1190 / 2149 ]
[ Step 1191 / 2149 ]
[ Step 1192 / 2149 ]
[ Step 1193 / 2149 ]
[ Step 1194 / 2149 ]
[ Step 1195 / 2149 ]
[ Step 1196 / 2149 ]
[ Step 1197 / 2149 ]
[ Step 1198 / 2149 ]
[ Step 1199 / 2149 ]
[ Step 1200 / 2149 ]
Step [1200/2149]	 Computing features...
[ Step 1201 / 2149 ]
[ Step 1202 / 2149 ]
[ Step 1203 / 2149 ]
[ Step 1204 / 2149 ]
[ Step 1205 / 2149 ]
[ Step 1206 / 2149 ]
[ Step 1207 / 2149 ]
[ Step 1208 / 2149 ]
[ Step 1209 / 2149 ]
[ Step 1210 / 2149 ]
[ Step 1211 / 2149 ]
[ Step 1212 / 2149 ]
[ Step 1213 / 2149 ]
[ Step 1214 / 2149 ]
[ Step 1215 / 2149 ]
[ Step 1216 / 2149 ]
[ Step 1217 / 2149 ]
[ Step 1218 / 2149 ]
[ Step 1219 / 2149 ]
[ Step 1220 / 2149 ]
Step [1220/2149]	 Computing features...
[ Step 1221 / 2149 ]
[ Step 1222 / 2149 ]
[ Step 1223 / 2149 ]
[ Step 1224 / 2149 ]
[ Step 1225 / 2149 ]
[ Step 1226 / 2149 ]
[ Step 1227 / 2149 ]
[ Step 1228 / 2149 ]
[ Step 1229 / 2149 ]
[ Step 1230 / 2149 ]
[ Step 1231 / 2149 ]
[ Step 1232 / 2149 ]
[ Step 1233 / 2149 ]
[ Step 1234 / 2149 ]
[ Step 1235 / 2149 ]
[ Step 1236 / 2149 ]
[ Step 1237 / 2149 ]
[ Step 1238 / 2149 ]
[ Step 1239 / 2149 ]
[ Step 1240 / 2149 ]
Step [1240/2149]	 Computing features...
[ Step 1241 / 2149 ]
[ Step 1242 / 2149 ]
[ Step 1243 / 2149 ]
[ Step 1244 / 2149 ]
[ Step 1245 / 2149 ]
[ Step 1246 / 2149 ]
[ Step 1247 / 2149 ]
[ Step 1248 / 2149 ]
[ Step 1249 / 2149 ]
[ Step 1250 / 2149 ]
[ Step 1251 / 2149 ]
[ Step 1252 / 2149 ]
[ Step 1253 / 2149 ]
[ Step 1254 / 2149 ]
[ Step 1255 / 2149 ]
[ Step 1256 / 2149 ]
[ Step 1257 / 2149 ]
[ Step 1258 / 2149 ]
[ Step 1259 / 2149 ]
[ Step 1260 / 2149 ]
Step [1260/2149]	 Computing features...
[ Step 1261 / 2149 ]
[ Step 1262 / 2149 ]
[ Step 1263 / 2149 ]
[ Step 1264 / 2149 ]
[ Step 1265 / 2149 ]
[ Step 1266 / 2149 ]
[ Step 1267 / 2149 ]
[ Step 1268 / 2149 ]
[ Step 1269 / 2149 ]
[ Step 1270 / 2149 ]
[ Step 1271 / 2149 ]
[ Step 1272 / 2149 ]
[ Step 1273 / 2149 ]
[ Step 1274 / 2149 ]
[ Step 1275 / 2149 ]
[ Step 1276 / 2149 ]
[ Step 1277 / 2149 ]
[ Step 1278 / 2149 ]
[ Step 1279 / 2149 ]
[ Step 1280 / 2149 ]
Step [1280/2149]	 Computing features...
[ Step 1281 / 2149 ]
[ Step 1282 / 2149 ]
[ Step 1283 / 2149 ]
[ Step 1284 / 2149 ]
[ Step 1285 / 2149 ]
[ Step 1286 / 2149 ]
[ Step 1287 / 2149 ]
[ Step 1288 / 2149 ]
[ Step 1289 / 2149 ]
[ Step 1290 / 2149 ]
[ Step 1291 / 2149 ]
[ Step 1292 / 2149 ]
[ Step 1293 / 2149 ]
[ Step 1294 / 2149 ]
[ Step 1295 / 2149 ]
[ Step 1296 / 2149 ]
[ Step 1297 / 2149 ]
[ Step 1298 / 2149 ]
[ Step 1299 / 2149 ]
[ Step 1300 / 2149 ]
Step [1300/2149]	 Computing features...
[ Step 1301 / 2149 ]
[ Step 1302 / 2149 ]
[ Step 1303 / 2149 ]
[ Step 1304 / 2149 ]
[ Step 1305 / 2149 ]
[ Step 1306 / 2149 ]
[ Step 1307 / 2149 ]
[ Step 1308 / 2149 ]
[ Step 1309 / 2149 ]
[ Step 1310 / 2149 ]
[ Step 1311 / 2149 ]
[ Step 1312 / 2149 ]
[ Step 1313 / 2149 ]
[ Step 1314 / 2149 ]
[ Step 1315 / 2149 ]
[ Step 1316 / 2149 ]
[ Step 1317 / 2149 ]
[ Step 1318 / 2149 ]
[ Step 1319 / 2149 ]
[ Step 1320 / 2149 ]
Step [1320/2149]	 Computing features...
[ Step 1321 / 2149 ]
[ Step 1322 / 2149 ]
[ Step 1323 / 2149 ]
[ Step 1324 / 2149 ]
[ Step 1325 / 2149 ]
[ Step 1326 / 2149 ]
[ Step 1327 / 2149 ]
[ Step 1328 / 2149 ]
[ Step 1329 / 2149 ]
[ Step 1330 / 2149 ]
[ Step 1331 / 2149 ]
[ Step 1332 / 2149 ]
[ Step 1333 / 2149 ]
[ Step 1334 / 2149 ]
[ Step 1335 / 2149 ]
[ Step 1336 / 2149 ]
[ Step 1337 / 2149 ]
[ Step 1338 / 2149 ]
[ Step 1339 / 2149 ]
[ Step 1340 / 2149 ]
Step [1340/2149]	 Computing features...
[ Step 1341 / 2149 ]
[ Step 1342 / 2149 ]
[ Step 1343 / 2149 ]
[ Step 1344 / 2149 ]
[ Step 1345 / 2149 ]
[ Step 1346 / 2149 ]
[ Step 1347 / 2149 ]
[ Step 1348 / 2149 ]
[ Step 1349 / 2149 ]
[ Step 1350 / 2149 ]
[ Step 1351 / 2149 ]
[ Step 1352 / 2149 ]
[ Step 1353 / 2149 ]
[ Step 1354 / 2149 ]
[ Step 1355 / 2149 ]
[ Step 1356 / 2149 ]
[ Step 1357 / 2149 ]
[ Step 1358 / 2149 ]
[ Step 1359 / 2149 ]
[ Step 1360 / 2149 ]
Step [1360/2149]	 Computing features...
[ Step 1361 / 2149 ]
[ Step 1362 / 2149 ]
[ Step 1363 / 2149 ]
[ Step 1364 / 2149 ]
[ Step 1365 / 2149 ]
[ Step 1366 / 2149 ]
[ Step 1367 / 2149 ]
[ Step 1368 / 2149 ]
[ Step 1369 / 2149 ]
[ Step 1370 / 2149 ]
[ Step 1371 / 2149 ]
[ Step 1372 / 2149 ]
[ Step 1373 / 2149 ]
[ Step 1374 / 2149 ]
[ Step 1375 / 2149 ]
[ Step 1376 / 2149 ]
[ Step 1377 / 2149 ]
[ Step 1378 / 2149 ]
[ Step 1379 / 2149 ]
[ Step 1380 / 2149 ]
Step [1380/2149]	 Computing features...
[ Step 1381 / 2149 ]
[ Step 1382 / 2149 ]
[ Step 1383 / 2149 ]
[ Step 1384 / 2149 ]
[ Step 1385 / 2149 ]
[ Step 1386 / 2149 ]
[ Step 1387 / 2149 ]
[ Step 1388 / 2149 ]
[ Step 1389 / 2149 ]
[ Step 1390 / 2149 ]
[ Step 1391 / 2149 ]
[ Step 1392 / 2149 ]
[ Step 1393 / 2149 ]
[ Step 1394 / 2149 ]
[ Step 1395 / 2149 ]
[ Step 1396 / 2149 ]
[ Step 1397 / 2149 ]
[ Step 1398 / 2149 ]
[ Step 1399 / 2149 ]
[ Step 1400 / 2149 ]
Step [1400/2149]	 Computing features...
[ Step 1401 / 2149 ]
[ Step 1402 / 2149 ]
[ Step 1403 / 2149 ]
[ Step 1404 / 2149 ]
[ Step 1405 / 2149 ]
[ Step 1406 / 2149 ]
[ Step 1407 / 2149 ]
[ Step 1408 / 2149 ]
[ Step 1409 / 2149 ]
[ Step 1410 / 2149 ]
[ Step 1411 / 2149 ]
[ Step 1412 / 2149 ]
[ Step 1413 / 2149 ]
[ Step 1414 / 2149 ]
[ Step 1415 / 2149 ]
[ Step 1416 / 2149 ]
[ Step 1417 / 2149 ]
[ Step 1418 / 2149 ]
[ Step 1419 / 2149 ]
[ Step 1420 / 2149 ]
Step [1420/2149]	 Computing features...
[ Step 1421 / 2149 ]
[ Step 1422 / 2149 ]
[ Step 1423 / 2149 ]
[ Step 1424 / 2149 ]
[ Step 1425 / 2149 ]
[ Step 1426 / 2149 ]
[ Step 1427 / 2149 ]
[ Step 1428 / 2149 ]
[ Step 1429 / 2149 ]
[ Step 1430 / 2149 ]
[ Step 1431 / 2149 ]
[ Step 1432 / 2149 ]
[ Step 1433 / 2149 ]
[ Step 1434 / 2149 ]
[ Step 1435 / 2149 ]
[ Step 1436 / 2149 ]
[ Step 1437 / 2149 ]
[ Step 1438 / 2149 ]
[ Step 1439 / 2149 ]
[ Step 1440 / 2149 ]
Step [1440/2149]	 Computing features...
[ Step 1441 / 2149 ]
[ Step 1442 / 2149 ]
[ Step 1443 / 2149 ]
[ Step 1444 / 2149 ]
[ Step 1445 / 2149 ]
[ Step 1446 / 2149 ]
[ Step 1447 / 2149 ]
[ Step 1448 / 2149 ]
[ Step 1449 / 2149 ]
[ Step 1450 / 2149 ]
[ Step 1451 / 2149 ]
[ Step 1452 / 2149 ]
[ Step 1453 / 2149 ]
[ Step 1454 / 2149 ]
[ Step 1455 / 2149 ]
[ Step 1456 / 2149 ]
[ Step 1457 / 2149 ]
[ Step 1458 / 2149 ]
[ Step 1459 / 2149 ]
[ Step 1460 / 2149 ]
Step [1460/2149]	 Computing features...
[ Step 1461 / 2149 ]
[ Step 1462 / 2149 ]
[ Step 1463 / 2149 ]
[ Step 1464 / 2149 ]
[ Step 1465 / 2149 ]
[ Step 1466 / 2149 ]
[ Step 1467 / 2149 ]
[ Step 1468 / 2149 ]
[ Step 1469 / 2149 ]
[ Step 1470 / 2149 ]
[ Step 1471 / 2149 ]
[ Step 1472 / 2149 ]
[ Step 1473 / 2149 ]
[ Step 1474 / 2149 ]
[ Step 1475 / 2149 ]
[ Step 1476 / 2149 ]
[ Step 1477 / 2149 ]
[ Step 1478 / 2149 ]
[ Step 1479 / 2149 ]
[ Step 1480 / 2149 ]
Step [1480/2149]	 Computing features...
[ Step 1481 / 2149 ]
[ Step 1482 / 2149 ]
[ Step 1483 / 2149 ]
[ Step 1484 / 2149 ]
[ Step 1485 / 2149 ]
[ Step 1486 / 2149 ]
[ Step 1487 / 2149 ]
[ Step 1488 / 2149 ]
[ Step 1489 / 2149 ]
[ Step 1490 / 2149 ]
[ Step 1491 / 2149 ]
[ Step 1492 / 2149 ]
[ Step 1493 / 2149 ]
[ Step 1494 / 2149 ]
[ Step 1495 / 2149 ]
[ Step 1496 / 2149 ]
[ Step 1497 / 2149 ]
[ Step 1498 / 2149 ]
[ Step 1499 / 2149 ]
[ Step 1500 / 2149 ]
Step [1500/2149]	 Computing features...
[ Step 1501 / 2149 ]
[ Step 1502 / 2149 ]
[ Step 1503 / 2149 ]
[ Step 1504 / 2149 ]
[ Step 1505 / 2149 ]
[ Step 1506 / 2149 ]
[ Step 1507 / 2149 ]
[ Step 1508 / 2149 ]
[ Step 1509 / 2149 ]
[ Step 1510 / 2149 ]
[ Step 1511 / 2149 ]
[ Step 1512 / 2149 ]
[ Step 1513 / 2149 ]
[ Step 1514 / 2149 ]
[ Step 1515 / 2149 ]
[ Step 1516 / 2149 ]
[ Step 1517 / 2149 ]
[ Step 1518 / 2149 ]
[ Step 1519 / 2149 ]
[ Step 1520 / 2149 ]
Step [1520/2149]	 Computing features...
[ Step 1521 / 2149 ]
[ Step 1522 / 2149 ]
[ Step 1523 / 2149 ]
[ Step 1524 / 2149 ]
[ Step 1525 / 2149 ]
[ Step 1526 / 2149 ]
[ Step 1527 / 2149 ]
[ Step 1528 / 2149 ]
[ Step 1529 / 2149 ]
[ Step 1530 / 2149 ]
[ Step 1531 / 2149 ]
[ Step 1532 / 2149 ]
[ Step 1533 / 2149 ]
[ Step 1534 / 2149 ]
[ Step 1535 / 2149 ]
[ Step 1536 / 2149 ]
[ Step 1537 / 2149 ]
[ Step 1538 / 2149 ]
[ Step 1539 / 2149 ]
[ Step 1540 / 2149 ]
Step [1540/2149]	 Computing features...
[ Step 1541 / 2149 ]
[ Step 1542 / 2149 ]
[ Step 1543 / 2149 ]
[ Step 1544 / 2149 ]
[ Step 1545 / 2149 ]
[ Step 1546 / 2149 ]
[ Step 1547 / 2149 ]
[ Step 1548 / 2149 ]
[ Step 1549 / 2149 ]
[ Step 1550 / 2149 ]
[ Step 1551 / 2149 ]
[ Step 1552 / 2149 ]
[ Step 1553 / 2149 ]
[ Step 1554 / 2149 ]
[ Step 1555 / 2149 ]
[ Step 1556 / 2149 ]
[ Step 1557 / 2149 ]
[ Step 1558 / 2149 ]
[ Step 1559 / 2149 ]
[ Step 1560 / 2149 ]
Step [1560/2149]	 Computing features...
[ Step 1561 / 2149 ]
[ Step 1562 / 2149 ]
[ Step 1563 / 2149 ]
[ Step 1564 / 2149 ]
[ Step 1565 / 2149 ]
[ Step 1566 / 2149 ]
[ Step 1567 / 2149 ]
[ Step 1568 / 2149 ]
[ Step 1569 / 2149 ]
[ Step 1570 / 2149 ]
[ Step 1571 / 2149 ]
[ Step 1572 / 2149 ]
[ Step 1573 / 2149 ]
[ Step 1574 / 2149 ]
[ Step 1575 / 2149 ]
[ Step 1576 / 2149 ]
[ Step 1577 / 2149 ]
[ Step 1578 / 2149 ]
[ Step 1579 / 2149 ]
[ Step 1580 / 2149 ]
Step [1580/2149]	 Computing features...
[ Step 1581 / 2149 ]
[ Step 1582 / 2149 ]
[ Step 1583 / 2149 ]
[ Step 1584 / 2149 ]
[ Step 1585 / 2149 ]
[ Step 1586 / 2149 ]
[ Step 1587 / 2149 ]
[ Step 1588 / 2149 ]
[ Step 1589 / 2149 ]
[ Step 1590 / 2149 ]
[ Step 1591 / 2149 ]
[ Step 1592 / 2149 ]
[ Step 1593 / 2149 ]
[ Step 1594 / 2149 ]
[ Step 1595 / 2149 ]
[ Step 1596 / 2149 ]
[ Step 1597 / 2149 ]
[ Step 1598 / 2149 ]
[ Step 1599 / 2149 ]
[ Step 1600 / 2149 ]
Step [1600/2149]	 Computing features...
[ Step 1601 / 2149 ]
[ Step 1602 / 2149 ]
[ Step 1603 / 2149 ]
[ Step 1604 / 2149 ]
[ Step 1605 / 2149 ]
[ Step 1606 / 2149 ]
[ Step 1607 / 2149 ]
[ Step 1608 / 2149 ]
[ Step 1609 / 2149 ]
[ Step 1610 / 2149 ]
[ Step 1611 / 2149 ]
[ Step 1612 / 2149 ]
[ Step 1613 / 2149 ]
[ Step 1614 / 2149 ]
[ Step 1615 / 2149 ]
[ Step 1616 / 2149 ]
[ Step 1617 / 2149 ]
[ Step 1618 / 2149 ]
[ Step 1619 / 2149 ]
[ Step 1620 / 2149 ]
Step [1620/2149]	 Computing features...
[ Step 1621 / 2149 ]
[ Step 1622 / 2149 ]
[ Step 1623 / 2149 ]
[ Step 1624 / 2149 ]
[ Step 1625 / 2149 ]
[ Step 1626 / 2149 ]
[ Step 1627 / 2149 ]
[ Step 1628 / 2149 ]
[ Step 1629 / 2149 ]
[ Step 1630 / 2149 ]
[ Step 1631 / 2149 ]
[ Step 1632 / 2149 ]
[ Step 1633 / 2149 ]
[ Step 1634 / 2149 ]
[ Step 1635 / 2149 ]
[ Step 1636 / 2149 ]
[ Step 1637 / 2149 ]
[ Step 1638 / 2149 ]
[ Step 1639 / 2149 ]
[ Step 1640 / 2149 ]
Step [1640/2149]	 Computing features...
[ Step 1641 / 2149 ]
[ Step 1642 / 2149 ]
[ Step 1643 / 2149 ]
[ Step 1644 / 2149 ]
[ Step 1645 / 2149 ]
[ Step 1646 / 2149 ]
[ Step 1647 / 2149 ]
[ Step 1648 / 2149 ]
[ Step 1649 / 2149 ]
[ Step 1650 / 2149 ]
[ Step 1651 / 2149 ]
[ Step 1652 / 2149 ]
[ Step 1653 / 2149 ]
[ Step 1654 / 2149 ]
[ Step 1655 / 2149 ]
[ Step 1656 / 2149 ]
[ Step 1657 / 2149 ]
[ Step 1658 / 2149 ]
[ Step 1659 / 2149 ]
[ Step 1660 / 2149 ]
Step [1660/2149]	 Computing features...
[ Step 1661 / 2149 ]
[ Step 1662 / 2149 ]
[ Step 1663 / 2149 ]
[ Step 1664 / 2149 ]
[ Step 1665 / 2149 ]
[ Step 1666 / 2149 ]
[ Step 1667 / 2149 ]
[ Step 1668 / 2149 ]
[ Step 1669 / 2149 ]
[ Step 1670 / 2149 ]
[ Step 1671 / 2149 ]
[ Step 1672 / 2149 ]
[ Step 1673 / 2149 ]
[ Step 1674 / 2149 ]
[ Step 1675 / 2149 ]
[ Step 1676 / 2149 ]
[ Step 1677 / 2149 ]
[ Step 1678 / 2149 ]
[ Step 1679 / 2149 ]
[ Step 1680 / 2149 ]
Step [1680/2149]	 Computing features...
[ Step 1681 / 2149 ]
[ Step 1682 / 2149 ]
[ Step 1683 / 2149 ]
[ Step 1684 / 2149 ]
[ Step 1685 / 2149 ]
[ Step 1686 / 2149 ]
[ Step 1687 / 2149 ]
[ Step 1688 / 2149 ]
[ Step 1689 / 2149 ]
[ Step 1690 / 2149 ]
[ Step 1691 / 2149 ]
[ Step 1692 / 2149 ]
[ Step 1693 / 2149 ]
[ Step 1694 / 2149 ]
[ Step 1695 / 2149 ]
[ Step 1696 / 2149 ]
[ Step 1697 / 2149 ]
[ Step 1698 / 2149 ]
[ Step 1699 / 2149 ]
[ Step 1700 / 2149 ]
Step [1700/2149]	 Computing features...
[ Step 1701 / 2149 ]
[ Step 1702 / 2149 ]
[ Step 1703 / 2149 ]
[ Step 1704 / 2149 ]
[ Step 1705 / 2149 ]
[ Step 1706 / 2149 ]
[ Step 1707 / 2149 ]
[ Step 1708 / 2149 ]
[ Step 1709 / 2149 ]
[ Step 1710 / 2149 ]
[ Step 1711 / 2149 ]
[ Step 1712 / 2149 ]
[ Step 1713 / 2149 ]
[ Step 1714 / 2149 ]
[ Step 1715 / 2149 ]
[ Step 1716 / 2149 ]
[ Step 1717 / 2149 ]
[ Step 1718 / 2149 ]
[ Step 1719 / 2149 ]
[ Step 1720 / 2149 ]
Step [1720/2149]	 Computing features...
[ Step 1721 / 2149 ]
[ Step 1722 / 2149 ]
[ Step 1723 / 2149 ]
[ Step 1724 / 2149 ]
[ Step 1725 / 2149 ]
[ Step 1726 / 2149 ]
[ Step 1727 / 2149 ]
[ Step 1728 / 2149 ]
[ Step 1729 / 2149 ]
[ Step 1730 / 2149 ]
[ Step 1731 / 2149 ]
[ Step 1732 / 2149 ]
[ Step 1733 / 2149 ]
[ Step 1734 / 2149 ]
[ Step 1735 / 2149 ]
[ Step 1736 / 2149 ]
[ Step 1737 / 2149 ]
[ Step 1738 / 2149 ]
[ Step 1739 / 2149 ]
[ Step 1740 / 2149 ]
Step [1740/2149]	 Computing features...
[ Step 1741 / 2149 ]
[ Step 1742 / 2149 ]
[ Step 1743 / 2149 ]
[ Step 1744 / 2149 ]
[ Step 1745 / 2149 ]
[ Step 1746 / 2149 ]
[ Step 1747 / 2149 ]
[ Step 1748 / 2149 ]
[ Step 1749 / 2149 ]
[ Step 1750 / 2149 ]
[ Step 1751 / 2149 ]
[ Step 1752 / 2149 ]
[ Step 1753 / 2149 ]
[ Step 1754 / 2149 ]
[ Step 1755 / 2149 ]
[ Step 1756 / 2149 ]
[ Step 1757 / 2149 ]
[ Step 1758 / 2149 ]
[ Step 1759 / 2149 ]
[ Step 1760 / 2149 ]
Step [1760/2149]	 Computing features...
[ Step 1761 / 2149 ]
[ Step 1762 / 2149 ]
[ Step 1763 / 2149 ]
[ Step 1764 / 2149 ]
[ Step 1765 / 2149 ]
[ Step 1766 / 2149 ]
[ Step 1767 / 2149 ]
[ Step 1768 / 2149 ]
[ Step 1769 / 2149 ]
[ Step 1770 / 2149 ]
[ Step 1771 / 2149 ]
[ Step 1772 / 2149 ]
[ Step 1773 / 2149 ]
[ Step 1774 / 2149 ]
[ Step 1775 / 2149 ]
[ Step 1776 / 2149 ]
[ Step 1777 / 2149 ]
[ Step 1778 / 2149 ]
[ Step 1779 / 2149 ]
[ Step 1780 / 2149 ]
Step [1780/2149]	 Computing features...
[ Step 1781 / 2149 ]
[ Step 1782 / 2149 ]
[ Step 1783 / 2149 ]
[ Step 1784 / 2149 ]
[ Step 1785 / 2149 ]
[ Step 1786 / 2149 ]
[ Step 1787 / 2149 ]
[ Step 1788 / 2149 ]
[ Step 1789 / 2149 ]
[ Step 1790 / 2149 ]
[ Step 1791 / 2149 ]
[ Step 1792 / 2149 ]
[ Step 1793 / 2149 ]
[ Step 1794 / 2149 ]
[ Step 1795 / 2149 ]
[ Step 1796 / 2149 ]
[ Step 1797 / 2149 ]
[ Step 1798 / 2149 ]
[ Step 1799 / 2149 ]
[ Step 1800 / 2149 ]
Step [1800/2149]	 Computing features...
[ Step 1801 / 2149 ]
[ Step 1802 / 2149 ]
[ Step 1803 / 2149 ]
[ Step 1804 / 2149 ]
[ Step 1805 / 2149 ]
[ Step 1806 / 2149 ]
[ Step 1807 / 2149 ]
[ Step 1808 / 2149 ]
[ Step 1809 / 2149 ]
[ Step 1810 / 2149 ]
[ Step 1811 / 2149 ]
[ Step 1812 / 2149 ]
[ Step 1813 / 2149 ]
[ Step 1814 / 2149 ]
[ Step 1815 / 2149 ]
[ Step 1816 / 2149 ]
[ Step 1817 / 2149 ]
[ Step 1818 / 2149 ]
[ Step 1819 / 2149 ]
[ Step 1820 / 2149 ]
Step [1820/2149]	 Computing features...
[ Step 1821 / 2149 ]
[ Step 1822 / 2149 ]
[ Step 1823 / 2149 ]
[ Step 1824 / 2149 ]
[ Step 1825 / 2149 ]
[ Step 1826 / 2149 ]
[ Step 1827 / 2149 ]
[ Step 1828 / 2149 ]
[ Step 1829 / 2149 ]
[ Step 1830 / 2149 ]
[ Step 1831 / 2149 ]
[ Step 1832 / 2149 ]
[ Step 1833 / 2149 ]
[ Step 1834 / 2149 ]
[ Step 1835 / 2149 ]
[ Step 1836 / 2149 ]
[ Step 1837 / 2149 ]
[ Step 1838 / 2149 ]
[ Step 1839 / 2149 ]
[ Step 1840 / 2149 ]
Step [1840/2149]	 Computing features...
[ Step 1841 / 2149 ]
[ Step 1842 / 2149 ]
[ Step 1843 / 2149 ]
[ Step 1844 / 2149 ]
[ Step 1845 / 2149 ]
[ Step 1846 / 2149 ]
[ Step 1847 / 2149 ]
[ Step 1848 / 2149 ]
[ Step 1849 / 2149 ]
[ Step 1850 / 2149 ]
[ Step 1851 / 2149 ]
[ Step 1852 / 2149 ]
[ Step 1853 / 2149 ]
[ Step 1854 / 2149 ]
[ Step 1855 / 2149 ]
[ Step 1856 / 2149 ]
[ Step 1857 / 2149 ]
[ Step 1858 / 2149 ]
[ Step 1859 / 2149 ]
[ Step 1860 / 2149 ]
Step [1860/2149]	 Computing features...
[ Step 1861 / 2149 ]
[ Step 1862 / 2149 ]
[ Step 1863 / 2149 ]
[ Step 1864 / 2149 ]
[ Step 1865 / 2149 ]
[ Step 1866 / 2149 ]
[ Step 1867 / 2149 ]
[ Step 1868 / 2149 ]
[ Step 1869 / 2149 ]
[ Step 1870 / 2149 ]
[ Step 1871 / 2149 ]
[ Step 1872 / 2149 ]
[ Step 1873 / 2149 ]
[ Step 1874 / 2149 ]
[ Step 1875 / 2149 ]
[ Step 1876 / 2149 ]
[ Step 1877 / 2149 ]
[ Step 1878 / 2149 ]
[ Step 1879 / 2149 ]
[ Step 1880 / 2149 ]
Step [1880/2149]	 Computing features...
[ Step 1881 / 2149 ]
[ Step 1882 / 2149 ]
[ Step 1883 / 2149 ]
[ Step 1884 / 2149 ]
[ Step 1885 / 2149 ]
[ Step 1886 / 2149 ]
[ Step 1887 / 2149 ]
[ Step 1888 / 2149 ]
[ Step 1889 / 2149 ]
[ Step 1890 / 2149 ]
[ Step 1891 / 2149 ]
[ Step 1892 / 2149 ]
[ Step 1893 / 2149 ]
[ Step 1894 / 2149 ]
[ Step 1895 / 2149 ]
[ Step 1896 / 2149 ]
[ Step 1897 / 2149 ]
[ Step 1898 / 2149 ]
[ Step 1899 / 2149 ]
[ Step 1900 / 2149 ]
Step [1900/2149]	 Computing features...
[ Step 1901 / 2149 ]
[ Step 1902 / 2149 ]
[ Step 1903 / 2149 ]
[ Step 1904 / 2149 ]
[ Step 1905 / 2149 ]
[ Step 1906 / 2149 ]
[ Step 1907 / 2149 ]
[ Step 1908 / 2149 ]
[ Step 1909 / 2149 ]
[ Step 1910 / 2149 ]
[ Step 1911 / 2149 ]
[ Step 1912 / 2149 ]
[ Step 1913 / 2149 ]
[ Step 1914 / 2149 ]
[ Step 1915 / 2149 ]
[ Step 1916 / 2149 ]
[ Step 1917 / 2149 ]
[ Step 1918 / 2149 ]
[ Step 1919 / 2149 ]
[ Step 1920 / 2149 ]
Step [1920/2149]	 Computing features...
[ Step 1921 / 2149 ]
[ Step 1922 / 2149 ]
[ Step 1923 / 2149 ]
[ Step 1924 / 2149 ]
[ Step 1925 / 2149 ]
[ Step 1926 / 2149 ]
[ Step 1927 / 2149 ]
[ Step 1928 / 2149 ]
[ Step 1929 / 2149 ]
[ Step 1930 / 2149 ]
[ Step 1931 / 2149 ]
[ Step 1932 / 2149 ]
[ Step 1933 / 2149 ]
[ Step 1934 / 2149 ]
[ Step 1935 / 2149 ]
[ Step 1936 / 2149 ]
[ Step 1937 / 2149 ]
[ Step 1938 / 2149 ]
[ Step 1939 / 2149 ]
[ Step 1940 / 2149 ]
Step [1940/2149]	 Computing features...
[ Step 1941 / 2149 ]
[ Step 1942 / 2149 ]
[ Step 1943 / 2149 ]
[ Step 1944 / 2149 ]
[ Step 1945 / 2149 ]
[ Step 1946 / 2149 ]
[ Step 1947 / 2149 ]
[ Step 1948 / 2149 ]
[ Step 1949 / 2149 ]
[ Step 1950 / 2149 ]
[ Step 1951 / 2149 ]
[ Step 1952 / 2149 ]
[ Step 1953 / 2149 ]
[ Step 1954 / 2149 ]
[ Step 1955 / 2149 ]
[ Step 1956 / 2149 ]
[ Step 1957 / 2149 ]
[ Step 1958 / 2149 ]
[ Step 1959 / 2149 ]
[ Step 1960 / 2149 ]
Step [1960/2149]	 Computing features...
[ Step 1961 / 2149 ]
[ Step 1962 / 2149 ]
[ Step 1963 / 2149 ]
[ Step 1964 / 2149 ]
[ Step 1965 / 2149 ]
[ Step 1966 / 2149 ]
[ Step 1967 / 2149 ]
[ Step 1968 / 2149 ]
[ Step 1969 / 2149 ]
[ Step 1970 / 2149 ]
[ Step 1971 / 2149 ]
[ Step 1972 / 2149 ]
[ Step 1973 / 2149 ]
[ Step 1974 / 2149 ]
[ Step 1975 / 2149 ]
[ Step 1976 / 2149 ]
[ Step 1977 / 2149 ]
[ Step 1978 / 2149 ]
[ Step 1979 / 2149 ]
[ Step 1980 / 2149 ]
Step [1980/2149]	 Computing features...
[ Step 1981 / 2149 ]
[ Step 1982 / 2149 ]
[ Step 1983 / 2149 ]
[ Step 1984 / 2149 ]
[ Step 1985 / 2149 ]
[ Step 1986 / 2149 ]
[ Step 1987 / 2149 ]
[ Step 1988 / 2149 ]
[ Step 1989 / 2149 ]
[ Step 1990 / 2149 ]
[ Step 1991 / 2149 ]
[ Step 1992 / 2149 ]
[ Step 1993 / 2149 ]
[ Step 1994 / 2149 ]
[ Step 1995 / 2149 ]
[ Step 1996 / 2149 ]
[ Step 1997 / 2149 ]
[ Step 1998 / 2149 ]
[ Step 1999 / 2149 ]
[ Step 2000 / 2149 ]
Step [2000/2149]	 Computing features...
[ Step 2001 / 2149 ]
[ Step 2002 / 2149 ]
[ Step 2003 / 2149 ]
[ Step 2004 / 2149 ]
[ Step 2005 / 2149 ]
[ Step 2006 / 2149 ]
[ Step 2007 / 2149 ]
[ Step 2008 / 2149 ]
[ Step 2009 / 2149 ]
[ Step 2010 / 2149 ]
[ Step 2011 / 2149 ]
[ Step 2012 / 2149 ]
[ Step 2013 / 2149 ]
[ Step 2014 / 2149 ]
[ Step 2015 / 2149 ]
[ Step 2016 / 2149 ]
[ Step 2017 / 2149 ]
[ Step 2018 / 2149 ]
[ Step 2019 / 2149 ]
[ Step 2020 / 2149 ]
Step [2020/2149]	 Computing features...
[ Step 2021 / 2149 ]
[ Step 2022 / 2149 ]
[ Step 2023 / 2149 ]
[ Step 2024 / 2149 ]
[ Step 2025 / 2149 ]
[ Step 2026 / 2149 ]
[ Step 2027 / 2149 ]
[ Step 2028 / 2149 ]
[ Step 2029 / 2149 ]
[ Step 2030 / 2149 ]
[ Step 2031 / 2149 ]
[ Step 2032 / 2149 ]
[ Step 2033 / 2149 ]
[ Step 2034 / 2149 ]
[ Step 2035 / 2149 ]
[ Step 2036 / 2149 ]
[ Step 2037 / 2149 ]
[ Step 2038 / 2149 ]
[ Step 2039 / 2149 ]
[ Step 2040 / 2149 ]
Step [2040/2149]	 Computing features...
[ Step 2041 / 2149 ]
[ Step 2042 / 2149 ]
[ Step 2043 / 2149 ]
[ Step 2044 / 2149 ]
[ Step 2045 / 2149 ]
[ Step 2046 / 2149 ]
[ Step 2047 / 2149 ]
[ Step 2048 / 2149 ]
[ Step 2049 / 2149 ]
[ Step 2050 / 2149 ]
[ Step 2051 / 2149 ]
[ Step 2052 / 2149 ]
[ Step 2053 / 2149 ]
[ Step 2054 / 2149 ]
[ Step 2055 / 2149 ]
[ Step 2056 / 2149 ]
[ Step 2057 / 2149 ]
[ Step 2058 / 2149 ]
[ Step 2059 / 2149 ]
[ Step 2060 / 2149 ]
Step [2060/2149]	 Computing features...
[ Step 2061 / 2149 ]
[ Step 2062 / 2149 ]
[ Step 2063 / 2149 ]
[ Step 2064 / 2149 ]
[ Step 2065 / 2149 ]
[ Step 2066 / 2149 ]
[ Step 2067 / 2149 ]
[ Step 2068 / 2149 ]
[ Step 2069 / 2149 ]
[ Step 2070 / 2149 ]
[ Step 2071 / 2149 ]
[ Step 2072 / 2149 ]
[ Step 2073 / 2149 ]
[ Step 2074 / 2149 ]
[ Step 2075 / 2149 ]
[ Step 2076 / 2149 ]
[ Step 2077 / 2149 ]
[ Step 2078 / 2149 ]
[ Step 2079 / 2149 ]
[ Step 2080 / 2149 ]
Step [2080/2149]	 Computing features...
[ Step 2081 / 2149 ]
[ Step 2082 / 2149 ]
[ Step 2083 / 2149 ]
[ Step 2084 / 2149 ]
[ Step 2085 / 2149 ]
[ Step 2086 / 2149 ]
[ Step 2087 / 2149 ]
[ Step 2088 / 2149 ]
[ Step 2089 / 2149 ]
[ Step 2090 / 2149 ]
[ Step 2091 / 2149 ]
[ Step 2092 / 2149 ]
[ Step 2093 / 2149 ]
[ Step 2094 / 2149 ]
[ Step 2095 / 2149 ]
[ Step 2096 / 2149 ]
[ Step 2097 / 2149 ]
[ Step 2098 / 2149 ]
[ Step 2099 / 2149 ]
[ Step 2100 / 2149 ]
Step [2100/2149]	 Computing features...
[ Step 2101 / 2149 ]
[ Step 2102 / 2149 ]
[ Step 2103 / 2149 ]
[ Step 2104 / 2149 ]
[ Step 2105 / 2149 ]
[ Step 2106 / 2149 ]
[ Step 2107 / 2149 ]
[ Step 2108 / 2149 ]
[ Step 2109 / 2149 ]
[ Step 2110 / 2149 ]
[ Step 2111 / 2149 ]
[ Step 2112 / 2149 ]
[ Step 2113 / 2149 ]
[ Step 2114 / 2149 ]
[ Step 2115 / 2149 ]
[ Step 2116 / 2149 ]
[ Step 2117 / 2149 ]
[ Step 2118 / 2149 ]
[ Step 2119 / 2149 ]
[ Step 2120 / 2149 ]
Step [2120/2149]	 Computing features...
[ Step 2121 / 2149 ]
[ Step 2122 / 2149 ]
[ Step 2123 / 2149 ]
[ Step 2124 / 2149 ]
[ Step 2125 / 2149 ]
[ Step 2126 / 2149 ]
[ Step 2127 / 2149 ]
[ Step 2128 / 2149 ]
[ Step 2129 / 2149 ]
[ Step 2130 / 2149 ]
[ Step 2131 / 2149 ]
[ Step 2132 / 2149 ]
[ Step 2133 / 2149 ]
[ Step 2134 / 2149 ]
[ Step 2135 / 2149 ]
[ Step 2136 / 2149 ]
[ Step 2137 / 2149 ]
[ Step 2138 / 2149 ]
[ Step 2139 / 2149 ]
[ Step 2140 / 2149 ]
Step [2140/2149]	 Computing features...
[ Step 2141 / 2149 ]
[ Step 2142 / 2149 ]
[ Step 2143 / 2149 ]
[ Step 2144 / 2149 ]
[ Step 2145 / 2149 ]
[ Step 2146 / 2149 ]
[ Step 2147 / 2149 ]
[ Step 2148 / 2149 ]
[ Step 0 / 926 ]
Step [0/926]	 Computing features...
[ Step 1 / 926 ]
[ Step 2 / 926 ]
[ Step 3 / 926 ]
[ Step 4 / 926 ]
[ Step 5 / 926 ]
[ Step 6 / 926 ]
[ Step 7 / 926 ]
[ Step 8 / 926 ]
[ Step 9 / 926 ]
[ Step 10 / 926 ]
[ Step 11 / 926 ]
[ Step 12 / 926 ]
[ Step 13 / 926 ]
[ Step 14 / 926 ]
[ Step 15 / 926 ]
[ Step 16 / 926 ]
[ Step 17 / 926 ]
[ Step 18 / 926 ]
[ Step 19 / 926 ]
[ Step 20 / 926 ]
Step [20/926]	 Computing features...
[ Step 21 / 926 ]
[ Step 22 / 926 ]
[ Step 23 / 926 ]
[ Step 24 / 926 ]
[ Step 25 / 926 ]
[ Step 26 / 926 ]
[ Step 27 / 926 ]
[ Step 28 / 926 ]
[ Step 29 / 926 ]
[ Step 30 / 926 ]
[ Step 31 / 926 ]
[ Step 32 / 926 ]
[ Step 33 / 926 ]
[ Step 34 / 926 ]
[ Step 35 / 926 ]
[ Step 36 / 926 ]
[ Step 37 / 926 ]
[ Step 38 / 926 ]
[ Step 39 / 926 ]
[ Step 40 / 926 ]
Step [40/926]	 Computing features...
[ Step 41 / 926 ]
[ Step 42 / 926 ]
[ Step 43 / 926 ]
[ Step 44 / 926 ]
[ Step 45 / 926 ]
[ Step 46 / 926 ]
[ Step 47 / 926 ]
[ Step 48 / 926 ]
[ Step 49 / 926 ]
[ Step 50 / 926 ]
[ Step 51 / 926 ]
[ Step 52 / 926 ]
[ Step 53 / 926 ]
[ Step 54 / 926 ]
[ Step 55 / 926 ]
[ Step 56 / 926 ]
[ Step 57 / 926 ]
[ Step 58 / 926 ]
[ Step 59 / 926 ]
[ Step 60 / 926 ]
Step [60/926]	 Computing features...
[ Step 61 / 926 ]
[ Step 62 / 926 ]
[ Step 63 / 926 ]
[ Step 64 / 926 ]
[ Step 65 / 926 ]
[ Step 66 / 926 ]
[ Step 67 / 926 ]
[ Step 68 / 926 ]
[ Step 69 / 926 ]
[ Step 70 / 926 ]
[ Step 71 / 926 ]
[ Step 72 / 926 ]
[ Step 73 / 926 ]
[ Step 74 / 926 ]
[ Step 75 / 926 ]
[ Step 76 / 926 ]
[ Step 77 / 926 ]
[ Step 78 / 926 ]
[ Step 79 / 926 ]
[ Step 80 / 926 ]
Step [80/926]	 Computing features...
[ Step 81 / 926 ]
[ Step 82 / 926 ]
[ Step 83 / 926 ]
[ Step 84 / 926 ]
[ Step 85 / 926 ]
[ Step 86 / 926 ]
[ Step 87 / 926 ]
[ Step 88 / 926 ]
[ Step 89 / 926 ]
[ Step 90 / 926 ]
[ Step 91 / 926 ]
[ Step 92 / 926 ]
[ Step 93 / 926 ]
[ Step 94 / 926 ]
[ Step 95 / 926 ]
[ Step 96 / 926 ]
[ Step 97 / 926 ]
[ Step 98 / 926 ]
[ Step 99 / 926 ]
[ Step 100 / 926 ]
Step [100/926]	 Computing features...
[ Step 101 / 926 ]
[ Step 102 / 926 ]
[ Step 103 / 926 ]
[ Step 104 / 926 ]
[ Step 105 / 926 ]
[ Step 106 / 926 ]
[ Step 107 / 926 ]
[ Step 108 / 926 ]
[ Step 109 / 926 ]
[ Step 110 / 926 ]
[ Step 111 / 926 ]
[ Step 112 / 926 ]
[ Step 113 / 926 ]
[ Step 114 / 926 ]
[ Step 115 / 926 ]
[ Step 116 / 926 ]
[ Step 117 / 926 ]
[ Step 118 / 926 ]
[ Step 119 / 926 ]
[ Step 120 / 926 ]
Step [120/926]	 Computing features...
[ Step 121 / 926 ]
[ Step 122 / 926 ]
[ Step 123 / 926 ]
[ Step 124 / 926 ]
[ Step 125 / 926 ]
[ Step 126 / 926 ]
[ Step 127 / 926 ]
[ Step 128 / 926 ]
[ Step 129 / 926 ]
[ Step 130 / 926 ]
[ Step 131 / 926 ]
[ Step 132 / 926 ]
[ Step 133 / 926 ]
[ Step 134 / 926 ]
[ Step 135 / 926 ]
[ Step 136 / 926 ]
[ Step 137 / 926 ]
[ Step 138 / 926 ]
[ Step 139 / 926 ]
[ Step 140 / 926 ]
Step [140/926]	 Computing features...
[ Step 141 / 926 ]
[ Step 142 / 926 ]
[ Step 143 / 926 ]
[ Step 144 / 926 ]
[ Step 145 / 926 ]
[ Step 146 / 926 ]
[ Step 147 / 926 ]
[ Step 148 / 926 ]
[ Step 149 / 926 ]
[ Step 150 / 926 ]
[ Step 151 / 926 ]
[ Step 152 / 926 ]
[ Step 153 / 926 ]
[ Step 154 / 926 ]
[ Step 155 / 926 ]
[ Step 156 / 926 ]
[ Step 157 / 926 ]
[ Step 158 / 926 ]
[ Step 159 / 926 ]
[ Step 160 / 926 ]
Step [160/926]	 Computing features...
[ Step 161 / 926 ]
[ Step 162 / 926 ]
[ Step 163 / 926 ]
[ Step 164 / 926 ]
[ Step 165 / 926 ]
[ Step 166 / 926 ]
[ Step 167 / 926 ]
[ Step 168 / 926 ]
[ Step 169 / 926 ]
[ Step 170 / 926 ]
[ Step 171 / 926 ]
[ Step 172 / 926 ]
[ Step 173 / 926 ]
[ Step 174 / 926 ]
[ Step 175 / 926 ]
[ Step 176 / 926 ]
[ Step 177 / 926 ]
[ Step 178 / 926 ]
[ Step 179 / 926 ]
[ Step 180 / 926 ]
Step [180/926]	 Computing features...
[ Step 181 / 926 ]
[ Step 182 / 926 ]
[ Step 183 / 926 ]
[ Step 184 / 926 ]
[ Step 185 / 926 ]
[ Step 186 / 926 ]
[ Step 187 / 926 ]
[ Step 188 / 926 ]
[ Step 189 / 926 ]
[ Step 190 / 926 ]
[ Step 191 / 926 ]
[ Step 192 / 926 ]
[ Step 193 / 926 ]
[ Step 194 / 926 ]
[ Step 195 / 926 ]
[ Step 196 / 926 ]
[ Step 197 / 926 ]
[ Step 198 / 926 ]
[ Step 199 / 926 ]
[ Step 200 / 926 ]
Step [200/926]	 Computing features...
[ Step 201 / 926 ]
[ Step 202 / 926 ]
[ Step 203 / 926 ]
[ Step 204 / 926 ]
[ Step 205 / 926 ]
[ Step 206 / 926 ]
[ Step 207 / 926 ]
[ Step 208 / 926 ]
[ Step 209 / 926 ]
[ Step 210 / 926 ]
[ Step 211 / 926 ]
[ Step 212 / 926 ]
[ Step 213 / 926 ]
[ Step 214 / 926 ]
[ Step 215 / 926 ]
[ Step 216 / 926 ]
[ Step 217 / 926 ]
[ Step 218 / 926 ]
[ Step 219 / 926 ]
[ Step 220 / 926 ]
Step [220/926]	 Computing features...
[ Step 221 / 926 ]
[ Step 222 / 926 ]
[ Step 223 / 926 ]
[ Step 224 / 926 ]
[ Step 225 / 926 ]
[ Step 226 / 926 ]
[ Step 227 / 926 ]
[ Step 228 / 926 ]
[ Step 229 / 926 ]
[ Step 230 / 926 ]
[ Step 231 / 926 ]
[ Step 232 / 926 ]
[ Step 233 / 926 ]
[ Step 234 / 926 ]
[ Step 235 / 926 ]
[ Step 236 / 926 ]
[ Step 237 / 926 ]
[ Step 238 / 926 ]
[ Step 239 / 926 ]
[ Step 240 / 926 ]
Step [240/926]	 Computing features...
[ Step 241 / 926 ]
[ Step 242 / 926 ]
[ Step 243 / 926 ]
[ Step 244 / 926 ]
[ Step 245 / 926 ]
[ Step 246 / 926 ]
[ Step 247 / 926 ]
[ Step 248 / 926 ]
[ Step 249 / 926 ]
[ Step 250 / 926 ]
[ Step 251 / 926 ]
[ Step 252 / 926 ]
[ Step 253 / 926 ]
[ Step 254 / 926 ]
[ Step 255 / 926 ]
[ Step 256 / 926 ]
[ Step 257 / 926 ]
[ Step 258 / 926 ]
[ Step 259 / 926 ]
[ Step 260 / 926 ]
Step [260/926]	 Computing features...
[ Step 261 / 926 ]
[ Step 262 / 926 ]
[ Step 263 / 926 ]
[ Step 264 / 926 ]
[ Step 265 / 926 ]
[ Step 266 / 926 ]
[ Step 267 / 926 ]
[ Step 268 / 926 ]
[ Step 269 / 926 ]
[ Step 270 / 926 ]
[ Step 271 / 926 ]
[ Step 272 / 926 ]
[ Step 273 / 926 ]
[ Step 274 / 926 ]
[ Step 275 / 926 ]
[ Step 276 / 926 ]
[ Step 277 / 926 ]
[ Step 278 / 926 ]
[ Step 279 / 926 ]
[ Step 280 / 926 ]
Step [280/926]	 Computing features...
[ Step 281 / 926 ]
[ Step 282 / 926 ]
[ Step 283 / 926 ]
[ Step 284 / 926 ]
[ Step 285 / 926 ]
[ Step 286 / 926 ]
[ Step 287 / 926 ]
[ Step 288 / 926 ]
[ Step 289 / 926 ]
[ Step 290 / 926 ]
[ Step 291 / 926 ]
[ Step 292 / 926 ]
[ Step 293 / 926 ]
[ Step 294 / 926 ]
[ Step 295 / 926 ]
[ Step 296 / 926 ]
[ Step 297 / 926 ]
[ Step 298 / 926 ]
[ Step 299 / 926 ]
[ Step 300 / 926 ]
Step [300/926]	 Computing features...
[ Step 301 / 926 ]
[ Step 302 / 926 ]
[ Step 303 / 926 ]
[ Step 304 / 926 ]
[ Step 305 / 926 ]
[ Step 306 / 926 ]
[ Step 307 / 926 ]
[ Step 308 / 926 ]
[ Step 309 / 926 ]
[ Step 310 / 926 ]
[ Step 311 / 926 ]
[ Step 312 / 926 ]
[ Step 313 / 926 ]
[ Step 314 / 926 ]
[ Step 315 / 926 ]
[ Step 316 / 926 ]
[ Step 317 / 926 ]
[ Step 318 / 926 ]
[ Step 319 / 926 ]
[ Step 320 / 926 ]
Step [320/926]	 Computing features...
[ Step 321 / 926 ]
[ Step 322 / 926 ]
[ Step 323 / 926 ]
[ Step 324 / 926 ]
[ Step 325 / 926 ]
[ Step 326 / 926 ]
[ Step 327 / 926 ]
[ Step 328 / 926 ]
[ Step 329 / 926 ]
[ Step 330 / 926 ]
[ Step 331 / 926 ]
[ Step 332 / 926 ]
[ Step 333 / 926 ]
[ Step 334 / 926 ]
[ Step 335 / 926 ]
[ Step 336 / 926 ]
[ Step 337 / 926 ]
[ Step 338 / 926 ]
[ Step 339 / 926 ]
[ Step 340 / 926 ]
Step [340/926]	 Computing features...
[ Step 341 / 926 ]
[ Step 342 / 926 ]
[ Step 343 / 926 ]
[ Step 344 / 926 ]
[ Step 345 / 926 ]
[ Step 346 / 926 ]
[ Step 347 / 926 ]
[ Step 348 / 926 ]
[ Step 349 / 926 ]
[ Step 350 / 926 ]
[ Step 351 / 926 ]
[ Step 352 / 926 ]
[ Step 353 / 926 ]
[ Step 354 / 926 ]
[ Step 355 / 926 ]
[ Step 356 / 926 ]
[ Step 357 / 926 ]
[ Step 358 / 926 ]
[ Step 359 / 926 ]
[ Step 360 / 926 ]
Step [360/926]	 Computing features...
[ Step 361 / 926 ]
[ Step 362 / 926 ]
[ Step 363 / 926 ]
[ Step 364 / 926 ]
[ Step 365 / 926 ]
[ Step 366 / 926 ]
[ Step 367 / 926 ]
[ Step 368 / 926 ]
[ Step 369 / 926 ]
[ Step 370 / 926 ]
[ Step 371 / 926 ]
[ Step 372 / 926 ]
[ Step 373 / 926 ]
[ Step 374 / 926 ]
[ Step 375 / 926 ]
[ Step 376 / 926 ]
[ Step 377 / 926 ]
[ Step 378 / 926 ]
[ Step 379 / 926 ]
[ Step 380 / 926 ]
Step [380/926]	 Computing features...
[ Step 381 / 926 ]
[ Step 382 / 926 ]
[ Step 383 / 926 ]
[ Step 384 / 926 ]
[ Step 385 / 926 ]
[ Step 386 / 926 ]
[ Step 387 / 926 ]
[ Step 388 / 926 ]
[ Step 389 / 926 ]
[ Step 390 / 926 ]
[ Step 391 / 926 ]
[ Step 392 / 926 ]
[ Step 393 / 926 ]
[ Step 394 / 926 ]
[ Step 395 / 926 ]
[ Step 396 / 926 ]
[ Step 397 / 926 ]
[ Step 398 / 926 ]
[ Step 399 / 926 ]
[ Step 400 / 926 ]
Step [400/926]	 Computing features...
[ Step 401 / 926 ]
[ Step 402 / 926 ]
[ Step 403 / 926 ]
[ Step 404 / 926 ]
[ Step 405 / 926 ]
[ Step 406 / 926 ]
[ Step 407 / 926 ]
[ Step 408 / 926 ]
[ Step 409 / 926 ]
[ Step 410 / 926 ]
[ Step 411 / 926 ]
[ Step 412 / 926 ]
[ Step 413 / 926 ]
[ Step 414 / 926 ]
[ Step 415 / 926 ]
[ Step 416 / 926 ]
[ Step 417 / 926 ]
[ Step 418 / 926 ]
[ Step 419 / 926 ]
[ Step 420 / 926 ]
Step [420/926]	 Computing features...
[ Step 421 / 926 ]
[ Step 422 / 926 ]
[ Step 423 / 926 ]
[ Step 424 / 926 ]
[ Step 425 / 926 ]
[ Step 426 / 926 ]
[ Step 427 / 926 ]
[ Step 428 / 926 ]
[ Step 429 / 926 ]
[ Step 430 / 926 ]
[ Step 431 / 926 ]
[ Step 432 / 926 ]
[ Step 433 / 926 ]
[ Step 434 / 926 ]
[ Step 435 / 926 ]
[ Step 436 / 926 ]
[ Step 437 / 926 ]
[ Step 438 / 926 ]
[ Step 439 / 926 ]
[ Step 440 / 926 ]
Step [440/926]	 Computing features...
[ Step 441 / 926 ]
[ Step 442 / 926 ]
[ Step 443 / 926 ]
[ Step 444 / 926 ]
[ Step 445 / 926 ]
[ Step 446 / 926 ]
[ Step 447 / 926 ]
[ Step 448 / 926 ]
[ Step 449 / 926 ]
[ Step 450 / 926 ]
[ Step 451 / 926 ]
[ Step 452 / 926 ]
[ Step 453 / 926 ]
[ Step 454 / 926 ]
[ Step 455 / 926 ]
[ Step 456 / 926 ]
[ Step 457 / 926 ]
[ Step 458 / 926 ]
[ Step 459 / 926 ]
[ Step 460 / 926 ]
Step [460/926]	 Computing features...
[ Step 461 / 926 ]
[ Step 462 / 926 ]
[ Step 463 / 926 ]
[ Step 464 / 926 ]
[ Step 465 / 926 ]
[ Step 466 / 926 ]
[ Step 467 / 926 ]
[ Step 468 / 926 ]
[ Step 469 / 926 ]
[ Step 470 / 926 ]
[ Step 471 / 926 ]
[ Step 472 / 926 ]
[ Step 473 / 926 ]
[ Step 474 / 926 ]
[ Step 475 / 926 ]
[ Step 476 / 926 ]
[ Step 477 / 926 ]
[ Step 478 / 926 ]
[ Step 479 / 926 ]
[ Step 480 / 926 ]
Step [480/926]	 Computing features...
[ Step 481 / 926 ]
[ Step 482 / 926 ]
[ Step 483 / 926 ]
[ Step 484 / 926 ]
[ Step 485 / 926 ]
[ Step 486 / 926 ]
[ Step 487 / 926 ]
[ Step 488 / 926 ]
[ Step 489 / 926 ]
[ Step 490 / 926 ]
[ Step 491 / 926 ]
[ Step 492 / 926 ]
[ Step 493 / 926 ]
[ Step 494 / 926 ]
[ Step 495 / 926 ]
[ Step 496 / 926 ]
[ Step 497 / 926 ]
[ Step 498 / 926 ]
[ Step 499 / 926 ]
[ Step 500 / 926 ]
Step [500/926]	 Computing features...
[ Step 501 / 926 ]
[ Step 502 / 926 ]
[ Step 503 / 926 ]
[ Step 504 / 926 ]
[ Step 505 / 926 ]
[ Step 506 / 926 ]
[ Step 507 / 926 ]
[ Step 508 / 926 ]
[ Step 509 / 926 ]
[ Step 510 / 926 ]
[ Step 511 / 926 ]
[ Step 512 / 926 ]
[ Step 513 / 926 ]
[ Step 514 / 926 ]
[ Step 515 / 926 ]
[ Step 516 / 926 ]
[ Step 517 / 926 ]
[ Step 518 / 926 ]
[ Step 519 / 926 ]
[ Step 520 / 926 ]
Step [520/926]	 Computing features...
[ Step 521 / 926 ]
[ Step 522 / 926 ]
[ Step 523 / 926 ]
[ Step 524 / 926 ]
[ Step 525 / 926 ]
[ Step 526 / 926 ]
[ Step 527 / 926 ]
[ Step 528 / 926 ]
[ Step 529 / 926 ]
[ Step 530 / 926 ]
[ Step 531 / 926 ]
[ Step 532 / 926 ]
[ Step 533 / 926 ]
[ Step 534 / 926 ]
[ Step 535 / 926 ]
[ Step 536 / 926 ]
[ Step 537 / 926 ]
[ Step 538 / 926 ]
[ Step 539 / 926 ]
[ Step 540 / 926 ]
Step [540/926]	 Computing features...
[ Step 541 / 926 ]
[ Step 542 / 926 ]
[ Step 543 / 926 ]
[ Step 544 / 926 ]
[ Step 545 / 926 ]
[ Step 546 / 926 ]
[ Step 547 / 926 ]
[ Step 548 / 926 ]
[ Step 549 / 926 ]
[ Step 550 / 926 ]
[ Step 551 / 926 ]
[ Step 552 / 926 ]
[ Step 553 / 926 ]
[ Step 554 / 926 ]
[ Step 555 / 926 ]
[ Step 556 / 926 ]
[ Step 557 / 926 ]
[ Step 558 / 926 ]
[ Step 559 / 926 ]
[ Step 560 / 926 ]
Step [560/926]	 Computing features...
[ Step 561 / 926 ]
[ Step 562 / 926 ]
[ Step 563 / 926 ]
[ Step 564 / 926 ]
[ Step 565 / 926 ]
[ Step 566 / 926 ]
[ Step 567 / 926 ]
[ Step 568 / 926 ]
[ Step 569 / 926 ]
[ Step 570 / 926 ]
[ Step 571 / 926 ]
[ Step 572 / 926 ]
[ Step 573 / 926 ]
[ Step 574 / 926 ]
[ Step 575 / 926 ]
[ Step 576 / 926 ]
[ Step 577 / 926 ]
[ Step 578 / 926 ]
[ Step 579 / 926 ]
[ Step 580 / 926 ]
Step [580/926]	 Computing features...
[ Step 581 / 926 ]
[ Step 582 / 926 ]
[ Step 583 / 926 ]
[ Step 584 / 926 ]
[ Step 585 / 926 ]
[ Step 586 / 926 ]
[ Step 587 / 926 ]
[ Step 588 / 926 ]
[ Step 589 / 926 ]
[ Step 590 / 926 ]
[ Step 591 / 926 ]
[ Step 592 / 926 ]
[ Step 593 / 926 ]
[ Step 594 / 926 ]
[ Step 595 / 926 ]
[ Step 596 / 926 ]
[ Step 597 / 926 ]
[ Step 598 / 926 ]
[ Step 599 / 926 ]
[ Step 600 / 926 ]
Step [600/926]	 Computing features...
[ Step 601 / 926 ]
[ Step 602 / 926 ]
[ Step 603 / 926 ]
[ Step 604 / 926 ]
[ Step 605 / 926 ]
[ Step 606 / 926 ]
[ Step 607 / 926 ]
[ Step 608 / 926 ]
[ Step 609 / 926 ]
[ Step 610 / 926 ]
[ Step 611 / 926 ]
[ Step 612 / 926 ]
[ Step 613 / 926 ]
[ Step 614 / 926 ]
[ Step 615 / 926 ]
[ Step 616 / 926 ]
[ Step 617 / 926 ]
[ Step 618 / 926 ]
[ Step 619 / 926 ]
[ Step 620 / 926 ]
Step [620/926]	 Computing features...
[ Step 621 / 926 ]
[ Step 622 / 926 ]
[ Step 623 / 926 ]
[ Step 624 / 926 ]
[ Step 625 / 926 ]
[ Step 626 / 926 ]
[ Step 627 / 926 ]
[ Step 628 / 926 ]
[ Step 629 / 926 ]
[ Step 630 / 926 ]
[ Step 631 / 926 ]
[ Step 632 / 926 ]
[ Step 633 / 926 ]
[ Step 634 / 926 ]
[ Step 635 / 926 ]
[ Step 636 / 926 ]
[ Step 637 / 926 ]
[ Step 638 / 926 ]
[ Step 639 / 926 ]
[ Step 640 / 926 ]
Step [640/926]	 Computing features...
[ Step 641 / 926 ]
[ Step 642 / 926 ]
[ Step 643 / 926 ]
[ Step 644 / 926 ]
[ Step 645 / 926 ]
[ Step 646 / 926 ]
[ Step 647 / 926 ]
[ Step 648 / 926 ]
[ Step 649 / 926 ]
[ Step 650 / 926 ]
[ Step 651 / 926 ]
[ Step 652 / 926 ]
[ Step 653 / 926 ]
[ Step 654 / 926 ]
[ Step 655 / 926 ]
[ Step 656 / 926 ]
[ Step 657 / 926 ]
[ Step 658 / 926 ]
[ Step 659 / 926 ]
[ Step 660 / 926 ]
Step [660/926]	 Computing features...
[ Step 661 / 926 ]
[ Step 662 / 926 ]
[ Step 663 / 926 ]
[ Step 664 / 926 ]
[ Step 665 / 926 ]
[ Step 666 / 926 ]
[ Step 667 / 926 ]
[ Step 668 / 926 ]
[ Step 669 / 926 ]
[ Step 670 / 926 ]
[ Step 671 / 926 ]
[ Step 672 / 926 ]
[ Step 673 / 926 ]
[ Step 674 / 926 ]
[ Step 675 / 926 ]
[ Step 676 / 926 ]
[ Step 677 / 926 ]
[ Step 678 / 926 ]
[ Step 679 / 926 ]
[ Step 680 / 926 ]
Step [680/926]	 Computing features...
[ Step 681 / 926 ]
[ Step 682 / 926 ]
[ Step 683 / 926 ]
[ Step 684 / 926 ]
[ Step 685 / 926 ]
[ Step 686 / 926 ]
[ Step 687 / 926 ]
[ Step 688 / 926 ]
[ Step 689 / 926 ]
[ Step 690 / 926 ]
[ Step 691 / 926 ]
[ Step 692 / 926 ]
[ Step 693 / 926 ]
[ Step 694 / 926 ]
[ Step 695 / 926 ]
[ Step 696 / 926 ]
[ Step 697 / 926 ]
[ Step 698 / 926 ]
[ Step 699 / 926 ]
[ Step 700 / 926 ]
Step [700/926]	 Computing features...
[ Step 701 / 926 ]
[ Step 702 / 926 ]
[ Step 703 / 926 ]
[ Step 704 / 926 ]
[ Step 705 / 926 ]
[ Step 706 / 926 ]
[ Step 707 / 926 ]
[ Step 708 / 926 ]
[ Step 709 / 926 ]
[ Step 710 / 926 ]
[ Step 711 / 926 ]
[ Step 712 / 926 ]
[ Step 713 / 926 ]
[ Step 714 / 926 ]
[ Step 715 / 926 ]
[ Step 716 / 926 ]
[ Step 717 / 926 ]
[ Step 718 / 926 ]
[ Step 719 / 926 ]
[ Step 720 / 926 ]
Step [720/926]	 Computing features...
[ Step 721 / 926 ]
[ Step 722 / 926 ]
[ Step 723 / 926 ]
[ Step 724 / 926 ]
[ Step 725 / 926 ]
[ Step 726 / 926 ]
[ Step 727 / 926 ]
[ Step 728 / 926 ]
[ Step 729 / 926 ]
[ Step 730 / 926 ]
[ Step 731 / 926 ]
[ Step 732 / 926 ]
[ Step 733 / 926 ]
[ Step 734 / 926 ]
[ Step 735 / 926 ]
[ Step 736 / 926 ]
[ Step 737 / 926 ]
[ Step 738 / 926 ]
[ Step 739 / 926 ]
[ Step 740 / 926 ]
Step [740/926]	 Computing features...
[ Step 741 / 926 ]
[ Step 742 / 926 ]
[ Step 743 / 926 ]
[ Step 744 / 926 ]
[ Step 745 / 926 ]
[ Step 746 / 926 ]
[ Step 747 / 926 ]
[ Step 748 / 926 ]
[ Step 749 / 926 ]
[ Step 750 / 926 ]
[ Step 751 / 926 ]
[ Step 752 / 926 ]
[ Step 753 / 926 ]
[ Step 754 / 926 ]
[ Step 755 / 926 ]
[ Step 756 / 926 ]
[ Step 757 / 926 ]
[ Step 758 / 926 ]
[ Step 759 / 926 ]
[ Step 760 / 926 ]
Step [760/926]	 Computing features...
[ Step 761 / 926 ]
[ Step 762 / 926 ]
[ Step 763 / 926 ]
[ Step 764 / 926 ]
[ Step 765 / 926 ]
[ Step 766 / 926 ]
[ Step 767 / 926 ]
[ Step 768 / 926 ]
[ Step 769 / 926 ]
[ Step 770 / 926 ]
[ Step 771 / 926 ]
[ Step 772 / 926 ]
[ Step 773 / 926 ]
[ Step 774 / 926 ]
[ Step 775 / 926 ]
[ Step 776 / 926 ]
[ Step 777 / 926 ]
[ Step 778 / 926 ]
[ Step 779 / 926 ]
[ Step 780 / 926 ]
Step [780/926]	 Computing features...
[ Step 781 / 926 ]
[ Step 782 / 926 ]
[ Step 783 / 926 ]
[ Step 784 / 926 ]
[ Step 785 / 926 ]
[ Step 786 / 926 ]
[ Step 787 / 926 ]
[ Step 788 / 926 ]
[ Step 789 / 926 ]
[ Step 790 / 926 ]
[ Step 791 / 926 ]
[ Step 792 / 926 ]
[ Step 793 / 926 ]
[ Step 794 / 926 ]
[ Step 795 / 926 ]
[ Step 796 / 926 ]
[ Step 797 / 926 ]
[ Step 798 / 926 ]
[ Step 799 / 926 ]
[ Step 800 / 926 ]
Step [800/926]	 Computing features...
[ Step 801 / 926 ]
[ Step 802 / 926 ]
[ Step 803 / 926 ]
[ Step 804 / 926 ]
[ Step 805 / 926 ]
[ Step 806 / 926 ]
[ Step 807 / 926 ]
[ Step 808 / 926 ]
[ Step 809 / 926 ]
[ Step 810 / 926 ]
[ Step 811 / 926 ]
[ Step 812 / 926 ]
[ Step 813 / 926 ]
[ Step 814 / 926 ]
[ Step 815 / 926 ]
[ Step 816 / 926 ]
[ Step 817 / 926 ]
[ Step 818 / 926 ]
[ Step 819 / 926 ]
[ Step 820 / 926 ]
Step [820/926]	 Computing features...
[ Step 821 / 926 ]
[ Step 822 / 926 ]
[ Step 823 / 926 ]
[ Step 824 / 926 ]
[ Step 825 / 926 ]
[ Step 826 / 926 ]
[ Step 827 / 926 ]
[ Step 828 / 926 ]
[ Step 829 / 926 ]
[ Step 830 / 926 ]
[ Step 831 / 926 ]
[ Step 832 / 926 ]
[ Step 833 / 926 ]
[ Step 834 / 926 ]
[ Step 835 / 926 ]
[ Step 836 / 926 ]
[ Step 837 / 926 ]
[ Step 838 / 926 ]
[ Step 839 / 926 ]
[ Step 840 / 926 ]
Step [840/926]	 Computing features...
[ Step 841 / 926 ]
[ Step 842 / 926 ]
[ Step 843 / 926 ]
[ Step 844 / 926 ]
[ Step 845 / 926 ]
[ Step 846 / 926 ]
[ Step 847 / 926 ]
[ Step 848 / 926 ]
[ Step 849 / 926 ]
[ Step 850 / 926 ]
[ Step 851 / 926 ]
[ Step 852 / 926 ]
[ Step 853 / 926 ]
[ Step 854 / 926 ]
[ Step 855 / 926 ]
[ Step 856 / 926 ]
[ Step 857 / 926 ]
[ Step 858 / 926 ]
[ Step 859 / 926 ]
[ Step 860 / 926 ]
Step [860/926]	 Computing features...
[ Step 861 / 926 ]
[ Step 862 / 926 ]
[ Step 863 / 926 ]
[ Step 864 / 926 ]
[ Step 865 / 926 ]
[ Step 866 / 926 ]
[ Step 867 / 926 ]
[ Step 868 / 926 ]
[ Step 869 / 926 ]
[ Step 870 / 926 ]
[ Step 871 / 926 ]
[ Step 872 / 926 ]
[ Step 873 / 926 ]
[ Step 874 / 926 ]
[ Step 875 / 926 ]
[ Step 876 / 926 ]
[ Step 877 / 926 ]
[ Step 878 / 926 ]
[ Step 879 / 926 ]
[ Step 880 / 926 ]
Step [880/926]	 Computing features...
[ Step 881 / 926 ]
[ Step 882 / 926 ]
[ Step 883 / 926 ]
[ Step 884 / 926 ]
[ Step 885 / 926 ]
[ Step 886 / 926 ]
[ Step 887 / 926 ]
[ Step 888 / 926 ]
[ Step 889 / 926 ]
[ Step 890 / 926 ]
[ Step 891 / 926 ]
[ Step 892 / 926 ]
[ Step 893 / 926 ]
[ Step 894 / 926 ]
[ Step 895 / 926 ]
[ Step 896 / 926 ]
[ Step 897 / 926 ]
[ Step 898 / 926 ]
[ Step 899 / 926 ]
[ Step 900 / 926 ]
Step [900/926]	 Computing features...
[ Step 901 / 926 ]
[ Step 902 / 926 ]
[ Step 903 / 926 ]
[ Step 904 / 926 ]
[ Step 905 / 926 ]
[ Step 906 / 926 ]
[ Step 907 / 926 ]
[ Step 908 / 926 ]
[ Step 909 / 926 ]
[ Step 910 / 926 ]
[ Step 911 / 926 ]
[ Step 912 / 926 ]
[ Step 913 / 926 ]
[ Step 914 / 926 ]
[ Step 915 / 926 ]
[ Step 916 / 926 ]
[ Step 917 / 926 ]
[ Step 918 / 926 ]
[ Step 919 / 926 ]
[ Step 920 / 926 ]
Step [920/926]	 Computing features...
[ Step 921 / 926 ]
[ Step 922 / 926 ]
[ Step 923 / 926 ]
[ Step 924 / 926 ]
[ Step 925 / 926 ]
[ Step 0 / 480 ]
Step [0/480]	 Computing features...
[ Step 1 / 480 ]
[ Step 2 / 480 ]
[ Step 3 / 480 ]
[ Step 4 / 480 ]
[ Step 5 / 480 ]
[ Step 6 / 480 ]
[ Step 7 / 480 ]
[ Step 8 / 480 ]
[ Step 9 / 480 ]
[ Step 10 / 480 ]
[ Step 11 / 480 ]
[ Step 12 / 480 ]
[ Step 13 / 480 ]
[ Step 14 / 480 ]
[ Step 15 / 480 ]
[ Step 16 / 480 ]
[ Step 17 / 480 ]
[ Step 18 / 480 ]
[ Step 19 / 480 ]
[ Step 20 / 480 ]
Step [20/480]	 Computing features...
[ Step 21 / 480 ]
[ Step 22 / 480 ]
[ Step 23 / 480 ]
[ Step 24 / 480 ]
[ Step 25 / 480 ]
[ Step 26 / 480 ]
[ Step 27 / 480 ]
[ Step 28 / 480 ]
[ Step 29 / 480 ]
[ Step 30 / 480 ]
[ Step 31 / 480 ]
[ Step 32 / 480 ]
[ Step 33 / 480 ]
[ Step 34 / 480 ]
[ Step 35 / 480 ]
[ Step 36 / 480 ]
[ Step 37 / 480 ]
[ Step 38 / 480 ]
[ Step 39 / 480 ]
[ Step 40 / 480 ]
Step [40/480]	 Computing features...
[ Step 41 / 480 ]
[ Step 42 / 480 ]
[ Step 43 / 480 ]
[ Step 44 / 480 ]
[ Step 45 / 480 ]
[ Step 46 / 480 ]
[ Step 47 / 480 ]
[ Step 48 / 480 ]
[ Step 49 / 480 ]
[ Step 50 / 480 ]
[ Step 51 / 480 ]
[ Step 52 / 480 ]
[ Step 53 / 480 ]
[ Step 54 / 480 ]
[ Step 55 / 480 ]
[ Step 56 / 480 ]
[ Step 57 / 480 ]
[ Step 58 / 480 ]
[ Step 59 / 480 ]
[ Step 60 / 480 ]
Step [60/480]	 Computing features...
[ Step 61 / 480 ]
[ Step 62 / 480 ]
[ Step 63 / 480 ]
[ Step 64 / 480 ]
[ Step 65 / 480 ]
[ Step 66 / 480 ]
[ Step 67 / 480 ]
[ Step 68 / 480 ]
[ Step 69 / 480 ]
[ Step 70 / 480 ]
[ Step 71 / 480 ]
[ Step 72 / 480 ]
[ Step 73 / 480 ]
[ Step 74 / 480 ]
[ Step 75 / 480 ]
[ Step 76 / 480 ]
[ Step 77 / 480 ]
[ Step 78 / 480 ]
[ Step 79 / 480 ]
[ Step 80 / 480 ]
Step [80/480]	 Computing features...
[ Step 81 / 480 ]
[ Step 82 / 480 ]
[ Step 83 / 480 ]
[ Step 84 / 480 ]
[ Step 85 / 480 ]
[ Step 86 / 480 ]
[ Step 87 / 480 ]
[ Step 88 / 480 ]
[ Step 89 / 480 ]
[ Step 90 / 480 ]
[ Step 91 / 480 ]
[ Step 92 / 480 ]
[ Step 93 / 480 ]
[ Step 94 / 480 ]
[ Step 95 / 480 ]
[ Step 96 / 480 ]
[ Step 97 / 480 ]
[ Step 98 / 480 ]
[ Step 99 / 480 ]
[ Step 100 / 480 ]
Step [100/480]	 Computing features...
[ Step 101 / 480 ]
[ Step 102 / 480 ]
[ Step 103 / 480 ]
[ Step 104 / 480 ]
[ Step 105 / 480 ]
[ Step 106 / 480 ]
[ Step 107 / 480 ]
[ Step 108 / 480 ]
[ Step 109 / 480 ]
[ Step 110 / 480 ]
[ Step 111 / 480 ]
[ Step 112 / 480 ]
[ Step 113 / 480 ]
[ Step 114 / 480 ]
[ Step 115 / 480 ]
[ Step 116 / 480 ]
[ Step 117 / 480 ]
[ Step 118 / 480 ]
[ Step 119 / 480 ]
[ Step 120 / 480 ]
Step [120/480]	 Computing features...
[ Step 121 / 480 ]
[ Step 122 / 480 ]
[ Step 123 / 480 ]
[ Step 124 / 480 ]
[ Step 125 / 480 ]
[ Step 126 / 480 ]
[ Step 127 / 480 ]
[ Step 128 / 480 ]
[ Step 129 / 480 ]
[ Step 130 / 480 ]
[ Step 131 / 480 ]
[ Step 132 / 480 ]
[ Step 133 / 480 ]
[ Step 134 / 480 ]
[ Step 135 / 480 ]
[ Step 136 / 480 ]
[ Step 137 / 480 ]
[ Step 138 / 480 ]
[ Step 139 / 480 ]
[ Step 140 / 480 ]
Step [140/480]	 Computing features...
[ Step 141 / 480 ]
[ Step 142 / 480 ]
[ Step 143 / 480 ]
[ Step 144 / 480 ]
[ Step 145 / 480 ]
[ Step 146 / 480 ]
[ Step 147 / 480 ]
[ Step 148 / 480 ]
[ Step 149 / 480 ]
[ Step 150 / 480 ]
[ Step 151 / 480 ]
[ Step 152 / 480 ]
[ Step 153 / 480 ]
[ Step 154 / 480 ]
[ Step 155 / 480 ]
[ Step 156 / 480 ]
[ Step 157 / 480 ]
[ Step 158 / 480 ]
[ Step 159 / 480 ]
[ Step 160 / 480 ]
Step [160/480]	 Computing features...
[ Step 161 / 480 ]
[ Step 162 / 480 ]
[ Step 163 / 480 ]
[ Step 164 / 480 ]
[ Step 165 / 480 ]
[ Step 166 / 480 ]
[ Step 167 / 480 ]
[ Step 168 / 480 ]
[ Step 169 / 480 ]
[ Step 170 / 480 ]
[ Step 171 / 480 ]
[ Step 172 / 480 ]
[ Step 173 / 480 ]
[ Step 174 / 480 ]
[ Step 175 / 480 ]
[ Step 176 / 480 ]
[ Step 177 / 480 ]
[ Step 178 / 480 ]
[ Step 179 / 480 ]
[ Step 180 / 480 ]
Step [180/480]	 Computing features...
[ Step 181 / 480 ]
[ Step 182 / 480 ]
[ Step 183 / 480 ]
[ Step 184 / 480 ]
[ Step 185 / 480 ]
[ Step 186 / 480 ]
[ Step 187 / 480 ]
[ Step 188 / 480 ]
[ Step 189 / 480 ]
[ Step 190 / 480 ]
[ Step 191 / 480 ]
[ Step 192 / 480 ]
[ Step 193 / 480 ]
[ Step 194 / 480 ]
[ Step 195 / 480 ]
[ Step 196 / 480 ]
[ Step 197 / 480 ]
[ Step 198 / 480 ]
[ Step 199 / 480 ]
[ Step 200 / 480 ]
Step [200/480]	 Computing features...
[ Step 201 / 480 ]
[ Step 202 / 480 ]
[ Step 203 / 480 ]
[ Step 204 / 480 ]
[ Step 205 / 480 ]
[ Step 206 / 480 ]
[ Step 207 / 480 ]
[ Step 208 / 480 ]
[ Step 209 / 480 ]
[ Step 210 / 480 ]
[ Step 211 / 480 ]
[ Step 212 / 480 ]
[ Step 213 / 480 ]
[ Step 214 / 480 ]
[ Step 215 / 480 ]
[ Step 216 / 480 ]
[ Step 217 / 480 ]
[ Step 218 / 480 ]
[ Step 219 / 480 ]
[ Step 220 / 480 ]
Step [220/480]	 Computing features...
[ Step 221 / 480 ]
[ Step 222 / 480 ]
[ Step 223 / 480 ]
[ Step 224 / 480 ]
[ Step 225 / 480 ]
[ Step 226 / 480 ]
[ Step 227 / 480 ]
[ Step 228 / 480 ]
[ Step 229 / 480 ]
[ Step 230 / 480 ]
[ Step 231 / 480 ]
[ Step 232 / 480 ]
[ Step 233 / 480 ]
[ Step 234 / 480 ]
[ Step 235 / 480 ]
[ Step 236 / 480 ]
[ Step 237 / 480 ]
[ Step 238 / 480 ]
[ Step 239 / 480 ]
[ Step 240 / 480 ]
Step [240/480]	 Computing features...
[ Step 241 / 480 ]
[ Step 242 / 480 ]
[ Step 243 / 480 ]
[ Step 244 / 480 ]
[ Step 245 / 480 ]
[ Step 246 / 480 ]
[ Step 247 / 480 ]
[ Step 248 / 480 ]
[ Step 249 / 480 ]
[ Step 250 / 480 ]
[ Step 251 / 480 ]
[ Step 252 / 480 ]
[ Step 253 / 480 ]
[ Step 254 / 480 ]
[ Step 255 / 480 ]
[ Step 256 / 480 ]
[ Step 257 / 480 ]
[ Step 258 / 480 ]
[ Step 259 / 480 ]
[ Step 260 / 480 ]
Step [260/480]	 Computing features...
[ Step 261 / 480 ]
[ Step 262 / 480 ]
[ Step 263 / 480 ]
[ Step 264 / 480 ]
[ Step 265 / 480 ]
[ Step 266 / 480 ]
[ Step 267 / 480 ]
[ Step 268 / 480 ]
[ Step 269 / 480 ]
[ Step 270 / 480 ]
[ Step 271 / 480 ]
[ Step 272 / 480 ]
[ Step 273 / 480 ]
[ Step 274 / 480 ]
[ Step 275 / 480 ]
[ Step 276 / 480 ]
[ Step 277 / 480 ]
[ Step 278 / 480 ]
[ Step 279 / 480 ]
[ Step 280 / 480 ]
Step [280/480]	 Computing features...
[ Step 281 / 480 ]
[ Step 282 / 480 ]
[ Step 283 / 480 ]
[ Step 284 / 480 ]
[ Step 285 / 480 ]
[ Step 286 / 480 ]
[ Step 287 / 480 ]
[ Step 288 / 480 ]
[ Step 289 / 480 ]
[ Step 290 / 480 ]
[ Step 291 / 480 ]
[ Step 292 / 480 ]
[ Step 293 / 480 ]
[ Step 294 / 480 ]
[ Step 295 / 480 ]
[ Step 296 / 480 ]
[ Step 297 / 480 ]
[ Step 298 / 480 ]
[ Step 299 / 480 ]
[ Step 300 / 480 ]
Step [300/480]	 Computing features...
[ Step 301 / 480 ]
[ Step 302 / 480 ]
[ Step 303 / 480 ]
[ Step 304 / 480 ]
[ Step 305 / 480 ]
[ Step 306 / 480 ]
[ Step 307 / 480 ]
[ Step 308 / 480 ]
[ Step 309 / 480 ]
[ Step 310 / 480 ]
[ Step 311 / 480 ]
[ Step 312 / 480 ]
[ Step 313 / 480 ]
[ Step 314 / 480 ]
[ Step 315 / 480 ]
[ Step 316 / 480 ]
[ Step 317 / 480 ]
[ Step 318 / 480 ]
[ Step 319 / 480 ]
[ Step 320 / 480 ]
Step [320/480]	 Computing features...
[ Step 321 / 480 ]
[ Step 322 / 480 ]
[ Step 323 / 480 ]
[ Step 324 / 480 ]
[ Step 325 / 480 ]
[ Step 326 / 480 ]
[ Step 327 / 480 ]
[ Step 328 / 480 ]
[ Step 329 / 480 ]
[ Step 330 / 480 ]
[ Step 331 / 480 ]
[ Step 332 / 480 ]
[ Step 333 / 480 ]
[ Step 334 / 480 ]
[ Step 335 / 480 ]
[ Step 336 / 480 ]
[ Step 337 / 480 ]
[ Step 338 / 480 ]
[ Step 339 / 480 ]
[ Step 340 / 480 ]
Step [340/480]	 Computing features...
[ Step 341 / 480 ]
[ Step 342 / 480 ]
[ Step 343 / 480 ]
[ Step 344 / 480 ]
[ Step 345 / 480 ]
[ Step 346 / 480 ]
[ Step 347 / 480 ]
[ Step 348 / 480 ]
[ Step 349 / 480 ]
[ Step 350 / 480 ]
[ Step 351 / 480 ]
[ Step 352 / 480 ]
[ Step 353 / 480 ]
[ Step 354 / 480 ]
[ Step 355 / 480 ]
[ Step 356 / 480 ]
[ Step 357 / 480 ]
[ Step 358 / 480 ]
[ Step 359 / 480 ]
[ Step 360 / 480 ]
Step [360/480]	 Computing features...
[ Step 361 / 480 ]
[ Step 362 / 480 ]
[ Step 363 / 480 ]
[ Step 364 / 480 ]
[ Step 365 / 480 ]
[ Step 366 / 480 ]
[ Step 367 / 480 ]
[ Step 368 / 480 ]
[ Step 369 / 480 ]
[ Step 370 / 480 ]
[ Step 371 / 480 ]
[ Step 372 / 480 ]
[ Step 373 / 480 ]
[ Step 374 / 480 ]
[ Step 375 / 480 ]
[ Step 376 / 480 ]
[ Step 377 / 480 ]
[ Step 378 / 480 ]
[ Step 379 / 480 ]
[ Step 380 / 480 ]
Step [380/480]	 Computing features...
[ Step 381 / 480 ]
[ Step 382 / 480 ]
[ Step 383 / 480 ]
[ Step 384 / 480 ]
[ Step 385 / 480 ]
[ Step 386 / 480 ]
[ Step 387 / 480 ]
[ Step 388 / 480 ]
[ Step 389 / 480 ]
[ Step 390 / 480 ]
[ Step 391 / 480 ]
[ Step 392 / 480 ]
[ Step 393 / 480 ]
[ Step 394 / 480 ]
[ Step 395 / 480 ]
[ Step 396 / 480 ]
[ Step 397 / 480 ]
[ Step 398 / 480 ]
[ Step 399 / 480 ]
[ Step 400 / 480 ]
Step [400/480]	 Computing features...
[ Step 401 / 480 ]
[ Step 402 / 480 ]
[ Step 403 / 480 ]
[ Step 404 / 480 ]
[ Step 405 / 480 ]
[ Step 406 / 480 ]
[ Step 407 / 480 ]
[ Step 408 / 480 ]
[ Step 409 / 480 ]
[ Step 410 / 480 ]
[ Step 411 / 480 ]
[ Step 412 / 480 ]
[ Step 413 / 480 ]
[ Step 414 / 480 ]
[ Step 415 / 480 ]
[ Step 416 / 480 ]
[ Step 417 / 480 ]
[ Step 418 / 480 ]
[ Step 419 / 480 ]
[ Step 420 / 480 ]
Step [420/480]	 Computing features...
[ Step 421 / 480 ]
[ Step 422 / 480 ]
[ Step 423 / 480 ]
[ Step 424 / 480 ]
[ Step 425 / 480 ]
[ Step 426 / 480 ]
[ Step 427 / 480 ]
[ Step 428 / 480 ]
[ Step 429 / 480 ]
[ Step 430 / 480 ]
[ Step 431 / 480 ]
[ Step 432 / 480 ]
[ Step 433 / 480 ]
[ Step 434 / 480 ]
[ Step 435 / 480 ]
[ Step 436 / 480 ]
[ Step 437 / 480 ]
[ Step 438 / 480 ]
[ Step 439 / 480 ]
[ Step 440 / 480 ]
Step [440/480]	 Computing features...
[ Step 441 / 480 ]
[ Step 442 / 480 ]
[ Step 443 / 480 ]
[ Step 444 / 480 ]
[ Step 445 / 480 ]
[ Step 446 / 480 ]
[ Step 447 / 480 ]
[ Step 448 / 480 ]
[ Step 449 / 480 ]
[ Step 450 / 480 ]
[ Step 451 / 480 ]
[ Step 452 / 480 ]
[ Step 453 / 480 ]
[ Step 454 / 480 ]
[ Step 455 / 480 ]
[ Step 456 / 480 ]
[ Step 457 / 480 ]
[ Step 458 / 480 ]
[ Step 459 / 480 ]
[ Step 460 / 480 ]
Step [460/480]	 Computing features...
[ Step 461 / 480 ]
[ Step 462 / 480 ]
[ Step 463 / 480 ]
[ Step 464 / 480 ]
[ Step 465 / 480 ]
[ Step 466 / 480 ]
[ Step 467 / 480 ]
[ Step 468 / 480 ]
[ Step 469 / 480 ]
[ Step 470 / 480 ]
[ Step 471 / 480 ]
[ Step 472 / 480 ]
[ Step 473 / 480 ]
[ Step 474 / 480 ]
[ Step 475 / 480 ]
[ Step 476 / 480 ]
[ Step 477 / 480 ]
[ Step 478 / 480 ]
[ Step 479 / 480 ]
## Aggregating vectors per patient in /home/yonis/histogenomics-msc-2019/yoni-code/MsiPrediction/metadata/tcga/brca_dx/data_tcga_brca_dxwith_ddr_labels_and_splits.csv
[ 2020-08-20 17:40:41.134501 ] 	 [ 0 / 1121 ] 	 Saving /project/yonis/tcga_brca_dx/tiled_data_large/case-3afa1e93-1df8-4e4c-aaa4-557463f4bb77/pid_5F087009-16E9-4A07-BA24-62340E108B17_tile_grid_extractor_585.pt
[ 2020-08-20 17:40:44.852120 ] 	 [ 1 / 1121 ] 	 Saving /project/yonis/tcga_brca_dx/tiled_data_large/case-3afa1e93-1df8-4e4c-aaa4-557463f4bb77/pid_90C93176-C3C6-41B3-B34B-B16F1A1779E6_tile_grid_extractor_585.pt
[ 2020-08-20 17:40:51.839497 ] 	 [ 2 / 1121 ] 	 Saving /project/yonis/tcga_brca_dx/tiled_data_large/case-d8492ebd-3d94-4a4b-8de7-386526691cc2/pid_FD19F2F8-497F-4D7D-97C6-271DC6B75173_tile_grid_extractor_585.pt
[ 2020-08-20 17:41:01.147838 ] 	 [ 3 / 1121 ] 	 Saving /project/yonis/tcga_brca_dx/tiled_data_large/case-6956473b-92e5-4069-a26b-b48e280e76f2/pid_4977531C-6003-4DA6-9925-30E2DA62C076_tile_grid_extractor_585.pt
[ 2020-08-20 17:41:08.497014 ] 	 [ 4 / 1121 ] 	 Saving /project/yonis/tcga_brca_dx/tiled_data_large/case-bb8d42d3-ad65-4d88-ae1d-f9aadfc7962d/pid_349F9BCA-C9F0-43B4-BA6A-D20039E1C720_tile_grid_extractor_585.pt
[ 2020-08-20 17:41:17.245656 ] 	 [ 5 / 1121 ] 	 Saving /project/yonis/tcga_brca_dx/tiled_data_large/case-aa30ac3d-4216-45dd-a314-1ae192fafcb2/pid_D81F1BDF-00DD-42A3-AFFE-55655A877213_tile_grid_extractor_585.pt
[ 2020-08-20 17:41:20.823736 ] 	 [ 6 / 1121 ] 	 Saving /project/yonis/tcga_brca_dx/tiled_data_large/case-0ec70e40-07df-461d-8ff9-351240a0d454/pid_21F2EA4A-4F31-43D6-A036-E20E326AF37E_tile_grid_extractor_585.pt
[ 2020-08-20 17:41:24.126386 ] 	 [ 7 / 1121 ] 	 Saving /project/yonis/tcga_brca_dx/tiled_data_large/case-e3fcbf94-d3ef-4a37-aa45-5297f96af9eb/pid_E8E1FC5C-9A4A-463F-81D7-E9A8AF43EAD9_tile_grid_extractor_585.pt
[ 2020-08-20 17:41:32.801712 ] 	 [ 8 / 1121 ] 	 Saving /project/yonis/tcga_brca_dx/tiled_data_large/case-8986a141-eae7-4157-b695-02cc6fc3b071/pid_05C126CD-CC10-44BF-9A68-6CDDE97272B2_tile_grid_extractor_585.pt
[ 2020-08-20 17:41:44.188259 ] 	 [ 9 / 1121 ] 	 Saving /project/yonis/tcga_brca_dx/tiled_data_large/case-451e1a67-47e6-4738-99d7-fb7771ef61a3/pid_02A55E9D-2AA9-497A-B481-85724EA813AD_tile_grid_extractor_585.pt
[ 2020-08-20 17:41:46.062089 ] 	 [ 10 / 1121 ] 	 Saving /project/yonis/tcga_brca_dx/tiled_data_large/case-7dcf550c-90ce-4f63-aecd-0e46897e2a3e/pid_8E0AE339-1047-4CA5-BFC5-37A3B10FD8B5_tile_grid_extractor_585.pt
[ 2020-08-20 17:41:51.446252 ] 	 [ 11 / 1121 ] 	 Saving /project/yonis/tcga_brca_dx/tiled_data_large/case-52c35691-efca-42f5-a03e-02c9f872275c/pid_A15F452B-1260-4106-86D1-05F00082F0CE_tile_grid_extractor_585.pt
[ 2020-08-20 17:42:01.711194 ] 	 [ 12 / 1121 ] 	 Saving /project/yonis/tcga_brca_dx/tiled_data_large/case-2476dda9-da2a-4242-9642-b92b8b9b1c79/pid_3463B12E-D1B0-4FB2-B257-BFD63BA2B6BF_tile_grid_extractor_585.pt
[ 2020-08-20 17:42:03.464731 ] 	 [ 13 / 1121 ] 	 Saving /project/yonis/tcga_brca_dx/tiled_data_large/case-8183f0fb-2303-4d7b-bccd-55e5031fc7df/pid_C4514189-E64F-4603-8970-230FA2BB77FC_tile_grid_extractor_585.pt
[ 2020-08-20 17:42:08.782604 ] 	 [ 14 / 1121 ] 	 Saving /project/yonis/tcga_brca_dx/tiled_data_large/case-d4a1ecdc-399c-4f82-aa7a-68a0c82ded3f/pid_9A3B34E5-25EF-4243-8680-FABF2F1CCDA9_tile_grid_extractor_585.pt
[ 2020-08-20 17:42:19.621703 ] 	 [ 15 / 1121 ] 	 Saving /project/yonis/tcga_brca_dx/tiled_data_large/case-e666081b-caaf-4e8b-9446-807be71201a5/pid_5A2F5C86-E1E7-445D-A4E3-29980FA37708_tile_grid_extractor_585.pt
[ 2020-08-20 17:42:28.166119 ] 	 [ 16 / 1121 ] 	 Saving /project/yonis/tcga_brca_dx/tiled_data_large/case-e7db08a7-b439-4230-8dc4-1b54af4736c4/pid_75BDFDF2-CD87-46D1-B32C-725741CB02BE_tile_grid_extractor_585.pt
[ 2020-08-20 17:42:32.377886 ] 	 [ 17 / 1121 ] 	 Saving /project/yonis/tcga_brca_dx/tiled_data_large/case-dd67408e-46ba-4573-9415-d4814e9f84de/pid_14f1f4c7-4e6e-4574-af20-60d2ab511b2a_tile_grid_extractor_585.pt
[ 2020-08-20 17:42:38.605440 ] 	 [ 18 / 1121 ] 	 Saving /project/yonis/tcga_brca_dx/tiled_data_large/case-2b19a6b4-7a17-4452-b4aa-6fc18adc0c3c/pid_FDF07020-8F40-4C00-9023-E5F40E0D8A7C_tile_grid_extractor_585.pt
[ 2020-08-20 17:42:47.031100 ] 	 [ 19 / 1121 ] 	 Saving /project/yonis/tcga_brca_dx/tiled_data_large/case-2b19a6b4-7a17-4452-b4aa-6fc18adc0c3c/pid_FDE2C80D-5DC4-4743-A180-C5AFC5BB0BE2_tile_grid_extractor_585.pt
[ 2020-08-20 17:42:50.773318 ] 	 [ 20 / 1121 ] 	 Saving /project/yonis/tcga_brca_dx/tiled_data_large/case-baf5e81f-2322-41ec-9053-b9559a7993bc/pid_6F263AB3-FB1D-4056-AEC2-4F163017324F_tile_grid_extractor_585.pt
[ 2020-08-20 17:43:00.743613 ] 	 [ 21 / 1121 ] 	 Saving /project/yonis/tcga_brca_dx/tiled_data_large/case-f45aa0b2-f3de-4db5-9730-e5c6c4e2ed3a/pid_0C59AC06-DD9B-413A-8A03-B71774F662FA_tile_grid_extractor_585.pt
[ 2020-08-20 17:43:13.407992 ] 	 [ 22 / 1121 ] 	 Saving /project/yonis/tcga_brca_dx/tiled_data_large/case-ec6930e5-2d83-435a-9a57-a2c5c22caf02/pid_70D7BBA0-214D-4D1A-933C-7CFCDA5416A3_tile_grid_extractor_585.pt
[ 2020-08-20 17:43:18.165702 ] 	 [ 23 / 1121 ] 	 Saving /project/yonis/tcga_brca_dx/tiled_data_large/case-9d95a65b-e41d-4f93-92d4-99dce29ff40d/pid_5AD1DB65-10E7-4996-AB5E-13D7851EC5FA_tile_grid_extractor_585.pt
[ 2020-08-20 17:43:23.755487 ] 	 [ 24 / 1121 ] 	 Saving /project/yonis/tcga_brca_dx/tiled_data_large/case-9d95a65b-e41d-4f93-92d4-99dce29ff40d/pid_E67322FB-ED25-4B85-B3B0-2B8BD277BB4A_tile_grid_extractor_585.pt
[ 2020-08-20 17:43:25.286530 ] 	 [ 25 / 1121 ] 	 Saving /project/yonis/tcga_brca_dx/tiled_data_large/case-e8ea576b-eb16-44f7-b241-daefc1375388/pid_38D4EBD7-40B0-4EE3-960A-1F00E8F83ADB_tile_grid_extractor_585.pt
[ 2020-08-20 17:43:28.204255 ] 	 [ 26 / 1121 ] 	 Saving /project/yonis/tcga_brca_dx/tiled_data_large/case-9de678e5-67ed-4453-a98b-7ac351d5d0f1/pid_48ADDD0B-527A-404C-B794-7D7D35BF861F_tile_grid_extractor_585.pt
[ 2020-08-20 17:43:30.101497 ] 	 [ 27 / 1121 ] 	 Saving /project/yonis/tcga_brca_dx/tiled_data_large/case-9de678e5-67ed-4453-a98b-7ac351d5d0f1/pid_81DDF423-FCA8-46CA-83A4-2E80B611844D_tile_grid_extractor_585.pt
[ 2020-08-20 17:43:39.679835 ] 	 [ 28 / 1121 ] 	 Saving /project/yonis/tcga_brca_dx/tiled_data_large/case-376ffe63-efd7-42af-90e1-261255b28bb7/pid_40D4FD67-FB13-46D9-A202-56A5791EA11C_tile_grid_extractor_585.pt
[ 2020-08-20 17:43:42.143423 ] 	 [ 29 / 1121 ] 	 Saving /project/yonis/tcga_brca_dx/tiled_data_large/case-389e5b18-8f89-41a9-9fa5-efd4172836e2/pid_346FF42B-2363-4B37-8884-12D5F841842C_tile_grid_extractor_585.pt
[ 2020-08-20 17:43:43.611618 ] 	 [ 30 / 1121 ] 	 Saving /project/yonis/tcga_brca_dx/tiled_data_large/case-389e5b18-8f89-41a9-9fa5-efd4172836e2/pid_88F3D934-96C2-4652-9450-90F2E302FF6D_tile_grid_extractor_585.pt
[ 2020-08-20 17:43:54.674408 ] 	 [ 31 / 1121 ] 	 Saving /project/yonis/tcga_brca_dx/tiled_data_large/case-b379bfb8-284e-4300-8325-85cfd6809cb8/pid_CD4A6FC2-BA8C-4E30-972A-E6CD1BEAD8AD_tile_grid_extractor_585.pt
[ 2020-08-20 17:43:57.569516 ] 	 [ 32 / 1121 ] 	 Saving /project/yonis/tcga_brca_dx/tiled_data_large/case-a45d296e-efc0-479e-b2f6-bad834668cdf/pid_321C0A32-ABF9-48ED-8071-C6B1774E9F7B_tile_grid_extractor_585.pt
[ 2020-08-20 17:44:05.741956 ] 	 [ 33 / 1121 ] 	 Saving /project/yonis/tcga_brca_dx/tiled_data_large/case-da286247-e8bb-4941-a2af-2453fe61cd02/pid_A31B2048-D04D-467C-A9E4-6A63942A58C6_tile_grid_extractor_585.pt
[ 2020-08-20 17:44:08.773844 ] 	 [ 34 / 1121 ] 	 Saving /project/yonis/tcga_brca_dx/tiled_data_large/case-a6e5f869-1182-4f81-b4bb-cf55261c8f3f/pid_66566DB7-661D-4002-90C1-B15BF3425903_tile_grid_extractor_585.pt
[ 2020-08-20 17:44:16.019259 ] 	 [ 35 / 1121 ] 	 Saving /project/yonis/tcga_brca_dx/tiled_data_large/case-a6e5f869-1182-4f81-b4bb-cf55261c8f3f/pid_4076A770-5901-4325-85C3-AF7B192272F5_tile_grid_extractor_585.pt
[ 2020-08-20 17:44:24.478370 ] 	 [ 36 / 1121 ] 	 Saving /project/yonis/tcga_brca_dx/tiled_data_large/case-a6e5f869-1182-4f81-b4bb-cf55261c8f3f/pid_19C6AA07-5D58-46CD-91D0-90DD5CC84022_tile_grid_extractor_585.pt
[ 2020-08-20 17:44:27.306253 ] 	 [ 37 / 1121 ] 	 Saving /project/yonis/tcga_brca_dx/tiled_data_large/case-a991644b-3ee6-4cda-acf0-e37de48a49fc/pid_074C48E5-ED69-40AE-8709-444898122BF4_tile_grid_extractor_585.pt
[ 2020-08-20 17:44:34.595343 ] 	 [ 38 / 1121 ] 	 Saving /project/yonis/tcga_brca_dx/tiled_data_large/case-02bf5203-f9cd-4c5a-97b4-e5584dc22325/pid_9BDD4BDE-2A07-4E0C-B146-87365CA9DE3A_tile_grid_extractor_585.pt
[ 2020-08-20 17:44:48.030829 ] 	 [ 39 / 1121 ] 	 Saving /project/yonis/tcga_brca_dx/tiled_data_large/case-30ec8b1f-28c4-4f46-8a1b-a8d51e558c7d/pid_90123A74-F631-4538-AB2E-4076486ADF88_tile_grid_extractor_585.pt
[ 2020-08-20 17:44:50.853829 ] 	 [ 40 / 1121 ] 	 Saving /project/yonis/tcga_brca_dx/tiled_data_large/case-d5be2ab3-f748-480d-954b-385cf01b4c81/pid_EB803DEC-438B-43A9-B906-FD7C3B9A0138_tile_grid_extractor_585.pt
[ 2020-08-20 17:44:56.809434 ] 	 [ 41 / 1121 ] 	 Saving /project/yonis/tcga_brca_dx/tiled_data_large/case-d5be2ab3-f748-480d-954b-385cf01b4c81/pid_85613A4F-1FFB-4091-B925-8E8A7C7A6D95_tile_grid_extractor_585.pt
[ 2020-08-20 17:44:58.981246 ] 	 [ 42 / 1121 ] 	 Saving /project/yonis/tcga_brca_dx/tiled_data_large/case-35bd694d-1dd2-466f-ab27-03320614b40e/pid_8CE9DCAB-98D3-4163-94AC-1557D86C1E25_tile_grid_extractor_585.pt
[ 2020-08-20 17:45:02.920197 ] 	 [ 43 / 1121 ] 	 Saving /project/yonis/tcga_brca_dx/tiled_data_large/case-42f6f503-4cf6-4a8e-b5fe-b44bccf6b38b/pid_10F6EEB2-C920-43FF-B5A7-B5A651CBDBE3_tile_grid_extractor_585.pt
[ 2020-08-20 17:45:06.797261 ] 	 [ 44 / 1121 ] 	 Saving /project/yonis/tcga_brca_dx/tiled_data_large/case-42f6f503-4cf6-4a8e-b5fe-b44bccf6b38b/pid_DBD0D81E-28FC-4466-BDE3-94753BD6CBEB_tile_grid_extractor_585.pt
[ 2020-08-20 17:45:09.905768 ] 	 [ 45 / 1121 ] 	 Saving /project/yonis/tcga_brca_dx/tiled_data_large/case-316e021c-5175-4ab3-bdb6-2bf9683f657a/pid_96D3628B-FB6E-4A41-A5E8-8896B0657F1C_tile_grid_extractor_585.pt
[ 2020-08-20 17:45:12.460968 ] 	 [ 46 / 1121 ] 	 Saving /project/yonis/tcga_brca_dx/tiled_data_large/case-43029932-feb0-4658-97fa-645c1e775009/pid_1118F9FE-6DF2-4496-B102-D3A10D332EC0_tile_grid_extractor_585.pt
[ 2020-08-20 17:45:18.307130 ] 	 [ 47 / 1121 ] 	 Saving /project/yonis/tcga_brca_dx/tiled_data_large/case-17f275c1-a0d4-487d-8f02-ea279584b4cd/pid_0043D2BB-B04D-4A44-AAB1-1CAAD97AC246_tile_grid_extractor_585.pt
[ 2020-08-20 17:45:27.812537 ] 	 [ 48 / 1121 ] 	 Saving /project/yonis/tcga_brca_dx/tiled_data_large/case-17f275c1-a0d4-487d-8f02-ea279584b4cd/pid_02321E77-A11E-41A5-95FE-BB897EA5CE58_tile_grid_extractor_585.pt
[ 2020-08-20 17:45:29.706305 ] 	 [ 49 / 1121 ] 	 Saving /project/yonis/tcga_brca_dx/tiled_data_large/case-0adf59c6-581a-475d-a2f4-40aa40060b5b/pid_4183BBA4-AF11-4602-9EC2-35083C34A393_tile_grid_extractor_585.pt
[ 2020-08-20 17:45:35.674057 ] 	 [ 50 / 1121 ] 	 Saving /project/yonis/tcga_brca_dx/tiled_data_large/case-97943d87-fed7-4f14-a0a7-c5bfee64c392/pid_41EB1BBC-F230-4E3F-8C4E-CE331CAF1935_tile_grid_extractor_585.pt
[ 2020-08-20 17:45:40.412240 ] 	 [ 51 / 1121 ] 	 Saving /project/yonis/tcga_brca_dx/tiled_data_large/case-d5e9a403-88ce-40fc-bb85-80cf3f8ff6bc/pid_E1C59487-9563-4501-845F-2067A0C5C59B_tile_grid_extractor_585.pt
[ 2020-08-20 17:45:53.866227 ] 	 [ 52 / 1121 ] 	 Saving /project/yonis/tcga_brca_dx/tiled_data_large/case-d5e9a403-88ce-40fc-bb85-80cf3f8ff6bc/pid_F81FA9EF-8129-4E17-A9AD-2B850782CC18_tile_grid_extractor_585.pt
[ 2020-08-20 17:45:55.960181 ] 	 [ 53 / 1121 ] 	 Saving /project/yonis/tcga_brca_dx/tiled_data_large/case-d7808cbc-4b8c-467b-b2c3-f48d05b9ecab/pid_D0AADCA6-C27C-4FB8-89C1-94B5901146E7_tile_grid_extractor_585.pt
ERROR - SimCLR - Failed after 2:48:38!
Traceback (most recent calls WITHOUT Sacred internals):
  File "/home/yonis/SimCLR-1/msidata/save_feature_vectors.py", line 288, in main
    append_with=f'_{run_id}', grid=args.create_feature_grid)
  File "/home/yonis/SimCLR-1/msidata/save_feature_vectors.py", line 109, in aggregate_patient_vectors
    relative_tensor_paths[0], map_location='cpu').shape[0]
  File "/home/yonis/.conda/envs/thesisp375_apex/lib/python3.7/site-packages/torch/serialization.py", line 571, in load
    with _open_file_like(f, 'rb') as opened_file:
  File "/home/yonis/.conda/envs/thesisp375_apex/lib/python3.7/site-packages/torch/serialization.py", line 229, in _open_file_like
    return _open_file(name_or_buffer, mode)
  File "/home/yonis/.conda/envs/thesisp375_apex/lib/python3.7/site-packages/torch/serialization.py", line 210, in __init__
    super(_open_file, self).__init__(open(name, mode))
FileNotFoundError: [Errno 2] No such file or directory: '/project/yonis/tcga_brca_dx/tiled_data_large/case-a721dac6-0126-476c-b2d4-2dbf7406454b/2F0326F7-6B77-4B3F-B4FA-59ADB785AA07/jpeg/tile0_585.pt'

slurmstepd: Job 6517464 hit memory limit at least once during execution. This may or may not result in some failure.
srun: error: r30n7: task 0: Exited with exit code 1
INFO - SimCLR - Running command 'main'
INFO - SimCLR - Started run with ID "652"
## Aggregating vectors per patient in /home/yonis/histogenomics-msc-2019/yoni-code/MsiPrediction/metadata/tcga/brca_dx/data_tcga_brca_dx_with_ddr_labels_and_splits_with_kather_hrd_subsample_500.csv
[ 2020-08-20 17:46:45.005819 ] 	 [ 0 / 996 ] 	 Saving /project/yonis/tcga_brca_dx/tiled_data_large/case-001cef41-ff86-4d3f-a140-a647ac4b10a1/pid_E2F24814-24BA-4158-8841-F27A8E100589_tile_grid_extractor_585_subsample_500.csv.pt
ERROR - SimCLR - Failed after 0:00:43!
Traceback (most recent calls WITHOUT Sacred internals):
  File "/home/yonis/SimCLR-1/msidata/save_feature_vectors.py", line 288, in main
    append_with=f'_{run_id}', grid=args.create_feature_grid)
  File "/home/yonis/SimCLR-1/msidata/save_feature_vectors.py", line 109, in aggregate_patient_vectors
    relative_tensor_paths[0], map_location='cpu').shape[0]
  File "/home/yonis/.conda/envs/thesisp375_apex/lib/python3.7/site-packages/torch/serialization.py", line 571, in load
    with _open_file_like(f, 'rb') as opened_file:
  File "/home/yonis/.conda/envs/thesisp375_apex/lib/python3.7/site-packages/torch/serialization.py", line 229, in _open_file_like
    return _open_file(name_or_buffer, mode)
  File "/home/yonis/.conda/envs/thesisp375_apex/lib/python3.7/site-packages/torch/serialization.py", line 210, in __init__
    super(_open_file, self).__init__(open(name, mode))
FileNotFoundError: [Errno 2] No such file or directory: '/project/yonis/tcga_brca_dx/tiled_data_large/case-0045349c-69d9-4306-a403-c9c1fa836644/B34C267B-CAAA-4AB6-AD5C-276C26F997A1/jpeg/tile1927_585_subsample_500.csv.pt'

slurmstepd: Job 6517464 hit memory limit at least once during execution. This may or may not result in some failure.
srun: error: r30n7: task 0: Exited with exit code 1
