Successfully loaded labels from /home/yonis/histogenomics-msc-2019/yoni-code/MsiPrediction/metadata/tcga/brca_dx/data_tcga_brca_dxwith_ddr_labels_and_splits_only_nan.csv, it has 387565 files.
We use a train split of fold 0 of 387565 files.
[2020-09-14 15:44:08.527716 | Step 0 / 1]
Traceback (most recent call last):
  File "/home/yonis/.conda/envs/thesisp375_clone/lib/python3.7/runpy.py", line 193, in _run_module_as_main
    "__main__", mod_spec)
  File "/home/yonis/.conda/envs/thesisp375_clone/lib/python3.7/runpy.py", line 85, in _run_code
    exec(code, run_globals)
  File "/home/yonis/SimCLR-1/msidata/normalize_tiles_without_labels.py", line 89, in <module>
    main()
  File "/home/yonis/SimCLR-1/msidata/normalize_tiles_without_labels.py", line 73, in main
    tiles, labels, patient_ids, img_names = data
  File "/home/yonis/.conda/envs/thesisp375_clone/lib/python3.7/site-packages/torch/utils/data/dataloader.py", line 363, in __next__
    data = self._next_data()
  File "/home/yonis/.conda/envs/thesisp375_clone/lib/python3.7/site-packages/torch/utils/data/dataloader.py", line 989, in _next_data
    return self._process_data(data)
  File "/home/yonis/.conda/envs/thesisp375_clone/lib/python3.7/site-packages/torch/utils/data/dataloader.py", line 1014, in _process_data
    data.reraise()
  File "/home/yonis/.conda/envs/thesisp375_clone/lib/python3.7/site-packages/torch/_utils.py", line 395, in reraise
    raise self.exc_type(msg)
TypeError: Caught TypeError in DataLoader worker process 0.
Original Traceback (most recent call last):
  File "/home/yonis/.conda/envs/thesisp375_clone/lib/python3.7/site-packages/torch/utils/data/_utils/worker.py", line 185, in _worker_loop
    data = fetcher.fetch(index)
  File "/home/yonis/.conda/envs/thesisp375_clone/lib/python3.7/site-packages/torch/utils/data/_utils/fetch.py", line 47, in fetch
    return self.collate_fn(data)
  File "/home/yonis/.conda/envs/thesisp375_clone/lib/python3.7/site-packages/torch/utils/data/_utils/collate.py", line 86, in default_collate
    raise TypeError(default_collate_err_msg_format.format(elem_type))
TypeError: default_collate: batch must contain tensors, numpy arrays, numbers, dicts or lists; found <class 'msidata.dataset_tcga_tiles.TiledTCGADataset'>

srun: error: r14n6: task 0: Exited with exit code 1
