/var/spool/slurm/slurmd/job6553873/slurm_script: line 10: conda: command not found
/var/spool/slurm/slurmd/job6553873/slurm_script: line 11: conda: command not found
Traceback (most recent call last):
  File "/home/yonis/.conda/envs/thesisp375_clone/lib/python3.7/runpy.py", line 193, in _run_module_as_main
    "__main__", mod_spec)
  File "/home/yonis/.conda/envs/thesisp375_clone/lib/python3.7/runpy.py", line 85, in _run_code
    exec(code, run_globals)
  File "/home/yonis/SimCLR-1/msidata/normalize_tiles.py", line 14, in <module>
    from msidata.save_feature_vectors import infer_and_save, aggregate_patient_vectors
  File "/home/yonis/SimCLR-1/msidata/save_feature_vectors.py", line 20, in <module>
    from model import load_model
  File "/home/yonis/SimCLR-1/model.py", line 4, in <module>
    from modules import SimCLR, LARS, BYOL
  File "/home/yonis/SimCLR-1/modules/__init__.py", line 5, in <module>
    from .byol_pytorch import BYOL
  File "/home/yonis/SimCLR-1/modules/byol_pytorch/__init__.py", line 1, in <module>
    from .byol_pytorch import BYOL
  File "/home/yonis/SimCLR-1/modules/byol_pytorch/byol_pytorch.py", line 11, in <module>
    from modules.transformations import TransformsBYOL
ImportError: cannot import name 'TransformsBYOL' from 'modules.transformations' (/home/yonis/SimCLR-1/modules/transformations/__init__.py)
srun: error: r13n20: task 0: Exited with exit code 1
