INFO - SimCLR - Running command 'main'
INFO - SimCLR - Started run with ID "1159"
INFO - SimCLR - Completed after 0:30:05
==== Starting to save features ===
## Aggregating vectors per patient in /project/schirris/basisscripts/step_3/data_basis_brca_with_labels_and_splits.csv
[ 2020-10-05 15:43:42.923541 ] 	 [ 0 / 257 ] 	 Saving /project/schirris/tiled_data_large/case-PD7217a/pid_YID227_tile_grid_extractor_585.pt
[ 2020-10-05 15:43:47.294206 ] 	 [ 1 / 257 ] 	 Saving /project/schirris/tiled_data_large/case-PD11355a/pid_YID002_tile_grid_extractor_585.pt
[ 2020-10-05 15:43:52.649081 ] 	 [ 2 / 257 ] 	 Saving /project/schirris/tiled_data_large/case-PD11380a/pid_YID220_tile_grid_extractor_585.pt
[ 2020-10-05 15:43:57.595199 ] 	 [ 3 / 257 ] 	 Saving /project/schirris/tiled_data_large/case-PD8980a/pid_YID064_tile_grid_extractor_585.pt
[ 2020-10-05 15:44:03.200279 ] 	 [ 4 / 257 ] 	 Saving /project/schirris/tiled_data_large/case-PD8980a/pid_YID101_tile_grid_extractor_585.pt
[ 2020-10-05 15:44:05.572792 ] 	 [ 5 / 257 ] 	 Saving /project/schirris/tiled_data_large/case-PD8614a/pid_YID163_tile_grid_extractor_585.pt
[ 2020-10-05 15:44:09.542528 ] 	 [ 6 / 257 ] 	 Saving /project/schirris/tiled_data_large/case-PD11366a/pid_YID250_tile_grid_extractor_585.pt
[ 2020-10-05 15:44:13.908721 ] 	 [ 7 / 257 ] 	 Saving /project/schirris/tiled_data_large/case-PD7238a/pid_YID134_tile_grid_extractor_585.pt
[ 2020-10-05 15:44:21.694563 ] 	 [ 8 / 257 ] 	 Saving /project/schirris/tiled_data_large/case-PD4953a/pid_YID187_tile_grid_extractor_585.pt
[ 2020-10-05 15:44:25.347813 ] 	 [ 9 / 257 ] 	 Saving /project/schirris/tiled_data_large/case-PD4951a/pid_YID179_tile_grid_extractor_585.pt
[ 2020-10-05 15:44:33.230983 ] 	 [ 10 / 257 ] 	 Saving /project/schirris/tiled_data_large/case-PD4606a/pid_YID168_tile_grid_extractor_585.pt
[ 2020-10-05 15:44:37.887008 ] 	 [ 11 / 257 ] 	 Saving /project/schirris/tiled_data_large/case-PD11393a/pid_YID230_tile_grid_extractor_585.pt
[ 2020-10-05 15:44:41.224127 ] 	 [ 12 / 257 ] 	 Saving /project/schirris/tiled_data_large/case-PD8984a/pid_YID112_tile_grid_extractor_585.pt
[ 2020-10-05 15:44:43.859340 ] 	 [ 13 / 257 ] 	 Saving /project/schirris/tiled_data_large/case-PD13422a/pid_YID200_tile_grid_extractor_585.pt
[ 2020-10-05 15:44:48.776910 ] 	 [ 14 / 257 ] 	 Saving /project/schirris/tiled_data_large/case-PD11402a/pid_YID110_tile_grid_extractor_585.pt
[ 2020-10-05 15:44:50.260462 ] 	 [ 15 / 257 ] 	 Saving /project/schirris/tiled_data_large/case-PD11352a/pid_YID154_tile_grid_extractor_585.pt
[ 2020-10-05 15:44:54.547750 ] 	 [ 16 / 257 ] 	 Saving /project/schirris/tiled_data_large/case-PD13752a/pid_YID012_tile_grid_extractor_585.pt
[ 2020-10-05 15:44:55.061023 ] 	 [ 17 / 257 ] 	 Saving /project/schirris/tiled_data_large/case-PD18024a/pid_YID229_tile_grid_extractor_585.pt
[ 2020-10-05 15:44:57.710532 ] 	 [ 18 / 257 ] 	 Saving /project/schirris/tiled_data_large/case-PD9585a/pid_YID021_tile_grid_extractor_585.pt
[ 2020-10-05 15:45:00.687514 ] 	 [ 19 / 257 ] 	 Saving /project/schirris/tiled_data_large/case-PD7218a/pid_YID072_tile_grid_extractor_585.pt
[ 2020-10-05 15:45:04.691760 ] 	 [ 20 / 257 ] 	 Saving /project/schirris/tiled_data_large/case-PD13631a/pid_YID076_tile_grid_extractor_585.pt
[ 2020-10-05 15:45:06.682649 ] 	 [ 21 / 257 ] 	 Saving /project/schirris/tiled_data_large/case-PD9582a/pid_YID198_tile_grid_extractor_585.pt
[ 2020-10-05 15:45:12.704038 ] 	 [ 22 / 257 ] 	 Saving /project/schirris/tiled_data_large/case-PD9842a/pid_YID100_tile_grid_extractor_585.pt
[ 2020-10-05 15:45:19.145672 ] 	 [ 23 / 257 ] 	 Saving /project/schirris/tiled_data_large/case-PD4983a/pid_YID111_tile_grid_extractor_585.pt
[ 2020-10-05 15:45:20.322600 ] 	 [ 24 / 257 ] 	 Saving /project/schirris/tiled_data_large/case-PD11818a/pid_YID102_tile_grid_extractor_585.pt
[ 2020-10-05 15:45:24.041087 ] 	 [ 25 / 257 ] 	 Saving /project/schirris/tiled_data_large/case-PD11383a/pid_YID201_tile_grid_extractor_585.pt
[ 2020-10-05 15:45:26.733245 ] 	 [ 26 / 257 ] 	 Saving /project/schirris/tiled_data_large/case-PD6411a/pid_YID067_tile_grid_extractor_585.pt
[ 2020-10-05 15:45:31.973185 ] 	 [ 27 / 257 ] 	 Saving /project/schirris/tiled_data_large/case-PD10014a/pid_YID208_tile_grid_extractor_585.pt
[ 2020-10-05 15:45:38.532635 ] 	 [ 28 / 257 ] 	 Saving /project/schirris/tiled_data_large/case-PD4982a/pid_YID016_tile_grid_extractor_585.pt
[ 2020-10-05 15:45:43.420939 ] 	 [ 29 / 257 ] 	 Saving /project/schirris/tiled_data_large/case-PD13755a/pid_YID247_tile_grid_extractor_585.pt
[ 2020-10-05 15:45:47.292508 ] 	 [ 30 / 257 ] 	 Saving /project/schirris/tiled_data_large/case-PD11396a/pid_YID245_tile_grid_extractor_585.pt
[ 2020-10-05 15:45:55.400786 ] 	 [ 31 / 257 ] 	 Saving /project/schirris/tiled_data_large/case-PD4613a/pid_YID036_tile_grid_extractor_585.pt
[ 2020-10-05 15:45:57.589259 ] 	 [ 32 / 257 ] 	 Saving /project/schirris/tiled_data_large/case-PD6729a/pid_YID256_tile_grid_extractor_585.pt
[ 2020-10-05 15:45:58.086311 ] 	 [ 33 / 257 ] 	 Saving /project/schirris/tiled_data_large/case-PD18031a/pid_YID249_tile_grid_extractor_585.pt
[ 2020-10-05 15:46:00.746460 ] 	 [ 34 / 257 ] 	 Saving /project/schirris/tiled_data_large/case-PD9584a/pid_YID013_tile_grid_extractor_585.pt
[ 2020-10-05 15:46:06.970822 ] 	 [ 35 / 257 ] 	 Saving /project/schirris/tiled_data_large/case-PD11381a/pid_YID084_tile_grid_extractor_585.pt
[ 2020-10-05 15:46:11.489032 ] 	 [ 36 / 257 ] 	 Saving /project/schirris/tiled_data_large/case-PD11389a/pid_YID032_tile_grid_extractor_585.pt
[ 2020-10-05 15:46:20.057199 ] 	 [ 37 / 257 ] 	 Saving /project/schirris/tiled_data_large/case-PD14435a/pid_YID192_tile_grid_extractor_585.pt
[ 2020-10-05 15:46:20.574371 ] 	 [ 38 / 257 ] 	 Saving /project/schirris/tiled_data_large/case-PD4969a/pid_YID142_tile_grid_extractor_585.pt
[ 2020-10-05 15:46:31.557422 ] 	 [ 39 / 257 ] 	 Saving /project/schirris/tiled_data_large/case-PD8615a/pid_YID120_tile_grid_extractor_585.pt
[ 2020-10-05 15:46:46.212690 ] 	 [ 40 / 257 ] 	 Saving /project/schirris/tiled_data_large/case-PD13420a/pid_YID225_tile_grid_extractor_585.pt
[ 2020-10-05 15:47:05.340618 ] 	 [ 41 / 257 ] 	 Saving /project/schirris/tiled_data_large/case-PD11385a/pid_YID119_tile_grid_extractor_585.pt
[ 2020-10-05 15:47:12.722845 ] 	 [ 42 / 257 ] 	 Saving /project/schirris/tiled_data_large/case-PD8652a/pid_YID178_tile_grid_extractor_585.pt
[ 2020-10-05 15:47:14.091957 ] 	 [ 43 / 257 ] 	 Saving /project/schirris/tiled_data_large/case-PD18020a/pid_YID038_tile_grid_extractor_585.pt
[ 2020-10-05 15:47:20.867704 ] 	 [ 44 / 257 ] 	 Saving /project/schirris/tiled_data_large/case-PD13771a/pid_YID138_tile_grid_extractor_585.pt
[ 2020-10-05 15:47:35.297475 ] 	 [ 45 / 257 ] 	 Saving /project/schirris/tiled_data_large/case-PD7199a/pid_YID098_tile_grid_extractor_585.pt
[ 2020-10-05 15:47:59.140126 ] 	 [ 46 / 257 ] 	 Saving /project/schirris/tiled_data_large/case-PD8611a/pid_YID051_tile_grid_extractor_585.pt
[ 2020-10-05 15:48:15.586189 ] 	 [ 47 / 257 ] 	 Saving /project/schirris/tiled_data_large/case-PD11370a/pid_YID046_tile_grid_extractor_585.pt
[ 2020-10-05 15:48:21.784624 ] 	 [ 48 / 257 ] 	 Saving /project/schirris/tiled_data_large/case-PD11367a/pid_YID005_tile_grid_extractor_585.pt
[ 2020-10-05 15:48:39.907792 ] 	 [ 49 / 257 ] 	 Saving /project/schirris/tiled_data_large/case-PD4607a/pid_YID031_tile_grid_extractor_585.pt
[ 2020-10-05 15:48:51.044386 ] 	 [ 50 / 257 ] 	 Saving /project/schirris/tiled_data_large/case-PD11364a/pid_YID066_tile_grid_extractor_585.pt
[ 2020-10-05 15:49:12.711437 ] 	 [ 51 / 257 ] 	 Saving /project/schirris/tiled_data_large/case-PD8981a/pid_YID133_tile_grid_extractor_585.pt
[ 2020-10-05 15:49:23.544216 ] 	 [ 52 / 257 ] 	 Saving /project/schirris/tiled_data_large/case-PD4971a/pid_YID191_tile_grid_extractor_585.pt
[ 2020-10-05 15:49:52.394679 ] 	 [ 53 / 257 ] 	 Saving /project/schirris/tiled_data_large/case-PD4836a/pid_YID113_tile_grid_extractor_585.pt
[ 2020-10-05 15:49:57.229929 ] 	 [ 54 / 257 ] 	 Saving /project/schirris/tiled_data_large/case-PD13418a/pid_YID089_tile_grid_extractor_585.pt
[ 2020-10-05 15:50:14.269696 ] 	 [ 55 / 257 ] 	 Saving /project/schirris/tiled_data_large/case-PD11360a/pid_YID216_tile_grid_extractor_585.pt
[ 2020-10-05 15:50:39.685663 ] 	 [ 56 / 257 ] 	 Saving /project/schirris/tiled_data_large/case-PD4267a/pid_YID023_tile_grid_extractor_585.pt
[ 2020-10-05 15:50:51.169621 ] 	 [ 57 / 257 ] 	 Saving /project/schirris/tiled_data_large/case-PD11365a/pid_YID258_tile_grid_extractor_585.pt
[ 2020-10-05 15:51:29.788184 ] 	 [ 58 / 257 ] 	 Saving /project/schirris/tiled_data_large/case-PD6418a/pid_YID026_tile_grid_extractor_585.pt
[ 2020-10-05 15:51:40.656095 ] 	 [ 59 / 257 ] 	 Saving /project/schirris/tiled_data_large/case-PD13427a/pid_YID197_tile_grid_extractor_585.pt
[ 2020-10-05 15:51:53.666820 ] 	 [ 60 / 257 ] 	 Saving /project/schirris/tiled_data_large/case-PD11359a/pid_YID028_tile_grid_extractor_585.pt
[ 2020-10-05 15:52:10.763828 ] 	 [ 61 / 257 ] 	 Saving /project/schirris/tiled_data_large/case-PD6422a/pid_YID228_tile_grid_extractor_585.pt
[ 2020-10-05 15:52:22.261315 ] 	 [ 62 / 257 ] 	 Saving /project/schirris/tiled_data_large/case-PD6413a/pid_YID180_tile_grid_extractor_585.pt
[ 2020-10-05 15:52:44.670240 ] 	 [ 63 / 257 ] 	 Saving /project/schirris/tiled_data_large/case-PD4069a/pid_YID140_tile_grid_extractor_585.pt
[ 2020-10-05 15:52:47.044743 ] 	 [ 64 / 257 ] 	 Saving /project/schirris/tiled_data_large/case-PD11357a/pid_YID065_tile_grid_extractor_585.pt
[ 2020-10-05 15:53:14.245968 ] 	 [ 65 / 257 ] 	 Saving /project/schirris/tiled_data_large/case-PD4962a/pid_YID155_tile_grid_extractor_585.pt
[ 2020-10-05 15:53:27.957590 ] 	 [ 66 / 257 ] 	 Saving /project/schirris/tiled_data_large/case-PD9064a/pid_YID057_tile_grid_extractor_585.pt
[ 2020-10-05 15:53:42.907868 ] 	 [ 67 / 257 ] 	 Saving /project/schirris/tiled_data_large/case-PD9539a/pid_YID183_tile_grid_extractor_585.pt
[ 2020-10-05 15:53:52.693206 ] 	 [ 68 / 257 ] 	 Saving /project/schirris/tiled_data_large/case-PD4072a/pid_YID233_tile_grid_extractor_585.pt
[ 2020-10-05 15:54:00.602785 ] 	 [ 69 / 257 ] 	 Saving /project/schirris/tiled_data_large/case-PD6684a/pid_YID131_tile_grid_extractor_585.pt
[ 2020-10-05 15:54:14.564936 ] 	 [ 70 / 257 ] 	 Saving /project/schirris/tiled_data_large/case-PD9845a/pid_YID158_tile_grid_extractor_585.pt
[ 2020-10-05 15:54:24.054328 ] 	 [ 71 / 257 ] 	 Saving /project/schirris/tiled_data_large/case-PD4977a/pid_YID094_tile_grid_extractor_585.pt
[ 2020-10-05 15:54:32.228694 ] 	 [ 72 / 257 ] 	 Saving /project/schirris/tiled_data_large/case-PD9847a/pid_YID145_tile_grid_extractor_585.pt
[ 2020-10-05 15:54:46.640969 ] 	 [ 73 / 257 ] 	 Saving /project/schirris/tiled_data_large/case-PD11399a/pid_YID059_tile_grid_extractor_585.pt
[ 2020-10-05 15:55:16.799039 ] 	 [ 74 / 257 ] 	 Saving /project/schirris/tiled_data_large/case-PD4981a/pid_YID088_tile_grid_extractor_585.pt
[ 2020-10-05 15:55:27.949572 ] 	 [ 75 / 257 ] 	 Saving /project/schirris/tiled_data_large/case-PD11369a/pid_YID160_tile_grid_extractor_585.pt
[ 2020-10-05 15:55:50.536403 ] 	 [ 76 / 257 ] 	 Saving /project/schirris/tiled_data_large/case-PD13622a/pid_YID027_tile_grid_extractor_585.pt
[ 2020-10-05 15:56:07.185174 ] 	 [ 77 / 257 ] 	 Saving /project/schirris/tiled_data_large/case-PD13754a/pid_YID206_tile_grid_extractor_585.pt
[ 2020-10-05 15:56:27.147400 ] 	 [ 78 / 257 ] 	 Saving /project/schirris/tiled_data_large/case-PD4955a/pid_YID147_tile_grid_extractor_585.pt
[ 2020-10-05 15:56:45.965276 ] 	 [ 79 / 257 ] 	 Saving /project/schirris/tiled_data_large/case-PD18734a/pid_YID130_tile_grid_extractor_585.pt
[ 2020-10-05 15:57:07.325061 ] 	 [ 80 / 257 ] 	 Saving /project/schirris/tiled_data_large/case-PD6417a/pid_YID124_tile_grid_extractor_585.pt
[ 2020-10-05 15:57:16.960469 ] 	 [ 81 / 257 ] 	 Saving /project/schirris/tiled_data_large/case-PD5960a/pid_YID126_tile_grid_extractor_585.pt
[ 2020-10-05 15:57:25.906056 ] 	 [ 82 / 257 ] 	 Saving /project/schirris/tiled_data_large/case-PD8977a/pid_YID104_tile_grid_extractor_585.pt
[ 2020-10-05 15:57:36.211695 ] 	 [ 83 / 257 ] 	 Saving /project/schirris/tiled_data_large/case-PD4976a/pid_YID045_tile_grid_extractor_585.pt
[ 2020-10-05 15:57:41.547050 ] 	 [ 84 / 257 ] 	 Saving /project/schirris/tiled_data_large/case-PD18259a/pid_YID202_tile_grid_extractor_585.pt
[ 2020-10-05 15:57:44.169415 ] 	 [ 85 / 257 ] 	 Saving /project/schirris/tiled_data_large/case-PD9589a/pid_YID097_tile_grid_extractor_585.pt
[ 2020-10-05 15:57:48.943627 ] 	 [ 86 / 257 ] 	 Saving /project/schirris/tiled_data_large/case-PD9579a/pid_YID044_tile_grid_extractor_585.pt
[ 2020-10-05 15:58:00.450871 ] 	 [ 87 / 257 ] 	 Saving /project/schirris/tiled_data_large/case-PD13761a/pid_YID107_tile_grid_extractor_585.pt
[ 2020-10-05 15:58:08.902859 ] 	 [ 88 / 257 ] 	 Saving /project/schirris/tiled_data_large/case-PD11374a/pid_YID182_tile_grid_extractor_585.pt
[ 2020-10-05 15:58:12.520529 ] 	 [ 89 / 257 ] 	 Saving /project/schirris/tiled_data_large/case-PD9592a/pid_YID062_tile_grid_extractor_585.pt
[ 2020-10-05 15:58:15.221300 ] 	 [ 90 / 257 ] 	 Saving /project/schirris/tiled_data_large/case-PD5959a/pid_YID194_tile_grid_extractor_585.pt
[ 2020-10-05 15:58:32.863126 ] 	 [ 91 / 257 ] 	 Saving /project/schirris/tiled_data_large/case-PD10011a/pid_YID048_tile_grid_extractor_585.pt
[ 2020-10-05 15:58:41.359542 ] 	 [ 92 / 257 ] 	 Saving /project/schirris/tiled_data_large/case-PD8618a/pid_YID234_tile_grid_extractor_585.pt
[ 2020-10-05 15:58:45.148047 ] 	 [ 93 / 257 ] 	 Saving /project/schirris/tiled_data_large/case-PD9599a/pid_YID109_tile_grid_extractor_585.pt
[ 2020-10-05 15:59:03.198822 ] 	 [ 94 / 257 ] 	 Saving /project/schirris/tiled_data_large/case-PD11384a/pid_YID034_tile_grid_extractor_585.pt
[ 2020-10-05 15:59:29.754079 ] 	 [ 95 / 257 ] 	 Saving /project/schirris/tiled_data_large/case-PD4604a/pid_YID128_tile_grid_extractor_585.pt
[ 2020-10-05 15:59:55.570197 ] 	 [ 96 / 257 ] 	 Saving /project/schirris/tiled_data_large/case-PD9544a/pid_YID114_tile_grid_extractor_585.pt
[ 2020-10-05 15:59:57.396976 ] 	 [ 97 / 257 ] 	 Saving /project/schirris/tiled_data_large/case-PD9593a/pid_YID210_tile_grid_extractor_585.pt
[ 2020-10-05 16:00:22.446627 ] 	 [ 98 / 257 ] 	 Saving /project/schirris/tiled_data_large/case-PD7215a/pid_YID011_tile_grid_extractor_585.pt
[ 2020-10-05 16:00:28.778734 ] 	 [ 99 / 257 ] 	 Saving /project/schirris/tiled_data_large/case-PD4833a/pid_YID239_tile_grid_extractor_585.pt
[ 2020-10-05 16:00:45.302132 ] 	 [ 100 / 257 ] 	 Saving /project/schirris/tiled_data_large/case-PD4833a/pid_YID177_tile_grid_extractor_585.pt
[ 2020-10-05 16:00:51.287907 ] 	 [ 101 / 257 ] 	 Saving /project/schirris/tiled_data_large/case-PD13629a/pid_YID152_tile_grid_extractor_585.pt
[ 2020-10-05 16:00:53.829104 ] 	 [ 102 / 257 ] 	 Saving /project/schirris/tiled_data_large/case-PD11375a/pid_YID251_tile_grid_extractor_585.pt
[ 2020-10-05 16:00:54.903119 ] 	 [ 103 / 257 ] 	 Saving /project/schirris/tiled_data_large/case-PD8620a/pid_YID095_tile_grid_extractor_585.pt
[ 2020-10-05 16:01:05.113380 ] 	 [ 104 / 257 ] 	 Saving /project/schirris/tiled_data_large/case-PD13428a/pid_YID157_tile_grid_extractor_585.pt
[ 2020-10-05 16:01:06.533273 ] 	 [ 105 / 257 ] 	 Saving /project/schirris/tiled_data_large/case-PD9606a/pid_YID129_tile_grid_extractor_585.pt
[ 2020-10-05 16:01:23.600236 ] 	 [ 106 / 257 ] 	 Saving /project/schirris/tiled_data_large/case-PD8978a/pid_YID175_tile_grid_extractor_585.pt
[ 2020-10-05 16:01:41.661120 ] 	 [ 107 / 257 ] 	 Saving /project/schirris/tiled_data_large/case-PD8979a/pid_YID136_tile_grid_extractor_585.pt
[ 2020-10-05 16:01:44.949306 ] 	 [ 108 / 257 ] 	 Saving /project/schirris/tiled_data_large/case-PD9597a/pid_YID143_tile_grid_extractor_585.pt
[ 2020-10-05 16:01:59.869792 ] 	 [ 109 / 257 ] 	 Saving /project/schirris/tiled_data_large/case-PD14441a/pid_YID030_tile_grid_extractor_585.pt
[ 2020-10-05 16:02:13.801173 ] 	 [ 110 / 257 ] 	 Saving /project/schirris/tiled_data_large/case-PD13619a/pid_YID195_tile_grid_extractor_585.pt
[ 2020-10-05 16:02:23.622493 ] 	 [ 111 / 257 ] 	 Saving /project/schirris/tiled_data_large/case-PD4957a/pid_YID217_tile_grid_extractor_585.pt
[ 2020-10-05 16:02:23.902530 ] 	 [ 112 / 257 ] 	 Saving /project/schirris/tiled_data_large/case-PD4845a/pid_YID170_tile_grid_extractor_585.pt
[ 2020-10-05 16:02:40.338492 ] 	 [ 113 / 257 ] 	 Saving /project/schirris/tiled_data_large/case-PD11391a/pid_YID123_tile_grid_extractor_585.pt
[ 2020-10-05 16:03:11.458136 ] 	 [ 114 / 257 ] 	 Saving /project/schirris/tiled_data_large/case-PD13625a/pid_YID166_tile_grid_extractor_585.pt
[ 2020-10-05 16:03:22.798637 ] 	 [ 115 / 257 ] 	 Saving /project/schirris/tiled_data_large/case-PD13623a/pid_YID151_tile_grid_extractor_585.pt
[ 2020-10-05 16:03:43.869642 ] 	 [ 116 / 257 ] 	 Saving /project/schirris/tiled_data_large/case-PD4970a/pid_YID060_tile_grid_extractor_585.pt
[ 2020-10-05 16:03:55.590426 ] 	 [ 117 / 257 ] 	 Saving /project/schirris/tiled_data_large/case-PD8828a/pid_YID224_tile_grid_extractor_585.pt
[ 2020-10-05 16:04:05.935681 ] 	 [ 118 / 257 ] 	 Saving /project/schirris/tiled_data_large/case-PD10010a/pid_YID041_tile_grid_extractor_585.pt
[ 2020-10-05 16:04:18.057340 ] 	 [ 119 / 257 ] 	 Saving /project/schirris/tiled_data_large/case-PD13768a/pid_YID020_tile_grid_extractor_585.pt
[ 2020-10-05 16:04:21.240521 ] 	 [ 120 / 257 ] 	 Saving /project/schirris/tiled_data_large/case-PD4841a/pid_YID014_tile_grid_extractor_585.pt
[ 2020-10-05 16:04:48.615083 ] 	 [ 121 / 257 ] 	 Saving /project/schirris/tiled_data_large/case-PD8982a/pid_YID056_tile_grid_extractor_585.pt
[ 2020-10-05 16:04:49.719594 ] 	 [ 122 / 257 ] 	 Saving /project/schirris/tiled_data_large/case-PD18037a/pid_YID205_tile_grid_extractor_585.pt
[ 2020-10-05 16:04:59.919148 ] 	 [ 123 / 257 ] 	 Saving /project/schirris/tiled_data_large/case-PD8660a/pid_YID053_tile_grid_extractor_585.pt
[ 2020-10-05 16:05:02.038328 ] 	 [ 124 / 257 ] 	 Saving /project/schirris/tiled_data_large/case-PD9578a/pid_YID161_tile_grid_extractor_585.pt
[ 2020-10-05 16:05:09.419276 ] 	 [ 125 / 257 ] 	 Saving /project/schirris/tiled_data_large/case-PD18775a/pid_YID149_tile_grid_extractor_585.pt
[ 2020-10-05 16:05:12.832386 ] 	 [ 126 / 257 ] 	 Saving /project/schirris/tiled_data_large/case-PD9754a/pid_YID070_tile_grid_extractor_585.pt
[ 2020-10-05 16:05:15.280027 ] 	 [ 127 / 257 ] 	 Saving /project/schirris/tiled_data_large/case-PD9063a/pid_YID058_tile_grid_extractor_585.pt
[ 2020-10-05 16:05:37.162176 ] 	 [ 128 / 257 ] 	 Saving /project/schirris/tiled_data_large/case-PD9541a/pid_YID186_tile_grid_extractor_585.pt
[ 2020-10-05 16:05:54.398832 ] 	 [ 129 / 257 ] 	 Saving /project/schirris/tiled_data_large/case-PD13419a/pid_YID068_tile_grid_extractor_585.pt
[ 2020-10-05 16:06:06.594485 ] 	 [ 130 / 257 ] 	 Saving /project/schirris/tiled_data_large/case-PD9065a/pid_YID146_tile_grid_extractor_585.pt
[ 2020-10-05 16:06:17.473073 ] 	 [ 131 / 257 ] 	 Saving /project/schirris/tiled_data_large/case-PD14432a/pid_YID085_tile_grid_extractor_585.pt
[ 2020-10-05 16:06:34.529749 ] 	 [ 132 / 257 ] 	 Saving /project/schirris/tiled_data_large/case-PD4266a/pid_YID015_tile_grid_extractor_585.pt
[ 2020-10-05 16:06:49.057543 ] 	 [ 133 / 257 ] 	 Saving /project/schirris/tiled_data_large/case-PD11372a/pid_YID171_tile_grid_extractor_585.pt
[ 2020-10-05 16:07:14.391684 ] 	 [ 134 / 257 ] 	 Saving /project/schirris/tiled_data_large/case-PD14439a/pid_YID144_tile_grid_extractor_585.pt
[ 2020-10-05 16:07:22.798480 ] 	 [ 135 / 257 ] 	 Saving /project/schirris/tiled_data_large/case-PD13416a/pid_YID042_tile_grid_extractor_585.pt
[ 2020-10-05 16:07:39.131449 ] 	 [ 136 / 257 ] 	 Saving /project/schirris/tiled_data_large/case-PD5964a/pid_YID055_tile_grid_extractor_585.pt
[ 2020-10-05 16:07:52.092201 ] 	 [ 137 / 257 ] 	 Saving /project/schirris/tiled_data_large/case-PD11368a/pid_YID122_tile_grid_extractor_585.pt
[ 2020-10-05 16:08:07.935842 ] 	 [ 138 / 257 ] 	 Saving /project/schirris/tiled_data_large/case-PD4959a/pid_YID071_tile_grid_extractor_585.pt
[ 2020-10-05 16:08:21.878869 ] 	 [ 139 / 257 ] 	 Saving /project/schirris/tiled_data_large/case-PD4967a/pid_YID215_tile_grid_extractor_585.pt
[ 2020-10-05 16:08:30.771573 ] 	 [ 140 / 257 ] 	 Saving /project/schirris/tiled_data_large/case-PD13424a/pid_YID033_tile_grid_extractor_585.pt
[ 2020-10-05 16:08:44.198474 ] 	 [ 141 / 257 ] 	 Saving /project/schirris/tiled_data_large/case-PD11397a/pid_YID079_tile_grid_extractor_585.pt
[ 2020-10-05 16:08:53.428323 ] 	 [ 142 / 257 ] 	 Saving /project/schirris/tiled_data_large/case-PD14437a/pid_YID073_tile_grid_extractor_585.pt
[ 2020-10-05 16:09:17.258970 ] 	 [ 143 / 257 ] 	 Saving /project/schirris/tiled_data_large/case-PD4985a/pid_YID115_tile_grid_extractor_585.pt
[ 2020-10-05 16:09:36.257045 ] 	 [ 144 / 257 ] 	 Saving /project/schirris/tiled_data_large/case-PD7240a/pid_YID189_tile_grid_extractor_585.pt
[ 2020-10-05 16:09:38.192715 ] 	 [ 145 / 257 ] 	 Saving /project/schirris/tiled_data_large/case-PD3989a/pid_YID231_tile_grid_extractor_585.pt
[ 2020-10-05 16:09:49.500194 ] 	 [ 146 / 257 ] 	 Saving /project/schirris/tiled_data_large/case-PD7219a/pid_YID235_tile_grid_extractor_585.pt
[ 2020-10-05 16:09:52.588776 ] 	 [ 147 / 257 ] 	 Saving /project/schirris/tiled_data_large/case-PD18022a/pid_YID209_tile_grid_extractor_585.pt
[ 2020-10-05 16:10:09.353388 ] 	 [ 148 / 257 ] 	 Saving /project/schirris/tiled_data_large/case-PD6406a/pid_YID061_tile_grid_extractor_585.pt
[ 2020-10-05 16:10:09.667900 ] 	 [ 149 / 257 ] 	 Saving /project/schirris/tiled_data_large/case-PD8965a/pid_YID001_tile_grid_extractor_585.pt
[ 2020-10-05 16:10:10.757961 ] 	 [ 150 / 257 ] 	 Saving /project/schirris/tiled_data_large/case-PD18017a/pid_YID075_tile_grid_extractor_585.pt
[ 2020-10-05 16:10:24.767514 ] 	 [ 151 / 257 ] 	 Saving /project/schirris/tiled_data_large/case-PD11361a/pid_YID190_tile_grid_extractor_585.pt
[ 2020-10-05 16:10:46.461934 ] 	 [ 152 / 257 ] 	 Saving /project/schirris/tiled_data_large/case-PD4958a/pid_YID176_tile_grid_extractor_585.pt
[ 2020-10-05 16:10:58.218423 ] 	 [ 153 / 257 ] 	 Saving /project/schirris/tiled_data_large/case-PD11386a/pid_YID165_tile_grid_extractor_585.pt
[ 2020-10-05 16:11:12.107899 ] 	 [ 154 / 257 ] 	 Saving /project/schirris/tiled_data_large/case-PD9844a/pid_YID118_tile_grid_extractor_585.pt
[ 2020-10-05 16:11:14.849598 ] 	 [ 155 / 257 ] 	 Saving /project/schirris/tiled_data_large/case-PD9067a/pid_YID009_tile_grid_extractor_585.pt
[ 2020-10-05 16:11:38.045375 ] 	 [ 156 / 257 ] 	 Saving /project/schirris/tiled_data_large/case-PD13626a/pid_YID083_tile_grid_extractor_585.pt
[ 2020-10-05 16:11:58.687626 ] 	 [ 157 / 257 ] 	 Saving /project/schirris/tiled_data_large/case-PD4975a/pid_YID125_tile_grid_extractor_585.pt
[ 2020-10-05 16:12:19.152025 ] 	 [ 158 / 257 ] 	 Saving /project/schirris/tiled_data_large/case-PD4975a/pid_YID172_tile_grid_extractor_585.pt
[ 2020-10-05 16:12:24.423373 ] 	 [ 159 / 257 ] 	 Saving /project/schirris/tiled_data_large/case-PD6409a/pid_YID148_tile_grid_extractor_585.pt
[ 2020-10-05 16:12:28.393153 ] 	 [ 160 / 257 ] 	 Saving /project/schirris/tiled_data_large/case-PD8612a/pid_YID081_tile_grid_extractor_585.pt
[ 2020-10-05 16:12:40.206908 ] 	 [ 161 / 257 ] 	 Saving /project/schirris/tiled_data_large/case-PD18730a/pid_YID232_tile_grid_extractor_585.pt
[ 2020-10-05 16:12:58.851147 ] 	 [ 162 / 257 ] 	 Saving /project/schirris/tiled_data_large/case-PD7221a/pid_YID236_tile_grid_extractor_585.pt
[ 2020-10-05 16:13:06.167194 ] 	 [ 163 / 257 ] 	 Saving /project/schirris/tiled_data_large/case-PD11394a/pid_YID207_tile_grid_extractor_585.pt
[ 2020-10-05 16:13:12.579565 ] 	 [ 164 / 257 ] 	 Saving /project/schirris/tiled_data_large/case-PD7214a/pid_YID018_tile_grid_extractor_585.pt
