INFO - SimCLR - Running command 'main'
INFO - SimCLR - Started run with ID "653"
## Aggregating vectors per patient in /home/yonis/histogenomics-msc-2019/yoni-code/MsiPrediction/metadata/tcga/brca_dx/data_tcga_brca_dxwith_ddr_labels_and_splits_dropna.csv
[ 2020-08-21 11:46:00.280351 ] 	 [ 0 / 1004 ] 	 Saving /project/yonis/tcga_brca_dx/tiled_data_large/case-3afa1e93-1df8-4e4c-aaa4-557463f4bb77/pid_5F087009-16E9-4A07-BA24-62340E108B17_tile_grid_extractor_585.pt
[ 2020-08-21 11:46:03.059762 ] 	 [ 1 / 1004 ] 	 Saving /project/yonis/tcga_brca_dx/tiled_data_large/case-3afa1e93-1df8-4e4c-aaa4-557463f4bb77/pid_90C93176-C3C6-41B3-B34B-B16F1A1779E6_tile_grid_extractor_585.pt
[ 2020-08-21 11:46:07.988425 ] 	 [ 2 / 1004 ] 	 Saving /project/yonis/tcga_brca_dx/tiled_data_large/case-d8492ebd-3d94-4a4b-8de7-386526691cc2/pid_FD19F2F8-497F-4D7D-97C6-271DC6B75173_tile_grid_extractor_585.pt
[ 2020-08-21 11:46:12.808497 ] 	 [ 3 / 1004 ] 	 Saving /project/yonis/tcga_brca_dx/tiled_data_large/case-6956473b-92e5-4069-a26b-b48e280e76f2/pid_4977531C-6003-4DA6-9925-30E2DA62C076_tile_grid_extractor_585.pt
[ 2020-08-21 11:46:17.273848 ] 	 [ 4 / 1004 ] 	 Saving /project/yonis/tcga_brca_dx/tiled_data_large/case-bb8d42d3-ad65-4d88-ae1d-f9aadfc7962d/pid_349F9BCA-C9F0-43B4-BA6A-D20039E1C720_tile_grid_extractor_585.pt
[ 2020-08-21 11:46:23.932346 ] 	 [ 5 / 1004 ] 	 Saving /project/yonis/tcga_brca_dx/tiled_data_large/case-aa30ac3d-4216-45dd-a314-1ae192fafcb2/pid_D81F1BDF-00DD-42A3-AFFE-55655A877213_tile_grid_extractor_585.pt
[ 2020-08-21 11:46:26.244019 ] 	 [ 6 / 1004 ] 	 Saving /project/yonis/tcga_brca_dx/tiled_data_large/case-0ec70e40-07df-461d-8ff9-351240a0d454/pid_21F2EA4A-4F31-43D6-A036-E20E326AF37E_tile_grid_extractor_585.pt
[ 2020-08-21 11:46:28.065420 ] 	 [ 7 / 1004 ] 	 Saving /project/yonis/tcga_brca_dx/tiled_data_large/case-e3fcbf94-d3ef-4a37-aa45-5297f96af9eb/pid_E8E1FC5C-9A4A-463F-81D7-E9A8AF43EAD9_tile_grid_extractor_585.pt
[ 2020-08-21 11:46:32.883325 ] 	 [ 8 / 1004 ] 	 Saving /project/yonis/tcga_brca_dx/tiled_data_large/case-8986a141-eae7-4157-b695-02cc6fc3b071/pid_05C126CD-CC10-44BF-9A68-6CDDE97272B2_tile_grid_extractor_585.pt
[ 2020-08-21 11:46:42.257970 ] 	 [ 9 / 1004 ] 	 Saving /project/yonis/tcga_brca_dx/tiled_data_large/case-451e1a67-47e6-4738-99d7-fb7771ef61a3/pid_02A55E9D-2AA9-497A-B481-85724EA813AD_tile_grid_extractor_585.pt
[ 2020-08-21 11:46:43.549988 ] 	 [ 10 / 1004 ] 	 Saving /project/yonis/tcga_brca_dx/tiled_data_large/case-7dcf550c-90ce-4f63-aecd-0e46897e2a3e/pid_8E0AE339-1047-4CA5-BFC5-37A3B10FD8B5_tile_grid_extractor_585.pt
[ 2020-08-21 11:46:46.937229 ] 	 [ 11 / 1004 ] 	 Saving /project/yonis/tcga_brca_dx/tiled_data_large/case-52c35691-efca-42f5-a03e-02c9f872275c/pid_A15F452B-1260-4106-86D1-05F00082F0CE_tile_grid_extractor_585.pt
[ 2020-08-21 11:46:54.972850 ] 	 [ 12 / 1004 ] 	 Saving /project/yonis/tcga_brca_dx/tiled_data_large/case-2476dda9-da2a-4242-9642-b92b8b9b1c79/pid_3463B12E-D1B0-4FB2-B257-BFD63BA2B6BF_tile_grid_extractor_585.pt
[ 2020-08-21 11:46:56.194790 ] 	 [ 13 / 1004 ] 	 Saving /project/yonis/tcga_brca_dx/tiled_data_large/case-8183f0fb-2303-4d7b-bccd-55e5031fc7df/pid_C4514189-E64F-4603-8970-230FA2BB77FC_tile_grid_extractor_585.pt
[ 2020-08-21 11:46:59.367317 ] 	 [ 14 / 1004 ] 	 Saving /project/yonis/tcga_brca_dx/tiled_data_large/case-d4a1ecdc-399c-4f82-aa7a-68a0c82ded3f/pid_9A3B34E5-25EF-4243-8680-FABF2F1CCDA9_tile_grid_extractor_585.pt
[ 2020-08-21 11:47:06.075755 ] 	 [ 15 / 1004 ] 	 Saving /project/yonis/tcga_brca_dx/tiled_data_large/case-e666081b-caaf-4e8b-9446-807be71201a5/pid_5A2F5C86-E1E7-445D-A4E3-29980FA37708_tile_grid_extractor_585.pt
[ 2020-08-21 11:47:12.562891 ] 	 [ 16 / 1004 ] 	 Saving /project/yonis/tcga_brca_dx/tiled_data_large/case-e7db08a7-b439-4230-8dc4-1b54af4736c4/pid_75BDFDF2-CD87-46D1-B32C-725741CB02BE_tile_grid_extractor_585.pt
[ 2020-08-21 11:47:15.233636 ] 	 [ 17 / 1004 ] 	 Saving /project/yonis/tcga_brca_dx/tiled_data_large/case-dd67408e-46ba-4573-9415-d4814e9f84de/pid_14f1f4c7-4e6e-4574-af20-60d2ab511b2a_tile_grid_extractor_585.pt
[ 2020-08-21 11:47:18.474576 ] 	 [ 18 / 1004 ] 	 Saving /project/yonis/tcga_brca_dx/tiled_data_large/case-2b19a6b4-7a17-4452-b4aa-6fc18adc0c3c/pid_FDF07020-8F40-4C00-9023-E5F40E0D8A7C_tile_grid_extractor_585.pt
[ 2020-08-21 11:47:24.078705 ] 	 [ 19 / 1004 ] 	 Saving /project/yonis/tcga_brca_dx/tiled_data_large/case-2b19a6b4-7a17-4452-b4aa-6fc18adc0c3c/pid_FDE2C80D-5DC4-4743-A180-C5AFC5BB0BE2_tile_grid_extractor_585.pt
[ 2020-08-21 11:47:26.568667 ] 	 [ 20 / 1004 ] 	 Saving /project/yonis/tcga_brca_dx/tiled_data_large/case-baf5e81f-2322-41ec-9053-b9559a7993bc/pid_6F263AB3-FB1D-4056-AEC2-4F163017324F_tile_grid_extractor_585.pt
[ 2020-08-21 11:47:33.038317 ] 	 [ 21 / 1004 ] 	 Saving /project/yonis/tcga_brca_dx/tiled_data_large/case-f45aa0b2-f3de-4db5-9730-e5c6c4e2ed3a/pid_0C59AC06-DD9B-413A-8A03-B71774F662FA_tile_grid_extractor_585.pt
[ 2020-08-21 11:47:41.958244 ] 	 [ 22 / 1004 ] 	 Saving /project/yonis/tcga_brca_dx/tiled_data_large/case-ec6930e5-2d83-435a-9a57-a2c5c22caf02/pid_70D7BBA0-214D-4D1A-933C-7CFCDA5416A3_tile_grid_extractor_585.pt
[ 2020-08-21 11:47:45.481325 ] 	 [ 23 / 1004 ] 	 Saving /project/yonis/tcga_brca_dx/tiled_data_large/case-9d95a65b-e41d-4f93-92d4-99dce29ff40d/pid_5AD1DB65-10E7-4996-AB5E-13D7851EC5FA_tile_grid_extractor_585.pt
[ 2020-08-21 11:47:51.399730 ] 	 [ 24 / 1004 ] 	 Saving /project/yonis/tcga_brca_dx/tiled_data_large/case-9d95a65b-e41d-4f93-92d4-99dce29ff40d/pid_E67322FB-ED25-4B85-B3B0-2B8BD277BB4A_tile_grid_extractor_585.pt
[ 2020-08-21 11:47:52.488751 ] 	 [ 25 / 1004 ] 	 Saving /project/yonis/tcga_brca_dx/tiled_data_large/case-e8ea576b-eb16-44f7-b241-daefc1375388/pid_38D4EBD7-40B0-4EE3-960A-1F00E8F83ADB_tile_grid_extractor_585.pt
[ 2020-08-21 11:47:54.913873 ] 	 [ 26 / 1004 ] 	 Saving /project/yonis/tcga_brca_dx/tiled_data_large/case-9de678e5-67ed-4453-a98b-7ac351d5d0f1/pid_48ADDD0B-527A-404C-B794-7D7D35BF861F_tile_grid_extractor_585.pt
[ 2020-08-21 11:47:56.549266 ] 	 [ 27 / 1004 ] 	 Saving /project/yonis/tcga_brca_dx/tiled_data_large/case-9de678e5-67ed-4453-a98b-7ac351d5d0f1/pid_81DDF423-FCA8-46CA-83A4-2E80B611844D_tile_grid_extractor_585.pt
[ 2020-08-21 11:48:04.562243 ] 	 [ 28 / 1004 ] 	 Saving /project/yonis/tcga_brca_dx/tiled_data_large/case-376ffe63-efd7-42af-90e1-261255b28bb7/pid_40D4FD67-FB13-46D9-A202-56A5791EA11C_tile_grid_extractor_585.pt
[ 2020-08-21 11:48:06.567835 ] 	 [ 29 / 1004 ] 	 Saving /project/yonis/tcga_brca_dx/tiled_data_large/case-389e5b18-8f89-41a9-9fa5-efd4172836e2/pid_346FF42B-2363-4B37-8884-12D5F841842C_tile_grid_extractor_585.pt
[ 2020-08-21 11:48:07.560123 ] 	 [ 30 / 1004 ] 	 Saving /project/yonis/tcga_brca_dx/tiled_data_large/case-389e5b18-8f89-41a9-9fa5-efd4172836e2/pid_88F3D934-96C2-4652-9450-90F2E302FF6D_tile_grid_extractor_585.pt
[ 2020-08-21 11:48:16.031099 ] 	 [ 31 / 1004 ] 	 Saving /project/yonis/tcga_brca_dx/tiled_data_large/case-b379bfb8-284e-4300-8325-85cfd6809cb8/pid_CD4A6FC2-BA8C-4E30-972A-E6CD1BEAD8AD_tile_grid_extractor_585.pt
[ 2020-08-21 11:48:17.535192 ] 	 [ 32 / 1004 ] 	 Saving /project/yonis/tcga_brca_dx/tiled_data_large/case-a45d296e-efc0-479e-b2f6-bad834668cdf/pid_321C0A32-ABF9-48ED-8071-C6B1774E9F7B_tile_grid_extractor_585.pt
[ 2020-08-21 11:48:24.910403 ] 	 [ 33 / 1004 ] 	 Saving /project/yonis/tcga_brca_dx/tiled_data_large/case-da286247-e8bb-4941-a2af-2453fe61cd02/pid_A31B2048-D04D-467C-A9E4-6A63942A58C6_tile_grid_extractor_585.pt
[ 2020-08-21 11:48:26.882778 ] 	 [ 34 / 1004 ] 	 Saving /project/yonis/tcga_brca_dx/tiled_data_large/case-a6e5f869-1182-4f81-b4bb-cf55261c8f3f/pid_66566DB7-661D-4002-90C1-B15BF3425903_tile_grid_extractor_585.pt
[ 2020-08-21 11:48:32.330031 ] 	 [ 35 / 1004 ] 	 Saving /project/yonis/tcga_brca_dx/tiled_data_large/case-a6e5f869-1182-4f81-b4bb-cf55261c8f3f/pid_4076A770-5901-4325-85C3-AF7B192272F5_tile_grid_extractor_585.pt
[ 2020-08-21 11:48:38.680981 ] 	 [ 36 / 1004 ] 	 Saving /project/yonis/tcga_brca_dx/tiled_data_large/case-a6e5f869-1182-4f81-b4bb-cf55261c8f3f/pid_19C6AA07-5D58-46CD-91D0-90DD5CC84022_tile_grid_extractor_585.pt
[ 2020-08-21 11:48:41.041076 ] 	 [ 37 / 1004 ] 	 Saving /project/yonis/tcga_brca_dx/tiled_data_large/case-a991644b-3ee6-4cda-acf0-e37de48a49fc/pid_074C48E5-ED69-40AE-8709-444898122BF4_tile_grid_extractor_585.pt
[ 2020-08-21 11:48:47.572153 ] 	 [ 38 / 1004 ] 	 Saving /project/yonis/tcga_brca_dx/tiled_data_large/case-02bf5203-f9cd-4c5a-97b4-e5584dc22325/pid_9BDD4BDE-2A07-4E0C-B146-87365CA9DE3A_tile_grid_extractor_585.pt
[ 2020-08-21 11:48:56.807795 ] 	 [ 39 / 1004 ] 	 Saving /project/yonis/tcga_brca_dx/tiled_data_large/case-30ec8b1f-28c4-4f46-8a1b-a8d51e558c7d/pid_90123A74-F631-4538-AB2E-4076486ADF88_tile_grid_extractor_585.pt
[ 2020-08-21 11:48:58.277597 ] 	 [ 40 / 1004 ] 	 Saving /project/yonis/tcga_brca_dx/tiled_data_large/case-d5be2ab3-f748-480d-954b-385cf01b4c81/pid_EB803DEC-438B-43A9-B906-FD7C3B9A0138_tile_grid_extractor_585.pt
[ 2020-08-21 11:49:02.591716 ] 	 [ 41 / 1004 ] 	 Saving /project/yonis/tcga_brca_dx/tiled_data_large/case-d5be2ab3-f748-480d-954b-385cf01b4c81/pid_85613A4F-1FFB-4091-B925-8E8A7C7A6D95_tile_grid_extractor_585.pt
[ 2020-08-21 11:49:04.242182 ] 	 [ 42 / 1004 ] 	 Saving /project/yonis/tcga_brca_dx/tiled_data_large/case-35bd694d-1dd2-466f-ab27-03320614b40e/pid_8CE9DCAB-98D3-4163-94AC-1557D86C1E25_tile_grid_extractor_585.pt
[ 2020-08-21 11:49:08.237404 ] 	 [ 43 / 1004 ] 	 Saving /project/yonis/tcga_brca_dx/tiled_data_large/case-42f6f503-4cf6-4a8e-b5fe-b44bccf6b38b/pid_10F6EEB2-C920-43FF-B5A7-B5A651CBDBE3_tile_grid_extractor_585.pt
[ 2020-08-21 11:49:11.629346 ] 	 [ 44 / 1004 ] 	 Saving /project/yonis/tcga_brca_dx/tiled_data_large/case-42f6f503-4cf6-4a8e-b5fe-b44bccf6b38b/pid_DBD0D81E-28FC-4466-BDE3-94753BD6CBEB_tile_grid_extractor_585.pt
[ 2020-08-21 11:49:13.260788 ] 	 [ 45 / 1004 ] 	 Saving /project/yonis/tcga_brca_dx/tiled_data_large/case-316e021c-5175-4ab3-bdb6-2bf9683f657a/pid_96D3628B-FB6E-4A41-A5E8-8896B0657F1C_tile_grid_extractor_585.pt
[ 2020-08-21 11:49:14.645516 ] 	 [ 46 / 1004 ] 	 Saving /project/yonis/tcga_brca_dx/tiled_data_large/case-43029932-feb0-4658-97fa-645c1e775009/pid_1118F9FE-6DF2-4496-B102-D3A10D332EC0_tile_grid_extractor_585.pt
[ 2020-08-21 11:49:18.169105 ] 	 [ 47 / 1004 ] 	 Saving /project/yonis/tcga_brca_dx/tiled_data_large/case-17f275c1-a0d4-487d-8f02-ea279584b4cd/pid_0043D2BB-B04D-4A44-AAB1-1CAAD97AC246_tile_grid_extractor_585.pt
[ 2020-08-21 11:49:22.486784 ] 	 [ 48 / 1004 ] 	 Saving /project/yonis/tcga_brca_dx/tiled_data_large/case-17f275c1-a0d4-487d-8f02-ea279584b4cd/pid_02321E77-A11E-41A5-95FE-BB897EA5CE58_tile_grid_extractor_585.pt
[ 2020-08-21 11:49:23.295680 ] 	 [ 49 / 1004 ] 	 Saving /project/yonis/tcga_brca_dx/tiled_data_large/case-0adf59c6-581a-475d-a2f4-40aa40060b5b/pid_4183BBA4-AF11-4602-9EC2-35083C34A393_tile_grid_extractor_585.pt
[ 2020-08-21 11:49:27.970264 ] 	 [ 50 / 1004 ] 	 Saving /project/yonis/tcga_brca_dx/tiled_data_large/case-97943d87-fed7-4f14-a0a7-c5bfee64c392/pid_41EB1BBC-F230-4E3F-8C4E-CE331CAF1935_tile_grid_extractor_585.pt
[ 2020-08-21 11:49:31.777973 ] 	 [ 51 / 1004 ] 	 Saving /project/yonis/tcga_brca_dx/tiled_data_large/case-d5e9a403-88ce-40fc-bb85-80cf3f8ff6bc/pid_E1C59487-9563-4501-845F-2067A0C5C59B_tile_grid_extractor_585.pt
[ 2020-08-21 11:49:41.407766 ] 	 [ 52 / 1004 ] 	 Saving /project/yonis/tcga_brca_dx/tiled_data_large/case-d5e9a403-88ce-40fc-bb85-80cf3f8ff6bc/pid_F81FA9EF-8129-4E17-A9AD-2B850782CC18_tile_grid_extractor_585.pt
[ 2020-08-21 11:49:42.675067 ] 	 [ 53 / 1004 ] 	 Saving /project/yonis/tcga_brca_dx/tiled_data_large/case-d7808cbc-4b8c-467b-b2c3-f48d05b9ecab/pid_D0AADCA6-C27C-4FB8-89C1-94B5901146E7_tile_grid_extractor_585.pt
[ 2020-08-21 11:49:47.368642 ] 	 [ 54 / 1004 ] 	 Saving /project/yonis/tcga_brca_dx/tiled_data_large/case-c49e3b18-fd88-48f4-8b01-300692ceb367/pid_5CB27A29-9951-40B9-B4DB-26A4D2EA89B8_tile_grid_extractor_585.pt
[ 2020-08-21 11:49:51.975296 ] 	 [ 55 / 1004 ] 	 Saving /project/yonis/tcga_brca_dx/tiled_data_large/case-97677fd7-8523-48c5-a8ce-614fd4010551/pid_1AEEFAAF-0906-4086-8022-13B689FAB9F5_tile_grid_extractor_585.pt
[ 2020-08-21 11:49:58.476183 ] 	 [ 56 / 1004 ] 	 Saving /project/yonis/tcga_brca_dx/tiled_data_large/case-26573441-eedb-4364-966c-e7f803deef19/pid_1A704471-FEB3-40F9-9838-3E347A18285F_tile_grid_extractor_585.pt
[ 2020-08-21 11:50:10.605214 ] 	 [ 57 / 1004 ] 	 Saving /project/yonis/tcga_brca_dx/tiled_data_large/case-733a2a0f-b37a-4b81-b49e-3c0f30d1eb37/pid_E01A4522-67B3-4FEF-BD6B-99DFED9E7C85_tile_grid_extractor_585.pt
[ 2020-08-21 11:50:24.999587 ] 	 [ 58 / 1004 ] 	 Saving /project/yonis/tcga_brca_dx/tiled_data_large/case-64f67506-f2df-4f0a-b7be-29b4949e986a/pid_EB430DDB-8FE9-4302-8829-53DBAD09E79F_tile_grid_extractor_585.pt
[ 2020-08-21 11:50:30.523514 ] 	 [ 59 / 1004 ] 	 Saving /project/yonis/tcga_brca_dx/tiled_data_large/case-0dd8dbc1-c48b-4e7c-b401-57101f724967/pid_36B83B37-2928-4DB7-A04A-8D511F1183FD_tile_grid_extractor_585.pt
[ 2020-08-21 11:50:34.662890 ] 	 [ 60 / 1004 ] 	 Saving /project/yonis/tcga_brca_dx/tiled_data_large/case-6b923e30-2ddc-407f-91b1-c202f1373fbb/pid_D71C7974-65F7-4EF0-8FFB-9F27CEC85242_tile_grid_extractor_585.pt
[ 2020-08-21 11:50:45.611175 ] 	 [ 61 / 1004 ] 	 Saving /project/yonis/tcga_brca_dx/tiled_data_large/case-3ea9412b-429e-4dcf-90cd-c53be06885a1/pid_250FE098-345B-4981-9236-0519E1C9058E_tile_grid_extractor_585.pt
[ 2020-08-21 11:50:47.795683 ] 	 [ 62 / 1004 ] 	 Saving /project/yonis/tcga_brca_dx/tiled_data_large/case-02bbb632-0f7f-439d-b8f0-c86a06237424/pid_A4D93E32-BBD7-45E4-8ACF-3724B059ECBC_tile_grid_extractor_585.pt
[ 2020-08-21 11:50:50.893049 ] 	 [ 63 / 1004 ] 	 Saving /project/yonis/tcga_brca_dx/tiled_data_large/case-86cf879e-3b40-44dd-aaa7-6f49f54a15d9/pid_8E665F69-FD8C-419A-871F-3AEE2E5A3A60_tile_grid_extractor_585.pt
[ 2020-08-21 11:50:56.894752 ] 	 [ 64 / 1004 ] 	 Saving /project/yonis/tcga_brca_dx/tiled_data_large/case-214a4507-d974-4b3e-8525-7408fccc6a0f/pid_6950CDDF-8A81-4B10-BFFF-BE0E33A2C6CC_tile_grid_extractor_585.pt
[ 2020-08-21 11:50:58.759287 ] 	 [ 65 / 1004 ] 	 Saving /project/yonis/tcga_brca_dx/tiled_data_large/case-d69e59a8-b10b-46f5-b859-b6c178d90506/pid_E26F2F62-D688-4373-BB7B-790A06734E49_tile_grid_extractor_585.pt
[ 2020-08-21 11:51:00.580380 ] 	 [ 66 / 1004 ] 	 Saving /project/yonis/tcga_brca_dx/tiled_data_large/case-d69e59a8-b10b-46f5-b859-b6c178d90506/pid_4B591117-5FC9-4B43-8A45-444CCCABC666_tile_grid_extractor_585.pt
[ 2020-08-21 11:51:07.368104 ] 	 [ 67 / 1004 ] 	 Saving /project/yonis/tcga_brca_dx/tiled_data_large/case-24046547-d038-4616-b190-52ac93f4965f/pid_fd100503-ba95-4af8-8e59-689b2cea145c_tile_grid_extractor_585.pt
[ 2020-08-21 11:51:09.406711 ] 	 [ 68 / 1004 ] 	 Saving /project/yonis/tcga_brca_dx/tiled_data_large/case-719082cc-1ebe-4a51-a659-85a59db1d77d/pid_C3BB7FEC-91B7-4B45-8DFC-36CABCC0FD57_tile_grid_extractor_585.pt
[ 2020-08-21 11:51:13.822755 ] 	 [ 69 / 1004 ] 	 Saving /project/yonis/tcga_brca_dx/tiled_data_large/case-a855c228-a263-44df-87a0-cbc32187e3f5/pid_745159F1-85E7-4CC0-B088-E1CA91916FB8_tile_grid_extractor_585.pt
[ 2020-08-21 11:51:23.784861 ] 	 [ 70 / 1004 ] 	 Saving /project/yonis/tcga_brca_dx/tiled_data_large/case-c836951b-3ffb-4e20-8504-0eccb7d50dd4/pid_87499CD4-E41C-46B1-AAF3-5CE881F2B8BC_tile_grid_extractor_585.pt
[ 2020-08-21 11:51:25.353747 ] 	 [ 71 / 1004 ] 	 Saving /project/yonis/tcga_brca_dx/tiled_data_large/case-993103b1-e5a1-4c33-8629-be53ebc41d64/pid_6750B72A-FEC7-49FA-8520-FCF101CA59AC_tile_grid_extractor_585.pt
[ 2020-08-21 11:51:39.813267 ] 	 [ 72 / 1004 ] 	 Saving /project/yonis/tcga_brca_dx/tiled_data_large/case-cd3faa15-743c-476f-ab0d-f205b14126b6/pid_C46C2937-868D-47B7-B9B9-E51F5433BE97_tile_grid_extractor_585.pt
[ 2020-08-21 11:51:44.055811 ] 	 [ 73 / 1004 ] 	 Saving /project/yonis/tcga_brca_dx/tiled_data_large/case-58c56d4b-3f85-4aad-a779-5f9e1791677d/pid_1C37E1FE-CF36-4570-A864-3813B8ADBA36_tile_grid_extractor_585.pt
[ 2020-08-21 11:51:47.098336 ] 	 [ 74 / 1004 ] 	 Saving /project/yonis/tcga_brca_dx/tiled_data_large/case-298d33da-15af-48cb-b30f-eaf54e7baa43/pid_FBA5E711-8275-45B3-BC20-5A786EE23548_tile_grid_extractor_585.pt
[ 2020-08-21 11:51:48.854051 ] 	 [ 75 / 1004 ] 	 Saving /project/yonis/tcga_brca_dx/tiled_data_large/case-452672e8-b6d9-45b5-bb02-e88e03e2dd66/pid_BF33B0F9-5786-4682-B59E-DCBD33D7BB03_tile_grid_extractor_585.pt
[ 2020-08-21 11:51:55.095697 ] 	 [ 76 / 1004 ] 	 Saving /project/yonis/tcga_brca_dx/tiled_data_large/case-d071c16b-7cee-45ed-8ec9-612418143815/pid_3986B545-63E8-4727-BCC1-701DE947D1FB_tile_grid_extractor_585.pt
[ 2020-08-21 11:51:56.341743 ] 	 [ 77 / 1004 ] 	 Saving /project/yonis/tcga_brca_dx/tiled_data_large/case-89c128b9-1c6b-4c04-a4af-7066772e783c/pid_88B354F2-5485-44AA-A057-89E40B988F69_tile_grid_extractor_585.pt
[ 2020-08-21 11:52:07.390318 ] 	 [ 78 / 1004 ] 	 Saving /project/yonis/tcga_brca_dx/tiled_data_large/case-1502c7d7-1535-4e56-9f34-30623acd50d5/pid_4DD3E48B-F434-499F-9FF1-0FFD2883A375_tile_grid_extractor_585.pt
[ 2020-08-21 11:52:18.396067 ] 	 [ 79 / 1004 ] 	 Saving /project/yonis/tcga_brca_dx/tiled_data_large/case-4f04bd10-9902-4a23-b15d-4f4409d79499/pid_B110ED43-08A4-476A-A658-1CA75F7C0DDE_tile_grid_extractor_585.pt
[ 2020-08-21 11:52:26.097356 ] 	 [ 80 / 1004 ] 	 Saving /project/yonis/tcga_brca_dx/tiled_data_large/case-ed6cef77-1bd9-4e3b-b576-550a91e4253a/pid_FFC2D5DB-E6D0-4143-A1E7-0A2027846C8C_tile_grid_extractor_585.pt
[ 2020-08-21 11:52:28.613996 ] 	 [ 81 / 1004 ] 	 Saving /project/yonis/tcga_brca_dx/tiled_data_large/case-00a2d166-78c9-4687-a195-3d6315c27574/pid_169CE39A-DD54-46D8-8D03-60B69A473CDB_tile_grid_extractor_585.pt
[ 2020-08-21 11:52:41.974537 ] 	 [ 82 / 1004 ] 	 Saving /project/yonis/tcga_brca_dx/tiled_data_large/case-89128dba-403f-4a96-bb3b-23ed0d5e2147/pid_FE769F5F-385B-4DCF-819A-735C98D84FA8_tile_grid_extractor_585.pt
[ 2020-08-21 11:52:47.940110 ] 	 [ 83 / 1004 ] 	 Saving /project/yonis/tcga_brca_dx/tiled_data_large/case-0b0f9938-ce1e-4814-8821-0132d137eb9e/pid_3E125146-B447-4973-AE09-6D374970B46C_tile_grid_extractor_585.pt
[ 2020-08-21 11:53:03.565070 ] 	 [ 84 / 1004 ] 	 Saving /project/yonis/tcga_brca_dx/tiled_data_large/case-c632675e-e8af-43cd-8744-5be3754c1c14/pid_22420EE2-4FEB-42F3-9547-4739F0F73D50_tile_grid_extractor_585.pt
[ 2020-08-21 11:53:11.216279 ] 	 [ 85 / 1004 ] 	 Saving /project/yonis/tcga_brca_dx/tiled_data_large/case-c3a981c7-f148-4252-bd50-af8a49ec0df8/pid_6B11331B-4A0D-4E13-B054-A5C7A6FC3AAC_tile_grid_extractor_585.pt
[ 2020-08-21 11:53:23.878383 ] 	 [ 86 / 1004 ] 	 Saving /project/yonis/tcga_brca_dx/tiled_data_large/case-5258294f-ef5b-4091-9183-6bcc545d54b2/pid_88B11AEB-11FA-4D23-BC21-378EF177E04B_tile_grid_extractor_585.pt
[ 2020-08-21 11:53:28.042427 ] 	 [ 87 / 1004 ] 	 Saving /project/yonis/tcga_brca_dx/tiled_data_large/case-298a1710-deb4-4064-a0f2-da32d43aa217/pid_A15CB3E2-E145-4C75-8FEA-1DD503CD7C20_tile_grid_extractor_585.pt
[ 2020-08-21 11:53:34.259857 ] 	 [ 88 / 1004 ] 	 Saving /project/yonis/tcga_brca_dx/tiled_data_large/case-3cb06c7a-f2a8-448b-91a8-dd201bbf2ddd/pid_E749C2FE-E26B-4306-80B4-8269EEB23270_tile_grid_extractor_585.pt
[ 2020-08-21 11:53:35.806144 ] 	 [ 89 / 1004 ] 	 Saving /project/yonis/tcga_brca_dx/tiled_data_large/case-d8d7a6c2-6427-4f47-968c-6c3affba4617/pid_416316FD-E8BF-402C-939A-08920F08A181_tile_grid_extractor_585.pt
[ 2020-08-21 11:53:42.722063 ] 	 [ 90 / 1004 ] 	 Saving /project/yonis/tcga_brca_dx/tiled_data_large/case-38dc3e09-0b0e-4a29-b318-cc0352013dae/pid_AEC25C62-0519-47ED-A85B-2A964BA2BA87_tile_grid_extractor_585.pt
[ 2020-08-21 11:53:45.756846 ] 	 [ 91 / 1004 ] 	 Saving /project/yonis/tcga_brca_dx/tiled_data_large/case-e17c565c-9857-4df3-a352-903b53093c85/pid_4DCDA545-B7E3-49DF-AB10-963E84BEB105_tile_grid_extractor_585.pt
[ 2020-08-21 11:53:57.113640 ] 	 [ 92 / 1004 ] 	 Saving /project/yonis/tcga_brca_dx/tiled_data_large/case-6f18f96e-c0c9-4cc4-9fb2-cba8949d5402/pid_A06BE284-B9DC-4B45-A202-A9D027AEEDD9_tile_grid_extractor_585.pt
[ 2020-08-21 11:54:03.700082 ] 	 [ 93 / 1004 ] 	 Saving /project/yonis/tcga_brca_dx/tiled_data_large/case-7455d832-ad66-40df-85d7-3a7051c4498d/pid_18123C1B-A0CC-4957-9373-5FFAB985C2E8_tile_grid_extractor_585.pt
[ 2020-08-21 11:54:20.600741 ] 	 [ 94 / 1004 ] 	 Saving /project/yonis/tcga_brca_dx/tiled_data_large/case-1ff85ada-3cdd-4afb-b311-2c7befb52702/pid_EF69B964-57D6-4F8E-A183-A3022AF6E835_tile_grid_extractor_585.pt
[ 2020-08-21 11:54:24.016749 ] 	 [ 95 / 1004 ] 	 Saving /project/yonis/tcga_brca_dx/tiled_data_large/case-64089c20-939f-48b4-ae8b-904ad0597145/pid_DFF60A40-B03D-438F-A233-06132A213619_tile_grid_extractor_585.pt
[ 2020-08-21 11:54:25.077693 ] 	 [ 96 / 1004 ] 	 Saving /project/yonis/tcga_brca_dx/tiled_data_large/case-e89a9deb-6321-4e61-b412-b4993d4277dd/pid_D9E1051F-724E-4E88-940A-C97005DC5BEB_tile_grid_extractor_585.pt
[ 2020-08-21 11:54:31.796848 ] 	 [ 97 / 1004 ] 	 Saving /project/yonis/tcga_brca_dx/tiled_data_large/case-074e8b06-3929-4896-9263-3b80ad6a355b/pid_317C3B19-0D0F-4315-AC2D-C741F09DD775_tile_grid_extractor_585.pt
[ 2020-08-21 11:54:40.580481 ] 	 [ 98 / 1004 ] 	 Saving /project/yonis/tcga_brca_dx/tiled_data_large/case-2e32f31f-9817-4935-b259-96c59936ee33/pid_AFE87067-2BFD-42C2-9334-9DDE8AB61B49_tile_grid_extractor_585.pt
[ 2020-08-21 11:54:49.776861 ] 	 [ 99 / 1004 ] 	 Saving /project/yonis/tcga_brca_dx/tiled_data_large/case-2021ed1f-dc75-4701-b8b8-1386466e4802/pid_21502FEA-DB37-4630-BA42-778DDF3A6D17_tile_grid_extractor_585.pt
[ 2020-08-21 11:54:54.983062 ] 	 [ 100 / 1004 ] 	 Saving /project/yonis/tcga_brca_dx/tiled_data_large/case-c8f39325-5382-447c-9291-a6915fc978b8/pid_A4A45393-9AE1-4370-8B92-CB85CDB04934_tile_grid_extractor_585.pt
[ 2020-08-21 11:55:02.057222 ] 	 [ 101 / 1004 ] 	 Saving /project/yonis/tcga_brca_dx/tiled_data_large/case-39cde586-df95-435f-b9a6-73b0c0ee5e92/pid_8F28BFC8-D37E-425F-A9E3-4C23F083237C_tile_grid_extractor_585.pt
[ 2020-08-21 11:55:11.139247 ] 	 [ 102 / 1004 ] 	 Saving /project/yonis/tcga_brca_dx/tiled_data_large/case-42e47f3a-dff7-41e4-8f84-146d97e8ab72/pid_ABF237D4-708C-46A5-AEF8-58712E5DCC04_tile_grid_extractor_585.pt
[ 2020-08-21 11:55:19.340812 ] 	 [ 103 / 1004 ] 	 Saving /project/yonis/tcga_brca_dx/tiled_data_large/case-42e47f3a-dff7-41e4-8f84-146d97e8ab72/pid_F36D68F2-70C3-4E0E-ABE6-6969170BA6DC_tile_grid_extractor_585.pt
[ 2020-08-21 11:55:27.885410 ] 	 [ 104 / 1004 ] 	 Saving /project/yonis/tcga_brca_dx/tiled_data_large/case-ef1b3332-cd7f-41bb-a2d3-2538e7becc5c/pid_F221939B-3680-4B95-93A9-BE8599550E87_tile_grid_extractor_585.pt
[ 2020-08-21 11:55:39.636764 ] 	 [ 105 / 1004 ] 	 Saving /project/yonis/tcga_brca_dx/tiled_data_large/case-cd7fb75e-1c2e-4201-86d3-b3ba21f476bf/pid_C828A160-87DF-4625-A8C5-2057F61D54F4_tile_grid_extractor_585.pt
[ 2020-08-21 11:55:49.548060 ] 	 [ 106 / 1004 ] 	 Saving /project/yonis/tcga_brca_dx/tiled_data_large/case-cd7fb75e-1c2e-4201-86d3-b3ba21f476bf/pid_0D169898-37C6-44CA-AC87-27887123AA6F_tile_grid_extractor_585.pt
[ 2020-08-21 11:56:01.904891 ] 	 [ 107 / 1004 ] 	 Saving /project/yonis/tcga_brca_dx/tiled_data_large/case-cd7fb75e-1c2e-4201-86d3-b3ba21f476bf/pid_5F9215C3-E407-46F8-968E-503D7D14605C_tile_grid_extractor_585.pt
[ 2020-08-21 11:56:14.564027 ] 	 [ 108 / 1004 ] 	 Saving /project/yonis/tcga_brca_dx/tiled_data_large/case-cd7fb75e-1c2e-4201-86d3-b3ba21f476bf/pid_83B45D6C-E350-4436-812F-4155D9F7D331_tile_grid_extractor_585.pt
[ 2020-08-21 11:56:25.624641 ] 	 [ 109 / 1004 ] 	 Saving /project/yonis/tcga_brca_dx/tiled_data_large/case-7b892055-c59d-4550-8688-ad039790af3d/pid_16B6A817-6729-446E-9FCF-A4A333C5295D_tile_grid_extractor_585.pt
[ 2020-08-21 11:56:34.929835 ] 	 [ 110 / 1004 ] 	 Saving /project/yonis/tcga_brca_dx/tiled_data_large/case-71f97b63-c970-44ee-98c2-e02e663d5a40/pid_DE722DC5-859D-4866-ADCC-ED98EDBFB588_tile_grid_extractor_585.pt
[ 2020-08-21 11:56:43.079385 ] 	 [ 111 / 1004 ] 	 Saving /project/yonis/tcga_brca_dx/tiled_data_large/case-e9a12df9-024e-4cbc-b6bf-e4e87485fa90/pid_2B8904A9-6A45-4FFD-AF15-EB81773E5B79_tile_grid_extractor_585.pt
[ 2020-08-21 11:56:47.580182 ] 	 [ 112 / 1004 ] 	 Saving /project/yonis/tcga_brca_dx/tiled_data_large/case-b8a615f9-d19b-4b09-8ec8-0674e5c648cd/pid_8E50110E-A6C0-496F-B44E-7190096C113E_tile_grid_extractor_585.pt
[ 2020-08-21 11:56:53.675615 ] 	 [ 113 / 1004 ] 	 Saving /project/yonis/tcga_brca_dx/tiled_data_large/case-0dc337fa-da8b-42c4-b9a7-fb76d81c161f/pid_5E9B85AE-AFB7-41DC-8A1B-BD6DA39B6540_tile_grid_extractor_585.pt
[ 2020-08-21 11:56:56.893335 ] 	 [ 114 / 1004 ] 	 Saving /project/yonis/tcga_brca_dx/tiled_data_large/case-3e25056d-d137-49f5-abaa-f68509426600/pid_882AF4CE-62A1-4808-9B4B-780066E5E602_tile_grid_extractor_585.pt
[ 2020-08-21 11:57:03.037209 ] 	 [ 115 / 1004 ] 	 Saving /project/yonis/tcga_brca_dx/tiled_data_large/case-72cd1b17-d349-4551-83f7-3062ce9db865/pid_1CF2EC2D-C722-467F-8832-409B823E8D8F_tile_grid_extractor_585.pt
[ 2020-08-21 11:57:14.972247 ] 	 [ 116 / 1004 ] 	 Saving /project/yonis/tcga_brca_dx/tiled_data_large/case-0a229f95-0ea1-4d63-953e-74f5ec2f3028/pid_52E3DCE8-32E3-45C0-AB54-7FA0A2F3F722_tile_grid_extractor_585.pt
[ 2020-08-21 11:57:26.348000 ] 	 [ 117 / 1004 ] 	 Saving /project/yonis/tcga_brca_dx/tiled_data_large/case-00807dae-9f4a-4fd1-aac2-82eb11bf2afb/pid_F7E7B945-2ADC-4741-8FCE-ACEA657DB9C7_tile_grid_extractor_585.pt
[ 2020-08-21 11:57:28.641865 ] 	 [ 118 / 1004 ] 	 Saving /project/yonis/tcga_brca_dx/tiled_data_large/case-8785012f-f73e-4d68-87cf-1d804af32782/pid_D206783C-FA6A-4B6A-B3AA-4132A2C9626B_tile_grid_extractor_585.pt
[ 2020-08-21 11:57:32.163422 ] 	 [ 119 / 1004 ] 	 Saving /project/yonis/tcga_brca_dx/tiled_data_large/case-8785012f-f73e-4d68-87cf-1d804af32782/pid_8165A362-6A08-4BFD-9428-7EEB6C59D7F1_tile_grid_extractor_585.pt
[ 2020-08-21 11:57:39.023026 ] 	 [ 120 / 1004 ] 	 Saving /project/yonis/tcga_brca_dx/tiled_data_large/case-64975923-d032-4182-8565-59fc37127d8d/pid_9E4DEEEB-AB0A-45F6-A69B-65B3E6F22D46_tile_grid_extractor_585.pt
[ 2020-08-21 11:57:45.493037 ] 	 [ 121 / 1004 ] 	 Saving /project/yonis/tcga_brca_dx/tiled_data_large/case-02bed00f-bef7-4fb7-b243-540354990e45/pid_CD1E9C46-18A3-466B-AA0B-24F3055FA851_tile_grid_extractor_585.pt
[ 2020-08-21 11:57:54.544615 ] 	 [ 122 / 1004 ] 	 Saving /project/yonis/tcga_brca_dx/tiled_data_large/case-f02931f8-d72a-481d-b532-8b141dab115f/pid_64048633-1D1A-4074-8C50-7641159355DB_tile_grid_extractor_585.pt
[ 2020-08-21 11:57:58.704316 ] 	 [ 123 / 1004 ] 	 Saving /project/yonis/tcga_brca_dx/tiled_data_large/case-c2aeee6c-ba10-4cf9-b560-c739580f7bf3/pid_8BD324F2-60F5-4F59-AF2D-533A5FB230BF_tile_grid_extractor_585.pt
[ 2020-08-21 11:58:00.299532 ] 	 [ 124 / 1004 ] 	 Saving /project/yonis/tcga_brca_dx/tiled_data_large/case-3828b534-908e-4953-a3fb-07d01cf49c7d/pid_97CCDA89-AB73-4F05-A900-668160227B78_tile_grid_extractor_585.pt
[ 2020-08-21 11:58:03.753589 ] 	 [ 125 / 1004 ] 	 Saving /project/yonis/tcga_brca_dx/tiled_data_large/case-c0f88fc5-56b0-4255-bbd1-9a21ced8b37b/pid_81D5544E-0A7D-4A92-A3B0-4F22CFB8BBB2_tile_grid_extractor_585.pt
[ 2020-08-21 11:58:17.004783 ] 	 [ 126 / 1004 ] 	 Saving /project/yonis/tcga_brca_dx/tiled_data_large/case-bfa3dbc0-361c-400e-8c10-0aca7049fce9/pid_CE2D4FEA-284C-44AF-A70F-7956D91CCB29_tile_grid_extractor_585.pt
[ 2020-08-21 11:58:26.110767 ] 	 [ 127 / 1004 ] 	 Saving /project/yonis/tcga_brca_dx/tiled_data_large/case-bfa3dbc0-361c-400e-8c10-0aca7049fce9/pid_4E0D2E4E-5662-4305-8FC2-C651CDDA4998_tile_grid_extractor_585.pt
[ 2020-08-21 11:58:27.599693 ] 	 [ 128 / 1004 ] 	 Saving /project/yonis/tcga_brca_dx/tiled_data_large/case-5f5964a8-8e07-4620-98f0-93d162dbc31e/pid_BC87C01D-F081-41CA-939A-875C61588E88_tile_grid_extractor_585.pt
[ 2020-08-21 11:58:29.818390 ] 	 [ 129 / 1004 ] 	 Saving /project/yonis/tcga_brca_dx/tiled_data_large/case-747083ff-0703-431b-aad4-f2adff739516/pid_DB2B5819-CE83-4E07-BD03-2CD9CF2E246C_tile_grid_extractor_585.pt
[ 2020-08-21 11:58:35.374123 ] 	 [ 130 / 1004 ] 	 Saving /project/yonis/tcga_brca_dx/tiled_data_large/case-baf2afc8-f16c-488f-947c-efc9083c6bef/pid_E688E270-26C9-43EC-BC26-86BF8B74A31D_tile_grid_extractor_585.pt
[ 2020-08-21 11:58:43.142547 ] 	 [ 131 / 1004 ] 	 Saving /project/yonis/tcga_brca_dx/tiled_data_large/case-baf2afc8-f16c-488f-947c-efc9083c6bef/pid_9BDB647F-EEAB-4235-BE44-A3815A48CCE0_tile_grid_extractor_585.pt
[ 2020-08-21 11:58:51.551093 ] 	 [ 132 / 1004 ] 	 Saving /project/yonis/tcga_brca_dx/tiled_data_large/case-b804f7ae-da8f-4414-be11-f880f1859160/pid_60ED7BBF-A448-4E4E-80F9-91527A697588_tile_grid_extractor_585.pt
[ 2020-08-21 11:58:53.616558 ] 	 [ 133 / 1004 ] 	 Saving /project/yonis/tcga_brca_dx/tiled_data_large/case-67c5f371-3fa9-47c5-8b15-c2dd9acc8519/pid_00B8BFFF-F1E2-4F99-A969-8DD7EE4F8E0B_tile_grid_extractor_585.pt
[ 2020-08-21 11:59:02.769994 ] 	 [ 134 / 1004 ] 	 Saving /project/yonis/tcga_brca_dx/tiled_data_large/case-9435447e-d65f-408b-863b-6576b1d652dd/pid_79A8816D-961F-4D79-90B4-341919297A90_tile_grid_extractor_585.pt
[ 2020-08-21 11:59:09.982226 ] 	 [ 135 / 1004 ] 	 Saving /project/yonis/tcga_brca_dx/tiled_data_large/case-2e538802-2a31-4774-89a8-c6e4381a887d/pid_9ECB0B8A-EF4E-45A9-82AC-EF36375DEF65_tile_grid_extractor_585.pt
[ 2020-08-21 11:59:18.955813 ] 	 [ 136 / 1004 ] 	 Saving /project/yonis/tcga_brca_dx/tiled_data_large/case-16368c32-2118-4fcf-8693-6c89995e49d8/pid_AB717348-F964-4F29-BBE2-972B7C640432_tile_grid_extractor_585.pt
[ 2020-08-21 11:59:26.026513 ] 	 [ 137 / 1004 ] 	 Saving /project/yonis/tcga_brca_dx/tiled_data_large/case-87f03d04-e651-4a6e-aea6-1c946aa46202/pid_3C9CD4F7-A001-430D-AA8D-80CAD61C344E_tile_grid_extractor_585.pt
[ 2020-08-21 11:59:29.509307 ] 	 [ 138 / 1004 ] 	 Saving /project/yonis/tcga_brca_dx/tiled_data_large/case-58959e88-54e2-4558-9664-2effda7403dc/pid_FA785D56-B4FF-4CC3-A631-5C748E8E0558_tile_grid_extractor_585.pt
[ 2020-08-21 11:59:41.363957 ] 	 [ 139 / 1004 ] 	 Saving /project/yonis/tcga_brca_dx/tiled_data_large/case-ca20249f-b7ea-4fd9-9ecb-34f74755ae35/pid_671E2AD6-4D1A-4579-88C1-5B0B15818126_tile_grid_extractor_585.pt
[ 2020-08-21 11:59:44.648552 ] 	 [ 140 / 1004 ] 	 Saving /project/yonis/tcga_brca_dx/tiled_data_large/case-af2a8e2f-2ae1-48bc-bba5-0e2c077c4e48/pid_355D93B4-E69E-417C-B3D1-3E1AAF1E02FE_tile_grid_extractor_585.pt
[ 2020-08-21 11:59:52.719731 ] 	 [ 141 / 1004 ] 	 Saving /project/yonis/tcga_brca_dx/tiled_data_large/case-86b7b206-8e69-432d-acc9-bccce710955e/pid_E3DDBAAF-6FFA-40BE-83FF-942857CFED5D_tile_grid_extractor_585.pt
[ 2020-08-21 12:00:00.955787 ] 	 [ 142 / 1004 ] 	 Saving /project/yonis/tcga_brca_dx/tiled_data_large/case-caa9b533-24b4-4ecd-9159-c165de049f6a/pid_68B4F49D-9F81-4501-BC66-0349012077C8_tile_grid_extractor_585.pt
[ 2020-08-21 12:00:03.878750 ] 	 [ 143 / 1004 ] 	 Saving /project/yonis/tcga_brca_dx/tiled_data_large/case-89a8da07-4487-47c6-8d3c-442a87e4f632/pid_823062BF-3444-489B-AF91-AAD4ECAA1DC7_tile_grid_extractor_585.pt
[ 2020-08-21 12:00:06.310924 ] 	 [ 144 / 1004 ] 	 Saving /project/yonis/tcga_brca_dx/tiled_data_large/case-3efa245d-177d-4ef9-94f7-f554c54e345e/pid_CA64E221-E2A8-42B5-B611-25B9FE5FB0B0_tile_grid_extractor_585.pt
[ 2020-08-21 12:00:09.283674 ] 	 [ 145 / 1004 ] 	 Saving /project/yonis/tcga_brca_dx/tiled_data_large/case-d2f2560c-ec80-4fea-9474-c47a2e85ea95/pid_7C9FEC7B-6040-4C58-9563-D10C0D7AC72E_tile_grid_extractor_585.pt
[ 2020-08-21 12:00:14.547117 ] 	 [ 146 / 1004 ] 	 Saving /project/yonis/tcga_brca_dx/tiled_data_large/case-4b620966-b4c7-4615-bf58-ca9d3226b9bd/pid_7F252D89-EA78-419F-A969-1B7313D77499_tile_grid_extractor_585.pt
[ 2020-08-21 12:00:27.522610 ] 	 [ 147 / 1004 ] 	 Saving /project/yonis/tcga_brca_dx/tiled_data_large/case-0b23b5fe-6c7e-4297-bc55-f93fcb830ac4/pid_F6E2FD1C-0666-4788-8D95-A76D15907270_tile_grid_extractor_585.pt
[ 2020-08-21 12:00:38.544009 ] 	 [ 148 / 1004 ] 	 Saving /project/yonis/tcga_brca_dx/tiled_data_large/case-0b23b5fe-6c7e-4297-bc55-f93fcb830ac4/pid_31F47D8F-DFD7-42AE-BBBA-7DBBA12FA97D_tile_grid_extractor_585.pt
[ 2020-08-21 12:00:47.966459 ] 	 [ 149 / 1004 ] 	 Saving /project/yonis/tcga_brca_dx/tiled_data_large/case-2fdfd287-d13c-4910-9788-73987d45908a/pid_305CF011-7451-4880-9A5D-AB4432CF53A5_tile_grid_extractor_585.pt
[ 2020-08-21 12:00:50.505267 ] 	 [ 150 / 1004 ] 	 Saving /project/yonis/tcga_brca_dx/tiled_data_large/case-8c7e74e0-71ef-49b8-9217-94b8ef740ef9/pid_1E1262AE-A32D-4814-94A5-D951CA8BA35D_tile_grid_extractor_585.pt
[ 2020-08-21 12:00:52.814741 ] 	 [ 151 / 1004 ] 	 Saving /project/yonis/tcga_brca_dx/tiled_data_large/case-8c7e74e0-71ef-49b8-9217-94b8ef740ef9/pid_891954FF-316A-4562-AA14-429631944F22_tile_grid_extractor_585.pt
[ 2020-08-21 12:00:59.103934 ] 	 [ 152 / 1004 ] 	 Saving /project/yonis/tcga_brca_dx/tiled_data_large/case-30047d32-0833-4aca-98d1-3b9ab7122863/pid_563E9160-9E09-4E3F-8CE9-FFED0AA52927_tile_grid_extractor_585.pt
[ 2020-08-21 12:01:03.971704 ] 	 [ 153 / 1004 ] 	 Saving /project/yonis/tcga_brca_dx/tiled_data_large/case-8d5fe6e8-d2cc-481f-a6a1-9cb6e7982cde/pid_F24495CB-63D8-483F-9834-F761E3F16BF0_tile_grid_extractor_585.pt
[ 2020-08-21 12:01:15.805907 ] 	 [ 154 / 1004 ] 	 Saving /project/yonis/tcga_brca_dx/tiled_data_large/case-3f834fa7-6d7b-4b85-98c0-5c55d55b6c95/pid_E6C4E5C0-338C-481D-B691-0385E8D090B1_tile_grid_extractor_585.pt
